14:35:50 **** Clean-only build of configuration Debug for project G_code_stepper_motor ****
make -j12 clean 
rm -rf ./Drivers/STM32F4xx_HAL_Driver/Src/stm32f4xx_hal.d ./Drivers/STM32F4xx_HAL_Driver/Src/stm32f4xx_hal.o ./Drivers/STM32F4xx_HAL_Driver/Src/stm32f4xx_hal.su ./Drivers/STM32F4xx_HAL_Driver/Src/stm32f4xx_hal_cortex.d ./Drivers/STM32F4xx_HAL_Driver/Src/stm32f4xx_hal_cortex.o ./Drivers/STM32F4xx_HAL_Driver/Src/stm32f4xx_hal_cortex.su ./Drivers/STM32F4xx_HAL_Driver/Src/stm32f4xx_hal_dma.d ./Drivers/STM32F4xx_HAL_Driver/Src/stm32f4xx_hal_dma.o ./Drivers/STM32F4xx_HAL_Driver/Src/stm32f4xx_hal_dma.su ./Drivers/STM32F4xx_HAL_Driver/Src/stm32f4xx_hal_dma_ex.d ./Drivers/STM32F4xx_HAL_Driver/Src/stm32f4xx_hal_dma_ex.o ./Drivers/STM32F4xx_HAL_Driver/Src/stm32f4xx_hal_dma_ex.su ./Drivers/STM32F4xx_HAL_Driver/Src/stm32f4xx_hal_exti.d ./Drivers/STM32F4xx_HAL_Driver/Src/stm32f4xx_hal_exti.o ./Drivers/STM32F4xx_HAL_Driver/Src/stm32f4xx_hal_exti.su ./Drivers/STM32F4xx_HAL_Driver/Src/stm32f4xx_hal_flash.d ./Drivers/STM32F4xx_HAL_Driver/Src/stm32f4xx_hal_flash.o ./Drivers/STM32F4xx_HAL_Driver/Src/stm32f4xx_hal_flash.su ./Drivers/STM32F4xx_HAL_Driver/Src/stm32f4xx_hal_flash_ex.d ./Drivers/STM32F4xx_HAL_Driver/Src/stm32f4xx_hal_flash_ex.o ./Drivers/STM32F4xx_HAL_Driver/Src/stm32f4xx_hal_flash_ex.su ./Drivers/STM32F4xx_HAL_Driver/Src/stm32f4xx_hal_flash_ramfunc.d ./Drivers/STM32F4xx_HAL_Driver/Src/stm32f4xx_hal_flash_ramfunc.o ./Drivers/STM32F4xx_HAL_Driver/Src/stm32f4xx_hal_flash_ramfunc.su ./Drivers/STM32F4xx_HAL_Driver/Src/stm32f4xx_hal_gpio.d ./Drivers/STM32F4xx_HAL_Driver/Src/stm32f4xx_hal_gpio.o ./Drivers/STM32F4xx_HAL_Driver/Src/stm32f4xx_hal_gpio.su ./Drivers/STM32F4xx_HAL_Driver/Src/stm32f4xx_hal_pwr.d ./Drivers/STM32F4xx_HAL_Driver/Src/stm32f4xx_hal_pwr.o ./Drivers/STM32F4xx_HAL_Driver/Src/stm32f4xx_hal_pwr.su ./Drivers/STM32F4xx_HAL_Driver/Src/stm32f4xx_hal_pwr_ex.d ./Drivers/STM32F4xx_HAL_Driver/Src/stm32f4xx_hal_pwr_ex.o ./Drivers/STM32F4xx_HAL_Driver/Src/stm32f4xx_hal_pwr_ex.su ./Drivers/STM32F4xx_HAL_Driver/Src/stm32f4xx_hal_rcc.d ./Drivers/STM32F4xx_HAL_Driver/Src/stm32f4xx_hal_rcc.o ./Drivers/STM32F4xx_HAL_Driver/Src/stm32f4xx_hal_rcc.su ./Drivers/STM32F4xx_HAL_Driver/Src/stm32f4xx_hal_rcc_ex.d ./Drivers/STM32F4xx_HAL_Driver/Src/stm32f4xx_hal_rcc_ex.o ./Drivers/STM32F4xx_HAL_Driver/Src/stm32f4xx_hal_rcc_ex.su ./Drivers/STM32F4xx_HAL_Driver/Src/stm32f4xx_hal_spi.d ./Drivers/STM32F4xx_HAL_Driver/Src/stm32f4xx_hal_spi.o ./Drivers/STM32F4xx_HAL_Driver/Src/stm32f4xx_hal_spi.su ./Drivers/STM32F4xx_HAL_Driver/Src/stm32f4xx_hal_tim.d ./Drivers/STM32F4xx_HAL_Driver/Src/stm32f4xx_hal_tim.o ./Drivers/STM32F4xx_HAL_Driver/Src/stm32f4xx_hal_tim.su ./Drivers/STM32F4xx_HAL_Driver/Src/stm32f4xx_hal_tim_ex.d ./Drivers/STM32F4xx_HAL_Driver/Src/stm32f4xx_hal_tim_ex.o ./Drivers/STM32F4xx_HAL_Driver/Src/stm32f4xx_hal_tim_ex.su ./Drivers/STM32F4xx_HAL_Driver/Src/stm32f4xx_hal_uart.d ./Drivers/STM32F4xx_HAL_Driver/Src/stm32f4xx_hal_uart.o ./Drivers/STM32F4xx_HAL_Driver/Src/stm32f4xx_hal_uart.su
rm -rf ./Core/Startup/startup_stm32f446retx.d ./Core/Startup/startup_stm32f446retx.o
rm -rf ./Core/Src/GCode_helper.d ./Core/Src/GCode_helper.o ./Core/Src/GCode_helper.su ./Core/Src/LedDriver.d ./Core/Src/LedDriver.o ./Core/Src/LedDriver.su ./Core/Src/UART_helper.d ./Core/Src/UART_helper.o ./Core/Src/UART_helper.su ./Core/Src/circular_queue.d ./Core/Src/circular_queue.o ./Core/Src/circular_queue.su ./Core/Src/main.d ./Core/Src/main.o ./Core/Src/main.su ./Core/Src/stepper.d ./Core/Src/stepper.o ./Core/Src/stepper.su ./Core/Src/stm32f4xx_hal_msp.d ./Core/Src/stm32f4xx_hal_msp.o ./Core/Src/stm32f4xx_hal_msp.su ./Core/Src/stm32f4xx_it.d ./Core/Src/stm32f4xx_it.o ./Core/Src/stm32f4xx_it.su ./Core/Src/syscalls.d ./Core/Src/syscalls.o ./Core/Src/syscalls.su ./Core/Src/sysmem.d ./Core/Src/sysmem.o ./Core/Src/sysmem.su ./Core/Src/system_stm32f4xx.d ./Core/Src/system_stm32f4xx.o ./Core/Src/system_stm32f4xx.su
rm -rf G_code_stepper_motor.elf G_code_stepper_motor.list G_code_stepper_motor.map default.size.stdout
 
14:35:52 **** Build of configuration Debug for project G_code_stepper_motor ****
make -j12 all 
arm-none-eabi-gcc "../Drivers/STM32F4xx_HAL_Driver/Src/stm32f4xx_hal.c" -mcpu=cortex-m4 -std=gnu11 -g3 -DDEBUG -DUSE_HAL_DRIVER -DSTM32F446xx -c -I../Core/Inc -I../Drivers/STM32F4xx_HAL_Driver/Inc -I../Drivers/STM32F4xx_HAL_Driver/Inc/Legacy -I../Drivers/CMSIS/Device/ST/STM32F4xx/Include -I../Drivers/CMSIS/Include -O0 -ffunction-sections -fdata-sections -Wall -fstack-usage -MMD -MP -MF"Drivers/STM32F4xx_HAL_Driver/Src/stm32f4xx_hal.d" -MT"Drivers/STM32F4xx_HAL_Driver/Src/stm32f4xx_hal.o" --specs=nano.specs -mfpu=fpv4-sp-d16 -mfloat-abi=hard -mthumb -o "Drivers/STM32F4xx_HAL_Driver/Src/stm32f4xx_hal.o"
arm-none-eabi-gcc "../Drivers/STM32F4xx_HAL_Driver/Src/stm32f4xx_hal_cortex.c" -mcpu=cortex-m4 -std=gnu11 -g3 -DDEBUG -DUSE_HAL_DRIVER -DSTM32F446xx -c -I../Core/Inc -I../Drivers/STM32F4xx_HAL_Driver/Inc -I../Drivers/STM32F4xx_HAL_Driver/Inc/Legacy -I../Drivers/CMSIS/Device/ST/STM32F4xx/Include -I../Drivers/CMSIS/Include -O0 -ffunction-sections -fdata-sections -Wall -fstack-usage -MMD -MP -MF"Drivers/STM32F4xx_HAL_Driver/Src/stm32f4xx_hal_cortex.d" -MT"Drivers/STM32F4xx_HAL_Driver/Src/stm32f4xx_hal_cortex.o" --specs=nano.specs -mfpu=fpv4-sp-d16 -mfloat-abi=hard -mthumb -o "Drivers/STM32F4xx_HAL_Driver/Src/stm32f4xx_hal_cortex.o"
arm-none-eabi-gcc "../Drivers/STM32F4xx_HAL_Driver/Src/stm32f4xx_hal_dma.c" -mcpu=cortex-m4 -std=gnu11 -g3 -DDEBUG -DUSE_HAL_DRIVER -DSTM32F446xx -c -I../Core/Inc -I../Drivers/STM32F4xx_HAL_Driver/Inc -I../Drivers/STM32F4xx_HAL_Driver/Inc/Legacy -I../Drivers/CMSIS/Device/ST/STM32F4xx/Include -I../Drivers/CMSIS/Include -O0 -ffunction-sections -fdata-sections -Wall -fstack-usage -MMD -MP -MF"Drivers/STM32F4xx_HAL_Driver/Src/stm32f4xx_hal_dma.d" -MT"Drivers/STM32F4xx_HAL_Driver/Src/stm32f4xx_hal_dma.o" --specs=nano.specs -mfpu=fpv4-sp-d16 -mfloat-abi=hard -mthumb -o "Drivers/STM32F4xx_HAL_Driver/Src/stm32f4xx_hal_dma.o"
arm-none-eabi-gcc "../Drivers/STM32F4xx_HAL_Driver/Src/stm32f4xx_hal_dma_ex.c" -mcpu=cortex-m4 -std=gnu11 -g3 -DDEBUG -DUSE_HAL_DRIVER -DSTM32F446xx -c -I../Core/Inc -I../Drivers/STM32F4xx_HAL_Driver/Inc -I../Drivers/STM32F4xx_HAL_Driver/Inc/Legacy -I../Drivers/CMSIS/Device/ST/STM32F4xx/Include -I../Drivers/CMSIS/Include -O0 -ffunction-sections -fdata-sections -Wall -fstack-usage -MMD -MP -MF"Drivers/STM32F4xx_HAL_Driver/Src/stm32f4xx_hal_dma_ex.d" -MT"Drivers/STM32F4xx_HAL_Driver/Src/stm32f4xx_hal_dma_ex.o" --specs=nano.specs -mfpu=fpv4-sp-d16 -mfloat-abi=hard -mthumb -o "Drivers/STM32F4xx_HAL_Driver/Src/stm32f4xx_hal_dma_ex.o"
arm-none-eabi-gcc "../Drivers/STM32F4xx_HAL_Driver/Src/stm32f4xx_hal_exti.c" -mcpu=cortex-m4 -std=gnu11 -g3 -DDEBUG -DUSE_HAL_DRIVER -DSTM32F446xx -c -I../Core/Inc -I../Drivers/STM32F4xx_HAL_Driver/Inc -I../Drivers/STM32F4xx_HAL_Driver/Inc/Legacy -I../Drivers/CMSIS/Device/ST/STM32F4xx/Include -I../Drivers/CMSIS/Include -O0 -ffunction-sections -fdata-sections -Wall -fstack-usage -MMD -MP -MF"Drivers/STM32F4xx_HAL_Driver/Src/stm32f4xx_hal_exti.d" -MT"Drivers/STM32F4xx_HAL_Driver/Src/stm32f4xx_hal_exti.o" --specs=nano.specs -mfpu=fpv4-sp-d16 -mfloat-abi=hard -mthumb -o "Drivers/STM32F4xx_HAL_Driver/Src/stm32f4xx_hal_exti.o"
arm-none-eabi-gcc "../Drivers/STM32F4xx_HAL_Driver/Src/stm32f4xx_hal_flash.c" -mcpu=cortex-m4 -std=gnu11 -g3 -DDEBUG -DUSE_HAL_DRIVER -DSTM32F446xx -c -I../Core/Inc -I../Drivers/STM32F4xx_HAL_Driver/Inc -I../Drivers/STM32F4xx_HAL_Driver/Inc/Legacy -I../Drivers/CMSIS/Device/ST/STM32F4xx/Include -I../Drivers/CMSIS/Include -O0 -ffunction-sections -fdata-sections -Wall -fstack-usage -MMD -MP -MF"Drivers/STM32F4xx_HAL_Driver/Src/stm32f4xx_hal_flash.d" -MT"Drivers/STM32F4xx_HAL_Driver/Src/stm32f4xx_hal_flash.o" --specs=nano.specs -mfpu=fpv4-sp-d16 -mfloat-abi=hard -mthumb -o "Drivers/STM32F4xx_HAL_Driver/Src/stm32f4xx_hal_flash.o"
arm-none-eabi-gcc "../Drivers/STM32F4xx_HAL_Driver/Src/stm32f4xx_hal_flash_ex.c" -mcpu=cortex-m4 -std=gnu11 -g3 -DDEBUG -DUSE_HAL_DRIVER -DSTM32F446xx -c -I../Core/Inc -I../Drivers/STM32F4xx_HAL_Driver/Inc -I../Drivers/STM32F4xx_HAL_Driver/Inc/Legacy -I../Drivers/CMSIS/Device/ST/STM32F4xx/Include -I../Drivers/CMSIS/Include -O0 -ffunction-sections -fdata-sections -Wall -fstack-usage -MMD -MP -MF"Drivers/STM32F4xx_HAL_Driver/Src/stm32f4xx_hal_flash_ex.d" -MT"Drivers/STM32F4xx_HAL_Driver/Src/stm32f4xx_hal_flash_ex.o" --specs=nano.specs -mfpu=fpv4-sp-d16 -mfloat-abi=hard -mthumb -o "Drivers/STM32F4xx_HAL_Driver/Src/stm32f4xx_hal_flash_ex.o"
arm-none-eabi-gcc "../Drivers/STM32F4xx_HAL_Driver/Src/stm32f4xx_hal_flash_ramfunc.c" -mcpu=cortex-m4 -std=gnu11 -g3 -DDEBUG -DUSE_HAL_DRIVER -DSTM32F446xx -c -I../Core/Inc -I../Drivers/STM32F4xx_HAL_Driver/Inc -I../Drivers/STM32F4xx_HAL_Driver/Inc/Legacy -I../Drivers/CMSIS/Device/ST/STM32F4xx/Include -I../Drivers/CMSIS/Include -O0 -ffunction-sections -fdata-sections -Wall -fstack-usage -MMD -MP -MF"Drivers/STM32F4xx_HAL_Driver/Src/stm32f4xx_hal_flash_ramfunc.d" -MT"Drivers/STM32F4xx_HAL_Driver/Src/stm32f4xx_hal_flash_ramfunc.o" --specs=nano.specs -mfpu=fpv4-sp-d16 -mfloat-abi=hard -mthumb -o "Drivers/STM32F4xx_HAL_Driver/Src/stm32f4xx_hal_flash_ramfunc.o"
arm-none-eabi-gcc "../Drivers/STM32F4xx_HAL_Driver/Src/stm32f4xx_hal_gpio.c" -mcpu=cortex-m4 -std=gnu11 -g3 -DDEBUG -DUSE_HAL_DRIVER -DSTM32F446xx -c -I../Core/Inc -I../Drivers/STM32F4xx_HAL_Driver/Inc -I../Drivers/STM32F4xx_HAL_Driver/Inc/Legacy -I../Drivers/CMSIS/Device/ST/STM32F4xx/Include -I../Drivers/CMSIS/Include -O0 -ffunction-sections -fdata-sections -Wall -fstack-usage -MMD -MP -MF"Drivers/STM32F4xx_HAL_Driver/Src/stm32f4xx_hal_gpio.d" -MT"Drivers/STM32F4xx_HAL_Driver/Src/stm32f4xx_hal_gpio.o" --specs=nano.specs -mfpu=fpv4-sp-d16 -mfloat-abi=hard -mthumb -o "Drivers/STM32F4xx_HAL_Driver/Src/stm32f4xx_hal_gpio.o"
arm-none-eabi-gcc "../Drivers/STM32F4xx_HAL_Driver/Src/stm32f4xx_hal_pwr.c" -mcpu=cortex-m4 -std=gnu11 -g3 -DDEBUG -DUSE_HAL_DRIVER -DSTM32F446xx -c -I../Core/Inc -I../Drivers/STM32F4xx_HAL_Driver/Inc -I../Drivers/STM32F4xx_HAL_Driver/Inc/Legacy -I../Drivers/CMSIS/Device/ST/STM32F4xx/Include -I../Drivers/CMSIS/Include -O0 -ffunction-sections -fdata-sections -Wall -fstack-usage -MMD -MP -MF"Drivers/STM32F4xx_HAL_Driver/Src/stm32f4xx_hal_pwr.d" -MT"Drivers/STM32F4xx_HAL_Driver/Src/stm32f4xx_hal_pwr.o" --specs=nano.specs -mfpu=fpv4-sp-d16 -mfloat-abi=hard -mthumb -o "Drivers/STM32F4xx_HAL_Driver/Src/stm32f4xx_hal_pwr.o"
arm-none-eabi-gcc "../Drivers/STM32F4xx_HAL_Driver/Src/stm32f4xx_hal_pwr_ex.c" -mcpu=cortex-m4 -std=gnu11 -g3 -DDEBUG -DUSE_HAL_DRIVER -DSTM32F446xx -c -I../Core/Inc -I../Drivers/STM32F4xx_HAL_Driver/Inc -I../Drivers/STM32F4xx_HAL_Driver/Inc/Legacy -I../Drivers/CMSIS/Device/ST/STM32F4xx/Include -I../Drivers/CMSIS/Include -O0 -ffunction-sections -fdata-sections -Wall -fstack-usage -MMD -MP -MF"Drivers/STM32F4xx_HAL_Driver/Src/stm32f4xx_hal_pwr_ex.d" -MT"Drivers/STM32F4xx_HAL_Driver/Src/stm32f4xx_hal_pwr_ex.o" --specs=nano.specs -mfpu=fpv4-sp-d16 -mfloat-abi=hard -mthumb -o "Drivers/STM32F4xx_HAL_Driver/Src/stm32f4xx_hal_pwr_ex.o"
arm-none-eabi-gcc "../Drivers/STM32F4xx_HAL_Driver/Src/stm32f4xx_hal_rcc.c" -mcpu=cortex-m4 -std=gnu11 -g3 -DDEBUG -DUSE_HAL_DRIVER -DSTM32F446xx -c -I../Core/Inc -I../Drivers/STM32F4xx_HAL_Driver/Inc -I../Drivers/STM32F4xx_HAL_Driver/Inc/Legacy -I../Drivers/CMSIS/Device/ST/STM32F4xx/Include -I../Drivers/CMSIS/Include -O0 -ffunction-sections -fdata-sections -Wall -fstack-usage -MMD -MP -MF"Drivers/STM32F4xx_HAL_Driver/Src/stm32f4xx_hal_rcc.d" -MT"Drivers/STM32F4xx_HAL_Driver/Src/stm32f4xx_hal_rcc.o" --specs=nano.specs -mfpu=fpv4-sp-d16 -mfloat-abi=hard -mthumb -o "Drivers/STM32F4xx_HAL_Driver/Src/stm32f4xx_hal_rcc.o"
arm-none-eabi-gcc "../Drivers/STM32F4xx_HAL_Driver/Src/stm32f4xx_hal_rcc_ex.c" -mcpu=cortex-m4 -std=gnu11 -g3 -DDEBUG -DUSE_HAL_DRIVER -DSTM32F446xx -c -I../Core/Inc -I../Drivers/STM32F4xx_HAL_Driver/Inc -I../Drivers/STM32F4xx_HAL_Driver/Inc/Legacy -I../Drivers/CMSIS/Device/ST/STM32F4xx/Include -I../Drivers/CMSIS/Include -O0 -ffunction-sections -fdata-sections -Wall -fstack-usage -MMD -MP -MF"Drivers/STM32F4xx_HAL_Driver/Src/stm32f4xx_hal_rcc_ex.d" -MT"Drivers/STM32F4xx_HAL_Driver/Src/stm32f4xx_hal_rcc_ex.o" --specs=nano.specs -mfpu=fpv4-sp-d16 -mfloat-abi=hard -mthumb -o "Drivers/STM32F4xx_HAL_Driver/Src/stm32f4xx_hal_rcc_ex.o"
arm-none-eabi-gcc "../Drivers/STM32F4xx_HAL_Driver/Src/stm32f4xx_hal_spi.c" -mcpu=cortex-m4 -std=gnu11 -g3 -DDEBUG -DUSE_HAL_DRIVER -DSTM32F446xx -c -I../Core/Inc -I../Drivers/STM32F4xx_HAL_Driver/Inc -I../Drivers/STM32F4xx_HAL_Driver/Inc/Legacy -I../Drivers/CMSIS/Device/ST/STM32F4xx/Include -I../Drivers/CMSIS/Include -O0 -ffunction-sections -fdata-sections -Wall -fstack-usage -MMD -MP -MF"Drivers/STM32F4xx_HAL_Driver/Src/stm32f4xx_hal_spi.d" -MT"Drivers/STM32F4xx_HAL_Driver/Src/stm32f4xx_hal_spi.o" --specs=nano.specs -mfpu=fpv4-sp-d16 -mfloat-abi=hard -mthumb -o "Drivers/STM32F4xx_HAL_Driver/Src/stm32f4xx_hal_spi.o"
arm-none-eabi-gcc "../Drivers/STM32F4xx_HAL_Driver/Src/stm32f4xx_hal_tim.c" -mcpu=cortex-m4 -std=gnu11 -g3 -DDEBUG -DUSE_HAL_DRIVER -DSTM32F446xx -c -I../Core/Inc -I../Drivers/STM32F4xx_HAL_Driver/Inc -I../Drivers/STM32F4xx_HAL_Driver/Inc/Legacy -I../Drivers/CMSIS/Device/ST/STM32F4xx/Include -I../Drivers/CMSIS/Include -O0 -ffunction-sections -fdata-sections -Wall -fstack-usage -MMD -MP -MF"Drivers/STM32F4xx_HAL_Driver/Src/stm32f4xx_hal_tim.d" -MT"Drivers/STM32F4xx_HAL_Driver/Src/stm32f4xx_hal_tim.o" --specs=nano.specs -mfpu=fpv4-sp-d16 -mfloat-abi=hard -mthumb -o "Drivers/STM32F4xx_HAL_Driver/Src/stm32f4xx_hal_tim.o"
arm-none-eabi-gcc "../Drivers/STM32F4xx_HAL_Driver/Src/stm32f4xx_hal_tim_ex.c" -mcpu=cortex-m4 -std=gnu11 -g3 -DDEBUG -DUSE_HAL_DRIVER -DSTM32F446xx -c -I../Core/Inc -I../Drivers/STM32F4xx_HAL_Driver/Inc -I../Drivers/STM32F4xx_HAL_Driver/Inc/Legacy -I../Drivers/CMSIS/Device/ST/STM32F4xx/Include -I../Drivers/CMSIS/Include -O0 -ffunction-sections -fdata-sections -Wall -fstack-usage -MMD -MP -MF"Drivers/STM32F4xx_HAL_Driver/Src/stm32f4xx_hal_tim_ex.d" -MT"Drivers/STM32F4xx_HAL_Driver/Src/stm32f4xx_hal_tim_ex.o" --specs=nano.specs -mfpu=fpv4-sp-d16 -mfloat-abi=hard -mthumb -o "Drivers/STM32F4xx_HAL_Driver/Src/stm32f4xx_hal_tim_ex.o"
arm-none-eabi-gcc "../Drivers/STM32F4xx_HAL_Driver/Src/stm32f4xx_hal_uart.c" -mcpu=cortex-m4 -std=gnu11 -g3 -DDEBUG -DUSE_HAL_DRIVER -DSTM32F446xx -c -I../Core/Inc -I../Drivers/STM32F4xx_HAL_Driver/Inc -I../Drivers/STM32F4xx_HAL_Driver/Inc/Legacy -I../Drivers/CMSIS/Device/ST/STM32F4xx/Include -I../Drivers/CMSIS/Include -O0 -ffunction-sections -fdata-sections -Wall -fstack-usage -MMD -MP -MF"Drivers/STM32F4xx_HAL_Driver/Src/stm32f4xx_hal_uart.d" -MT"Drivers/STM32F4xx_HAL_Driver/Src/stm32f4xx_hal_uart.o" --specs=nano.specs -mfpu=fpv4-sp-d16 -mfloat-abi=hard -mthumb -o "Drivers/STM32F4xx_HAL_Driver/Src/stm32f4xx_hal_uart.o"
arm-none-eabi-gcc -mcpu=cortex-m4 -g3 -DDEBUG -c -x assembler-with-cpp -MMD -MP -MF"Core/Startup/startup_stm32f446retx.d" -MT"Core/Startup/startup_stm32f446retx.o" --specs=nano.specs -mfpu=fpv4-sp-d16 -mfloat-abi=hard -mthumb -o "Core/Startup/startup_stm32f446retx.o" "../Core/Startup/startup_stm32f446retx.s"
arm-none-eabi-gcc "../Core/Src/GCode_helper.c" -mcpu=cortex-m4 -std=gnu11 -g3 -DDEBUG -DUSE_HAL_DRIVER -DSTM32F446xx -c -I../Core/Inc -I../Drivers/STM32F4xx_HAL_Driver/Inc -I../Drivers/STM32F4xx_HAL_Driver/Inc/Legacy -I../Drivers/CMSIS/Device/ST/STM32F4xx/Include -I../Drivers/CMSIS/Include -O0 -ffunction-sections -fdata-sections -Wall -fstack-usage -MMD -MP -MF"Core/Src/GCode_helper.d" -MT"Core/Src/GCode_helper.o" --specs=nano.specs -mfpu=fpv4-sp-d16 -mfloat-abi=hard -mthumb -o "Core/Src/GCode_helper.o"
arm-none-eabi-gcc "../Core/Src/LedDriver.c" -mcpu=cortex-m4 -std=gnu11 -g3 -DDEBUG -DUSE_HAL_DRIVER -DSTM32F446xx -c -I../Core/Inc -I../Drivers/STM32F4xx_HAL_Driver/Inc -I../Drivers/STM32F4xx_HAL_Driver/Inc/Legacy -I../Drivers/CMSIS/Device/ST/STM32F4xx/Include -I../Drivers/CMSIS/Include -O0 -ffunction-sections -fdata-sections -Wall -fstack-usage -MMD -MP -MF"Core/Src/LedDriver.d" -MT"Core/Src/LedDriver.o" --specs=nano.specs -mfpu=fpv4-sp-d16 -mfloat-abi=hard -mthumb -o "Core/Src/LedDriver.o"
arm-none-eabi-gcc "../Core/Src/UART_helper.c" -mcpu=cortex-m4 -std=gnu11 -g3 -DDEBUG -DUSE_HAL_DRIVER -DSTM32F446xx -c -I../Core/Inc -I../Drivers/STM32F4xx_HAL_Driver/Inc -I../Drivers/STM32F4xx_HAL_Driver/Inc/Legacy -I../Drivers/CMSIS/Device/ST/STM32F4xx/Include -I../Drivers/CMSIS/Include -O0 -ffunction-sections -fdata-sections -Wall -fstack-usage -MMD -MP -MF"Core/Src/UART_helper.d" -MT"Core/Src/UART_helper.o" --specs=nano.specs -mfpu=fpv4-sp-d16 -mfloat-abi=hard -mthumb -o "Core/Src/UART_helper.o"
arm-none-eabi-gcc "../Core/Src/circular_queue.c" -mcpu=cortex-m4 -std=gnu11 -g3 -DDEBUG -DUSE_HAL_DRIVER -DSTM32F446xx -c -I../Core/Inc -I../Drivers/STM32F4xx_HAL_Driver/Inc -I../Drivers/STM32F4xx_HAL_Driver/Inc/Legacy -I../Drivers/CMSIS/Device/ST/STM32F4xx/Include -I../Drivers/CMSIS/Include -O0 -ffunction-sections -fdata-sections -Wall -fstack-usage -MMD -MP -MF"Core/Src/circular_queue.d" -MT"Core/Src/circular_queue.o" --specs=nano.specs -mfpu=fpv4-sp-d16 -mfloat-abi=hard -mthumb -o "Core/Src/circular_queue.o"
arm-none-eabi-gcc "../Core/Src/main.c" -mcpu=cortex-m4 -std=gnu11 -g3 -DDEBUG -DUSE_HAL_DRIVER -DSTM32F446xx -c -I../Core/Inc -I../Drivers/STM32F4xx_HAL_Driver/Inc -I../Drivers/STM32F4xx_HAL_Driver/Inc/Legacy -I../Drivers/CMSIS/Device/ST/STM32F4xx/Include -I../Drivers/CMSIS/Include -O0 -ffunction-sections -fdata-sections -Wall -fstack-usage -MMD -MP -MF"Core/Src/main.d" -MT"Core/Src/main.o" --specs=nano.specs -mfpu=fpv4-sp-d16 -mfloat-abi=hard -mthumb -o "Core/Src/main.o"
arm-none-eabi-gcc "../Core/Src/stepper.c" -mcpu=cortex-m4 -std=gnu11 -g3 -DDEBUG -DUSE_HAL_DRIVER -DSTM32F446xx -c -I../Core/Inc -I../Drivers/STM32F4xx_HAL_Driver/Inc -I../Drivers/STM32F4xx_HAL_Driver/Inc/Legacy -I../Drivers/CMSIS/Device/ST/STM32F4xx/Include -I../Drivers/CMSIS/Include -O0 -ffunction-sections -fdata-sections -Wall -fstack-usage -MMD -MP -MF"Core/Src/stepper.d" -MT"Core/Src/stepper.o" --specs=nano.specs -mfpu=fpv4-sp-d16 -mfloat-abi=hard -mthumb -o "Core/Src/stepper.o"
arm-none-eabi-gcc "../Core/Src/stm32f4xx_hal_msp.c" -mcpu=cortex-m4 -std=gnu11 -g3 -DDEBUG -DUSE_HAL_DRIVER -DSTM32F446xx -c -I../Core/Inc -I../Drivers/STM32F4xx_HAL_Driver/Inc -I../Drivers/STM32F4xx_HAL_Driver/Inc/Legacy -I../Drivers/CMSIS/Device/ST/STM32F4xx/Include -I../Drivers/CMSIS/Include -O0 -ffunction-sections -fdata-sections -Wall -fstack-usage -MMD -MP -MF"Core/Src/stm32f4xx_hal_msp.d" -MT"Core/Src/stm32f4xx_hal_msp.o" --specs=nano.specs -mfpu=fpv4-sp-d16 -mfloat-abi=hard -mthumb -o "Core/Src/stm32f4xx_hal_msp.o"
../Core/Src/circular_queue.c: In function 'enqueue':
../Core/Src/circular_queue.c:31:20: warning: passing argument 1 of 'strcpy' discards 'volatile' qualifier from pointer target type [-Wdiscarded-qualifiers]
   31 |     strcpy(q->items[q->rear], item);
      |            ~~~~~~~~^~~~~~~~~
In file included from ../Core/Src/circular_queue.c:3:
c:\st\stm32cubeide_1.10.1\stm32cubeide\plugins\com.st.stm32cube.ide.mcu.externaltools.gnu-tools-for-stm32.10.3-2021.10.win32_1.0.100.202210260954\tools\arm-none-eabi\include\string.h:38:16: note: expected 'char * restrict' but argument is of type 'volatile char *'
   38 | char  *strcpy (char *__restrict, const char *__restrict);
      |                ^
../Core/Src/circular_queue.c: In function 'dequeue':
../Core/Src/circular_queue.c:39:8: warning: assignment discards 'volatile' qualifier from pointer target type [-Wdiscarded-qualifiers]
   39 |   item = q->items[q->front];
      |        ^
../Core/Src/GCode_helper.c: In function 'send_json_data':
../Core/Src/GCode_helper.c:141:54: warning: format '%d' expects argument of type 'int', but argument 4 has type 'uint32_t' {aka 'long unsigned int'} [-Wformat=]
  141 |     sprintf(json_string, "{\"Status\":%d,\"MOTPOS\":%d,\"ENCVAL\":%ld}\r\n", status->mot_status,
      |                                                     ~^
      |                                                      |
      |                                                      int
      |                                                     %ld
  142 |       status->Motpos,status->encoder_val);
      |       ~~~~~~~~~~~~~~                                  
      |             |
      |             uint32_t {aka long unsigned int}
../Core/Src/UART_helper.c: In function 'UART_Command':
../Core/Src/UART_helper.c:120:11: warning: passing argument 1 of 'memset' discards 'volatile' qualifier from pointer target type [-Wdiscarded-qualifiers]
  120 |    memset(RxBuffer,0,sizeof(RxBuffer));
      |           ^~~~~~~~
In file included from ../Core/Inc/main.h:37,
                 from ../Core/Inc/stepper.h:13,
                 from ../Core/Inc/UART_helper.h:13,
                 from ../Core/Src/UART_helper.c:8:
c:\st\stm32cubeide_1.10.1\stm32cubeide\plugins\com.st.stm32cube.ide.mcu.externaltools.gnu-tools-for-stm32.10.3-2021.10.win32_1.0.100.202210260954\tools\arm-none-eabi\include\string.h:33:17: note: expected 'void *' but argument is of type 'volatile char *'
   33 | void *  memset (void *, int, size_t);
      |                 ^~~~~~
../Core/Src/UART_helper.c:130:11: warning: passing argument 1 of 'memset' discards 'volatile' qualifier from pointer target type [-Wdiscarded-qualifiers]
  130 |    memset(RxBuffer,0,sizeof(RxBuffer));
      |           ^~~~~~~~
In file included from ../Core/Inc/main.h:37,
                 from ../Core/Inc/stepper.h:13,
                 from ../Core/Inc/UART_helper.h:13,
                 from ../Core/Src/UART_helper.c:8:
c:\st\stm32cubeide_1.10.1\stm32cubeide\plugins\com.st.stm32cube.ide.mcu.externaltools.gnu-tools-for-stm32.10.3-2021.10.win32_1.0.100.202210260954\tools\arm-none-eabi\include\string.h:33:17: note: expected 'void *' but argument is of type 'volatile char *'
   33 | void *  memset (void *, int, size_t);
      |                 ^~~~~~
../Core/Src/UART_helper.c:136:11: warning: passing argument 1 of 'memset' discards 'volatile' qualifier from pointer target type [-Wdiscarded-qualifiers]
  136 |    memset(RxBuffer,0,sizeof(RxBuffer));
      |           ^~~~~~~~
In file included from ../Core/Inc/main.h:37,
                 from ../Core/Inc/stepper.h:13,
                 from ../Core/Inc/UART_helper.h:13,
                 from ../Core/Src/UART_helper.c:8:
c:\st\stm32cubeide_1.10.1\stm32cubeide\plugins\com.st.stm32cube.ide.mcu.externaltools.gnu-tools-for-stm32.10.3-2021.10.win32_1.0.100.202210260954\tools\arm-none-eabi\include\string.h:33:17: note: expected 'void *' but argument is of type 'volatile char *'
   33 | void *  memset (void *, int, size_t);
      |                 ^~~~~~
arm-none-eabi-gcc "../Core/Src/stm32f4xx_it.c" -mcpu=cortex-m4 -std=gnu11 -g3 -DDEBUG -DUSE_HAL_DRIVER -DSTM32F446xx -c -I../Core/Inc -I../Drivers/STM32F4xx_HAL_Driver/Inc -I../Drivers/STM32F4xx_HAL_Driver/Inc/Legacy -I../Drivers/CMSIS/Device/ST/STM32F4xx/Include -I../Drivers/CMSIS/Include -O0 -ffunction-sections -fdata-sections -Wall -fstack-usage -MMD -MP -MF"Core/Src/stm32f4xx_it.d" -MT"Core/Src/stm32f4xx_it.o" --specs=nano.specs -mfpu=fpv4-sp-d16 -mfloat-abi=hard -mthumb -o "Core/Src/stm32f4xx_it.o"
../Core/Src/main.c: In function 'HAL_UARTEx_RxEventCallback':
../Core/Src/main.c:739:28: warning: passing argument 1 of 'strstr' discards 'volatile' qualifier from pointer target type [-Wdiscarded-qualifiers]
  739 |   char* space_ptr = strstr(RxBuffer, "\r");
      |                            ^~~~~~~~
In file included from ../Core/Inc/main.h:37,
                 from ../Core/Src/main.c:20:
c:\st\stm32cubeide_1.10.1\stm32cubeide\plugins\com.st.stm32cube.ide.mcu.externaltools.gnu-tools-for-stm32.10.3-2021.10.win32_1.0.100.202210260954\tools\arm-none-eabi\include\string.h:48:16: note: expected 'const char *' but argument is of type 'volatile char *'
   48 | char  *strstr (const char *, const char *);
      |                ^~~~~~~~~~~~
In file included from ../Core/Src/main.c:25:
../Core/Src/main.c:745:19: warning: array subscript has type 'char' [-Wchar-subscripts]
  745 |    while (isspace(*space_ptr)) {
      |                   ^~~~~~~~~~
../Core/Src/main.c:760:18: warning: passing argument 1 of 'strtok' discards 'volatile' qualifier from pointer target type [-Wdiscarded-qualifiers]
  760 |   token = strtok(RxBuffer, "\r");
      |                  ^~~~~~~~
In file included from ../Core/Inc/main.h:37,
                 from ../Core/Src/main.c:20:
c:\st\stm32cubeide_1.10.1\stm32cubeide\plugins\com.st.stm32cube.ide.mcu.externaltools.gnu-tools-for-stm32.10.3-2021.10.win32_1.0.100.202210260954\tools\arm-none-eabi\include\string.h:50:16: note: expected 'char * restrict' but argument is of type 'volatile char *'
   50 | char  *strtok (char *__restrict, const char *__restrict);
      |                ^
../Core/Src/main.c:771:7: warning: implicit declaration of function 'is_instant_command' [-Wimplicit-function-declaration]
  771 |    if(is_instant_command(tokens[i])){
      |       ^~~~~~~~~~~~~~~~~~
../Core/Src/main.c: In function 'HAL_UART_RxCpltCallback':
../Core/Src/main.c:805:37: warning: passing argument 2 of 'enqueue' discards 'volatile' qualifier from pointer target type [-Wdiscarded-qualifiers]
  805 |             enqueue(&CommandBuffer, RxBuffer);
      |                                     ^~~~~~~~
In file included from ../Core/Inc/main.h:35,
                 from ../Core/Src/main.c:20:
../Core/Inc/circular_queue.h:20:53: note: expected 'const char *' but argument is of type 'volatile char *'
   20 | void enqueue(volatile CircularQueue* q, const char* item);
      |                                         ~~~~~~~~~~~~^~~~
arm-none-eabi-gcc "../Core/Src/syscalls.c" -mcpu=cortex-m4 -std=gnu11 -g3 -DDEBUG -DUSE_HAL_DRIVER -DSTM32F446xx -c -I../Core/Inc -I../Drivers/STM32F4xx_HAL_Driver/Inc -I../Drivers/STM32F4xx_HAL_Driver/Inc/Legacy -I../Drivers/CMSIS/Device/ST/STM32F4xx/Include -I../Drivers/CMSIS/Include -O0 -ffunction-sections -fdata-sections -Wall -fstack-usage -MMD -MP -MF"Core/Src/syscalls.d" -MT"Core/Src/syscalls.o" --specs=nano.specs -mfpu=fpv4-sp-d16 -mfloat-abi=hard -mthumb -o "Core/Src/syscalls.o"
arm-none-eabi-gcc "../Core/Src/sysmem.c" -mcpu=cortex-m4 -std=gnu11 -g3 -DDEBUG -DUSE_HAL_DRIVER -DSTM32F446xx -c -I../Core/Inc -I../Drivers/STM32F4xx_HAL_Driver/Inc -I../Drivers/STM32F4xx_HAL_Driver/Inc/Legacy -I../Drivers/CMSIS/Device/ST/STM32F4xx/Include -I../Drivers/CMSIS/Include -O0 -ffunction-sections -fdata-sections -Wall -fstack-usage -MMD -MP -MF"Core/Src/sysmem.d" -MT"Core/Src/sysmem.o" --specs=nano.specs -mfpu=fpv4-sp-d16 -mfloat-abi=hard -mthumb -o "Core/Src/sysmem.o"
arm-none-eabi-gcc "../Core/Src/system_stm32f4xx.c" -mcpu=cortex-m4 -std=gnu11 -g3 -DDEBUG -DUSE_HAL_DRIVER -DSTM32F446xx -c -I../Core/Inc -I../Drivers/STM32F4xx_HAL_Driver/Inc -I../Drivers/STM32F4xx_HAL_Driver/Inc/Legacy -I../Drivers/CMSIS/Device/ST/STM32F4xx/Include -I../Drivers/CMSIS/Include -O0 -ffunction-sections -fdata-sections -Wall -fstack-usage -MMD -MP -MF"Core/Src/system_stm32f4xx.d" -MT"Core/Src/system_stm32f4xx.o" --specs=nano.specs -mfpu=fpv4-sp-d16 -mfloat-abi=hard -mthumb -o "Core/Src/system_stm32f4xx.o"
arm-none-eabi-gcc -o "G_code_stepper_motor.elf" @"objects.list"   -mcpu=cortex-m4 -T"C:\Users\Ajith Pinninti\Documents\Neuranics_Lab)Pvt_Ltd_Office_word\Workspace\MORPHX_Firmware\G_code_stepper_motor\STM32F446RETX_FLASH.ld" --specs=nosys.specs -Wl,-Map="G_code_stepper_motor.map" -Wl,--gc-sections -static -u_printf_float --specs=nano.specs -mfpu=fpv4-sp-d16 -mfloat-abi=hard -mthumb -Wl,--start-group -lc -lm -Wl,--end-group
c:\st\stm32cubeide_1.10.1\stm32cubeide\plugins\com.st.stm32cube.ide.mcu.externaltools.gnu-tools-for-stm32.10.3-2021.10.win32_1.0.100.202210260954\tools\arm-none-eabi\bin\ld.exe: ./Core/Src/LedDriver.o:C:/Users/Ajith Pinninti/Documents/Neuranics_Lab)Pvt_Ltd_Office_word/Workspace/MORPHX_Firmware/G_code_stepper_motor/Debug/../Core/Inc/GCode_helper.h:44: multiple definition of `Driv_status'; ./Core/Src/GCode_helper.o:C:/Users/Ajith Pinninti/Documents/Neuranics_Lab)Pvt_Ltd_Office_word/Workspace/MORPHX_Firmware/G_code_stepper_motor/Debug/../Core/Inc/GCode_helper.h:44: first defined here
c:\st\stm32cubeide_1.10.1\stm32cubeide\plugins\com.st.stm32cube.ide.mcu.externaltools.gnu-tools-for-stm32.10.3-2021.10.win32_1.0.100.202210260954\tools\arm-none-eabi\bin\ld.exe: ./Core/Src/UART_helper.o:C:/Users/Ajith Pinninti/Documents/Neuranics_Lab)Pvt_Ltd_Office_word/Workspace/MORPHX_Firmware/G_code_stepper_motor/Debug/../Core/Inc/GCode_helper.h:44: multiple definition of `Driv_status'; ./Core/Src/GCode_helper.o:C:/Users/Ajith Pinninti/Documents/Neuranics_Lab)Pvt_Ltd_Office_word/Workspace/MORPHX_Firmware/G_code_stepper_motor/Debug/../Core/Inc/GCode_helper.h:44: first defined here
c:\st\stm32cubeide_1.10.1\stm32cubeide\plugins\com.st.stm32cube.ide.mcu.externaltools.gnu-tools-for-stm32.10.3-2021.10.win32_1.0.100.202210260954\tools\arm-none-eabi\bin\ld.exe: ./Core/Src/main.o:C:/Users/Ajith Pinninti/Documents/Neuranics_Lab)Pvt_Ltd_Office_word/Workspace/MORPHX_Firmware/G_code_stepper_motor/Debug/../Core/Inc/GCode_helper.h:44: multiple definition of `Driv_status'; ./Core/Src/GCode_helper.o:C:/Users/Ajith Pinninti/Documents/Neuranics_Lab)Pvt_Ltd_Office_word/Workspace/MORPHX_Firmware/G_code_stepper_motor/Debug/../Core/Inc/GCode_helper.h:44: first defined here
c:\st\stm32cubeide_1.10.1\stm32cubeide\plugins\com.st.stm32cube.ide.mcu.externaltools.gnu-tools-for-stm32.10.3-2021.10.win32_1.0.100.202210260954\tools\arm-none-eabi\bin\ld.exe: ./Core/Src/stepper.o:C:/Users/Ajith Pinninti/Documents/Neuranics_Lab)Pvt_Ltd_Office_word/Workspace/MORPHX_Firmware/G_code_stepper_motor/Debug/../Core/Inc/GCode_helper.h:44: multiple definition of `Driv_status'; ./Core/Src/GCode_helper.o:C:/Users/Ajith Pinninti/Documents/Neuranics_Lab)Pvt_Ltd_Office_word/Workspace/MORPHX_Firmware/G_code_stepper_motor/Debug/../Core/Inc/GCode_helper.h:44: first defined here
c:\st\stm32cubeide_1.10.1\stm32cubeide\plugins\com.st.stm32cube.ide.mcu.externaltools.gnu-tools-for-stm32.10.3-2021.10.win32_1.0.100.202210260954\tools\arm-none-eabi\bin\ld.exe: ./Core/Src/stm32f4xx_hal_msp.o:C:/Users/Ajith Pinninti/Documents/Neuranics_Lab)Pvt_Ltd_Office_word/Workspace/MORPHX_Firmware/G_code_stepper_motor/Debug/../Core/Inc/GCode_helper.h:44: multiple definition of `Driv_status'; ./Core/Src/GCode_helper.o:C:/Users/Ajith Pinninti/Documents/Neuranics_Lab)Pvt_Ltd_Office_word/Workspace/MORPHX_Firmware/G_code_stepper_motor/Debug/../Core/Inc/GCode_helper.h:44: first defined here
c:\st\stm32cubeide_1.10.1\stm32cubeide\plugins\com.st.stm32cube.ide.mcu.externaltools.gnu-tools-for-stm32.10.3-2021.10.win32_1.0.100.202210260954\tools\arm-none-eabi\bin\ld.exe: ./Core/Src/stm32f4xx_it.o:C:/Users/Ajith Pinninti/Documents/Neuranics_Lab)Pvt_Ltd_Office_word/Workspace/MORPHX_Firmware/G_code_stepper_motor/Debug/../Core/Inc/GCode_helper.h:44: multiple definition of `Driv_status'; ./Core/Src/GCode_helper.o:C:/Users/Ajith Pinninti/Documents/Neuranics_Lab)Pvt_Ltd_Office_word/Workspace/MORPHX_Firmware/G_code_stepper_motor/Debug/../Core/Inc/GCode_helper.h:44: first defined here
collect2.exe: error: ld returned 1 exit status
make: *** [makefile:64: G_code_stepper_motor.elf] Error 1
"make -j12 all" terminated with exit code 2. Build might be incomplete.
14:36:03 **** Incremental Build of configuration Debug for project G_code_stepper_motor ****
make -j12 all 
arm-none-eabi-gcc "../Core/Src/GCode_helper.c" -mcpu=cortex-m4 -std=gnu11 -g3 -DDEBUG -DUSE_HAL_DRIVER -DSTM32F446xx -c -I../Core/Inc -I../Drivers/STM32F4xx_HAL_Driver/Inc -I../Drivers/STM32F4xx_HAL_Driver/Inc/Legacy -I../Drivers/CMSIS/Device/ST/STM32F4xx/Include -I../Drivers/CMSIS/Include -O0 -ffunction-sections -fdata-sections -Wall -fstack-usage -MMD -MP -MF"Core/Src/GCode_helper.d" -MT"Core/Src/GCode_helper.o" --specs=nano.specs -mfpu=fpv4-sp-d16 -mfloat-abi=hard -mthumb -o "Core/Src/GCode_helper.o"
../Core/Src/GCode_helper.c: In function 'send_json_data':
../Core/Src/GCode_helper.c:141:54: warning: format '%d' expects argument of type 'int', but argument 4 has type 'uint32_t' {aka 'long unsigned int'} [-Wformat=]
  141 |     sprintf(json_string, "{\"Status\":%d,\"MOTPOS\":%d,\"ENCVAL\":%ld}\r\n", status->mot_status,status->Motpos,status->encoder_val);
      |                                                     ~^                                          ~~~~~~~~~~~~~~
      |                                                      |                                                |
      |                                                      int                                              uint32_t {aka long unsigned int}
      |                                                     %ld
arm-none-eabi-gcc -o "G_code_stepper_motor.elf" @"objects.list"   -mcpu=cortex-m4 -T"C:\Users\Ajith Pinninti\Documents\Neuranics_Lab)Pvt_Ltd_Office_word\Workspace\MORPHX_Firmware\G_code_stepper_motor\STM32F446RETX_FLASH.ld" --specs=nosys.specs -Wl,-Map="G_code_stepper_motor.map" -Wl,--gc-sections -static -u_printf_float --specs=nano.specs -mfpu=fpv4-sp-d16 -mfloat-abi=hard -mthumb -Wl,--start-group -lc -lm -Wl,--end-group
c:\st\stm32cubeide_1.10.1\stm32cubeide\plugins\com.st.stm32cube.ide.mcu.externaltools.gnu-tools-for-stm32.10.3-2021.10.win32_1.0.100.202210260954\tools\arm-none-eabi\bin\ld.exe: ./Core/Src/LedDriver.o:C:/Users/Ajith Pinninti/Documents/Neuranics_Lab)Pvt_Ltd_Office_word/Workspace/MORPHX_Firmware/G_code_stepper_motor/Debug/../Core/Inc/GCode_helper.h:44: multiple definition of `Driv_status'; ./Core/Src/GCode_helper.o:C:/Users/Ajith Pinninti/Documents/Neuranics_Lab)Pvt_Ltd_Office_word/Workspace/MORPHX_Firmware/G_code_stepper_motor/Debug/../Core/Inc/GCode_helper.h:44: first defined here
c:\st\stm32cubeide_1.10.1\stm32cubeide\plugins\com.st.stm32cube.ide.mcu.externaltools.gnu-tools-for-stm32.10.3-2021.10.win32_1.0.100.202210260954\tools\arm-none-eabi\bin\ld.exe: ./Core/Src/UART_helper.o:C:/Users/Ajith Pinninti/Documents/Neuranics_Lab)Pvt_Ltd_Office_word/Workspace/MORPHX_Firmware/G_code_stepper_motor/Debug/../Core/Inc/GCode_helper.h:44: multiple definition of `Driv_status'; ./Core/Src/GCode_helper.o:C:/Users/Ajith Pinninti/Documents/Neuranics_Lab)Pvt_Ltd_Office_word/Workspace/MORPHX_Firmware/G_code_stepper_motor/Debug/../Core/Inc/GCode_helper.h:44: first defined here
c:\st\stm32cubeide_1.10.1\stm32cubeide\plugins\com.st.stm32cube.ide.mcu.externaltools.gnu-tools-for-stm32.10.3-2021.10.win32_1.0.100.202210260954\tools\arm-none-eabi\bin\ld.exe: ./Core/Src/main.o:C:/Users/Ajith Pinninti/Documents/Neuranics_Lab)Pvt_Ltd_Office_word/Workspace/MORPHX_Firmware/G_code_stepper_motor/Debug/../Core/Inc/GCode_helper.h:44: multiple definition of `Driv_status'; ./Core/Src/GCode_helper.o:C:/Users/Ajith Pinninti/Documents/Neuranics_Lab)Pvt_Ltd_Office_word/Workspace/MORPHX_Firmware/G_code_stepper_motor/Debug/../Core/Inc/GCode_helper.h:44: first defined here
c:\st\stm32cubeide_1.10.1\stm32cubeide\plugins\com.st.stm32cube.ide.mcu.externaltools.gnu-tools-for-stm32.10.3-2021.10.win32_1.0.100.202210260954\tools\arm-none-eabi\bin\ld.exe: ./Core/Src/stepper.o:C:/Users/Ajith Pinninti/Documents/Neuranics_Lab)Pvt_Ltd_Office_word/Workspace/MORPHX_Firmware/G_code_stepper_motor/Debug/../Core/Inc/GCode_helper.h:44: multiple definition of `Driv_status'; ./Core/Src/GCode_helper.o:C:/Users/Ajith Pinninti/Documents/Neuranics_Lab)Pvt_Ltd_Office_word/Workspace/MORPHX_Firmware/G_code_stepper_motor/Debug/../Core/Inc/GCode_helper.h:44: first defined here
c:\st\stm32cubeide_1.10.1\stm32cubeide\plugins\com.st.stm32cube.ide.mcu.externaltools.gnu-tools-for-stm32.10.3-2021.10.win32_1.0.100.202210260954\tools\arm-none-eabi\bin\ld.exe: ./Core/Src/stm32f4xx_hal_msp.o:C:/Users/Ajith Pinninti/Documents/Neuranics_Lab)Pvt_Ltd_Office_word/Workspace/MORPHX_Firmware/G_code_stepper_motor/Debug/../Core/Inc/GCode_helper.h:44: multiple definition of `Driv_status'; ./Core/Src/GCode_helper.o:C:/Users/Ajith Pinninti/Documents/Neuranics_Lab)Pvt_Ltd_Office_word/Workspace/MORPHX_Firmware/G_code_stepper_motor/Debug/../Core/Inc/GCode_helper.h:44: first defined here
c:\st\stm32cubeide_1.10.1\stm32cubeide\plugins\com.st.stm32cube.ide.mcu.externaltools.gnu-tools-for-stm32.10.3-2021.10.win32_1.0.100.202210260954\tools\arm-none-eabi\bin\ld.exe: ./Core/Src/stm32f4xx_it.o:C:/Users/Ajith Pinninti/Documents/Neuranics_Lab)Pvt_Ltd_Office_word/Workspace/MORPHX_Firmware/G_code_stepper_motor/Debug/../Core/Inc/GCode_helper.h:44: multiple definition of `Driv_status'; ./Core/Src/GCode_helper.o:C:/Users/Ajith Pinninti/Documents/Neuranics_Lab)Pvt_Ltd_Office_word/Workspace/MORPHX_Firmware/G_code_stepper_motor/Debug/../Core/Inc/GCode_helper.h:44: first defined here
collect2.exe: error: ld returned 1 exit status
make: *** [makefile:64: G_code_stepper_motor.elf] Error 1
"make -j12 all" terminated with exit code 2. Build might be incomplete.
14:36:13 **** Incremental Build of configuration Debug for project G_code_stepper_motor ****
make -j12 all 
arm-none-eabi-gcc "../Core/Src/GCode_helper.c" -mcpu=cortex-m4 -std=gnu11 -g3 -DDEBUG -DUSE_HAL_DRIVER -DSTM32F446xx -c -I../Core/Inc -I../Drivers/STM32F4xx_HAL_Driver/Inc -I../Drivers/STM32F4xx_HAL_Driver/Inc/Legacy -I../Drivers/CMSIS/Device/ST/STM32F4xx/Include -I../Drivers/CMSIS/Include -O0 -ffunction-sections -fdata-sections -Wall -fstack-usage -MMD -MP -MF"Core/Src/GCode_helper.d" -MT"Core/Src/GCode_helper.o" --specs=nano.specs -mfpu=fpv4-sp-d16 -mfloat-abi=hard -mthumb -o "Core/Src/GCode_helper.o"
../Core/Src/GCode_helper.c: In function 'send_json_data':
../Core/Src/GCode_helper.c:141:54: warning: format '%d' expects argument of type 'int', but argument 4 has type 'uint32_t' {aka 'long unsigned int'} [-Wformat=]
  141 |     sprintf(json_string, "{\"Status\":%d,\"MOTPOS\":%d,\"ENCVAL\":%d}\r\n", status->mot_status,status->Motpos,status->encoder_val);
      |                                                     ~^                                         ~~~~~~~~~~~~~~
      |                                                      |                                               |
      |                                                      int                                             uint32_t {aka long unsigned int}
      |                                                     %ld
../Core/Src/GCode_helper.c:141:68: warning: format '%d' expects argument of type 'int', but argument 5 has type 'uint32_t' {aka 'long unsigned int'} [-Wformat=]
  141 |     sprintf(json_string, "{\"Status\":%d,\"MOTPOS\":%d,\"ENCVAL\":%d}\r\n", status->mot_status,status->Motpos,status->encoder_val);
      |                                                                   ~^                                          ~~~~~~~~~~~~~~~~~~~
      |                                                                    |                                                |
      |                                                                    int                                              uint32_t {aka long unsigned int}
      |                                                                   %ld
arm-none-eabi-gcc -o "G_code_stepper_motor.elf" @"objects.list"   -mcpu=cortex-m4 -T"C:\Users\Ajith Pinninti\Documents\Neuranics_Lab)Pvt_Ltd_Office_word\Workspace\MORPHX_Firmware\G_code_stepper_motor\STM32F446RETX_FLASH.ld" --specs=nosys.specs -Wl,-Map="G_code_stepper_motor.map" -Wl,--gc-sections -static -u_printf_float --specs=nano.specs -mfpu=fpv4-sp-d16 -mfloat-abi=hard -mthumb -Wl,--start-group -lc -lm -Wl,--end-group
c:\st\stm32cubeide_1.10.1\stm32cubeide\plugins\com.st.stm32cube.ide.mcu.externaltools.gnu-tools-for-stm32.10.3-2021.10.win32_1.0.100.202210260954\tools\arm-none-eabi\bin\ld.exe: ./Core/Src/LedDriver.o:C:/Users/Ajith Pinninti/Documents/Neuranics_Lab)Pvt_Ltd_Office_word/Workspace/MORPHX_Firmware/G_code_stepper_motor/Debug/../Core/Inc/GCode_helper.h:44: multiple definition of `Driv_status'; ./Core/Src/GCode_helper.o:C:/Users/Ajith Pinninti/Documents/Neuranics_Lab)Pvt_Ltd_Office_word/Workspace/MORPHX_Firmware/G_code_stepper_motor/Debug/../Core/Inc/GCode_helper.h:44: first defined here
c:\st\stm32cubeide_1.10.1\stm32cubeide\plugins\com.st.stm32cube.ide.mcu.externaltools.gnu-tools-for-stm32.10.3-2021.10.win32_1.0.100.202210260954\tools\arm-none-eabi\bin\ld.exe: ./Core/Src/UART_helper.o:C:/Users/Ajith Pinninti/Documents/Neuranics_Lab)Pvt_Ltd_Office_word/Workspace/MORPHX_Firmware/G_code_stepper_motor/Debug/../Core/Inc/GCode_helper.h:44: multiple definition of `Driv_status'; ./Core/Src/GCode_helper.o:C:/Users/Ajith Pinninti/Documents/Neuranics_Lab)Pvt_Ltd_Office_word/Workspace/MORPHX_Firmware/G_code_stepper_motor/Debug/../Core/Inc/GCode_helper.h:44: first defined here
c:\st\stm32cubeide_1.10.1\stm32cubeide\plugins\com.st.stm32cube.ide.mcu.externaltools.gnu-tools-for-stm32.10.3-2021.10.win32_1.0.100.202210260954\tools\arm-none-eabi\bin\ld.exe: ./Core/Src/main.o:C:/Users/Ajith Pinninti/Documents/Neuranics_Lab)Pvt_Ltd_Office_word/Workspace/MORPHX_Firmware/G_code_stepper_motor/Debug/../Core/Inc/GCode_helper.h:44: multiple definition of `Driv_status'; ./Core/Src/GCode_helper.o:C:/Users/Ajith Pinninti/Documents/Neuranics_Lab)Pvt_Ltd_Office_word/Workspace/MORPHX_Firmware/G_code_stepper_motor/Debug/../Core/Inc/GCode_helper.h:44: first defined here
c:\st\stm32cubeide_1.10.1\stm32cubeide\plugins\com.st.stm32cube.ide.mcu.externaltools.gnu-tools-for-stm32.10.3-2021.10.win32_1.0.100.202210260954\tools\arm-none-eabi\bin\ld.exe: ./Core/Src/stepper.o:C:/Users/Ajith Pinninti/Documents/Neuranics_Lab)Pvt_Ltd_Office_word/Workspace/MORPHX_Firmware/G_code_stepper_motor/Debug/../Core/Inc/GCode_helper.h:44: multiple definition of `Driv_status'; ./Core/Src/GCode_helper.o:C:/Users/Ajith Pinninti/Documents/Neuranics_Lab)Pvt_Ltd_Office_word/Workspace/MORPHX_Firmware/G_code_stepper_motor/Debug/../Core/Inc/GCode_helper.h:44: first defined here
c:\st\stm32cubeide_1.10.1\stm32cubeide\plugins\com.st.stm32cube.ide.mcu.externaltools.gnu-tools-for-stm32.10.3-2021.10.win32_1.0.100.202210260954\tools\arm-none-eabi\bin\ld.exe: ./Core/Src/stm32f4xx_hal_msp.o:C:/Users/Ajith Pinninti/Documents/Neuranics_Lab)Pvt_Ltd_Office_word/Workspace/MORPHX_Firmware/G_code_stepper_motor/Debug/../Core/Inc/GCode_helper.h:44: multiple definition of `Driv_status'; ./Core/Src/GCode_helper.o:C:/Users/Ajith Pinninti/Documents/Neuranics_Lab)Pvt_Ltd_Office_word/Workspace/MORPHX_Firmware/G_code_stepper_motor/Debug/../Core/Inc/GCode_helper.h:44: first defined here
c:\st\stm32cubeide_1.10.1\stm32cubeide\plugins\com.st.stm32cube.ide.mcu.externaltools.gnu-tools-for-stm32.10.3-2021.10.win32_1.0.100.202210260954\tools\arm-none-eabi\bin\ld.exe: ./Core/Src/stm32f4xx_it.o:C:/Users/Ajith Pinninti/Documents/Neuranics_Lab)Pvt_Ltd_Office_word/Workspace/MORPHX_Firmware/G_code_stepper_motor/Debug/../Core/Inc/GCode_helper.h:44: multiple definition of `Driv_status'; ./Core/Src/GCode_helper.o:C:/Users/Ajith Pinninti/Documents/Neuranics_Lab)Pvt_Ltd_Office_word/Workspace/MORPHX_Firmware/G_code_stepper_motor/Debug/../Core/Inc/GCode_helper.h:44: first defined here
collect2.exe: error: ld returned 1 exit status
make: *** [makefile:64: G_code_stepper_motor.elf] Error 1
"make -j12 all" terminated with exit code 2. Build might be incomplete.
14:36:19 **** Incremental Build of configuration Debug for project G_code_stepper_motor ****
make -j12 all 
arm-none-eabi-gcc "../Core/Src/GCode_helper.c" -mcpu=cortex-m4 -std=gnu11 -g3 -DDEBUG -DUSE_HAL_DRIVER -DSTM32F446xx -c -I../Core/Inc -I../Drivers/STM32F4xx_HAL_Driver/Inc -I../Drivers/STM32F4xx_HAL_Driver/Inc/Legacy -I../Drivers/CMSIS/Device/ST/STM32F4xx/Include -I../Drivers/CMSIS/Include -O0 -ffunction-sections -fdata-sections -Wall -fstack-usage -MMD -MP -MF"Core/Src/GCode_helper.d" -MT"Core/Src/GCode_helper.o" --specs=nano.specs -mfpu=fpv4-sp-d16 -mfloat-abi=hard -mthumb -o "Core/Src/GCode_helper.o"
arm-none-eabi-gcc -o "G_code_stepper_motor.elf" @"objects.list"   -mcpu=cortex-m4 -T"C:\Users\Ajith Pinninti\Documents\Neuranics_Lab)Pvt_Ltd_Office_word\Workspace\MORPHX_Firmware\G_code_stepper_motor\STM32F446RETX_FLASH.ld" --specs=nosys.specs -Wl,-Map="G_code_stepper_motor.map" -Wl,--gc-sections -static -u_printf_float --specs=nano.specs -mfpu=fpv4-sp-d16 -mfloat-abi=hard -mthumb -Wl,--start-group -lc -lm -Wl,--end-group
c:\st\stm32cubeide_1.10.1\stm32cubeide\plugins\com.st.stm32cube.ide.mcu.externaltools.gnu-tools-for-stm32.10.3-2021.10.win32_1.0.100.202210260954\tools\arm-none-eabi\bin\ld.exe: ./Core/Src/LedDriver.o:C:/Users/Ajith Pinninti/Documents/Neuranics_Lab)Pvt_Ltd_Office_word/Workspace/MORPHX_Firmware/G_code_stepper_motor/Debug/../Core/Inc/GCode_helper.h:44: multiple definition of `Driv_status'; ./Core/Src/GCode_helper.o:C:/Users/Ajith Pinninti/Documents/Neuranics_Lab)Pvt_Ltd_Office_word/Workspace/MORPHX_Firmware/G_code_stepper_motor/Debug/../Core/Inc/GCode_helper.h:44: first defined here
c:\st\stm32cubeide_1.10.1\stm32cubeide\plugins\com.st.stm32cube.ide.mcu.externaltools.gnu-tools-for-stm32.10.3-2021.10.win32_1.0.100.202210260954\tools\arm-none-eabi\bin\ld.exe: ./Core/Src/UART_helper.o:C:/Users/Ajith Pinninti/Documents/Neuranics_Lab)Pvt_Ltd_Office_word/Workspace/MORPHX_Firmware/G_code_stepper_motor/Debug/../Core/Inc/GCode_helper.h:44: multiple definition of `Driv_status'; ./Core/Src/GCode_helper.o:C:/Users/Ajith Pinninti/Documents/Neuranics_Lab)Pvt_Ltd_Office_word/Workspace/MORPHX_Firmware/G_code_stepper_motor/Debug/../Core/Inc/GCode_helper.h:44: first defined here
c:\st\stm32cubeide_1.10.1\stm32cubeide\plugins\com.st.stm32cube.ide.mcu.externaltools.gnu-tools-for-stm32.10.3-2021.10.win32_1.0.100.202210260954\tools\arm-none-eabi\bin\ld.exe: ./Core/Src/main.o:C:/Users/Ajith Pinninti/Documents/Neuranics_Lab)Pvt_Ltd_Office_word/Workspace/MORPHX_Firmware/G_code_stepper_motor/Debug/../Core/Inc/GCode_helper.h:44: multiple definition of `Driv_status'; ./Core/Src/GCode_helper.o:C:/Users/Ajith Pinninti/Documents/Neuranics_Lab)Pvt_Ltd_Office_word/Workspace/MORPHX_Firmware/G_code_stepper_motor/Debug/../Core/Inc/GCode_helper.h:44: first defined here
c:\st\stm32cubeide_1.10.1\stm32cubeide\plugins\com.st.stm32cube.ide.mcu.externaltools.gnu-tools-for-stm32.10.3-2021.10.win32_1.0.100.202210260954\tools\arm-none-eabi\bin\ld.exe: ./Core/Src/stepper.o:C:/Users/Ajith Pinninti/Documents/Neuranics_Lab)Pvt_Ltd_Office_word/Workspace/MORPHX_Firmware/G_code_stepper_motor/Debug/../Core/Inc/GCode_helper.h:44: multiple definition of `Driv_status'; ./Core/Src/GCode_helper.o:C:/Users/Ajith Pinninti/Documents/Neuranics_Lab)Pvt_Ltd_Office_word/Workspace/MORPHX_Firmware/G_code_stepper_motor/Debug/../Core/Inc/GCode_helper.h:44: first defined here
c:\st\stm32cubeide_1.10.1\stm32cubeide\plugins\com.st.stm32cube.ide.mcu.externaltools.gnu-tools-for-stm32.10.3-2021.10.win32_1.0.100.202210260954\tools\arm-none-eabi\bin\ld.exe: ./Core/Src/stm32f4xx_hal_msp.o:C:/Users/Ajith Pinninti/Documents/Neuranics_Lab)Pvt_Ltd_Office_word/Workspace/MORPHX_Firmware/G_code_stepper_motor/Debug/../Core/Inc/GCode_helper.h:44: multiple definition of `Driv_status'; ./Core/Src/GCode_helper.o:C:/Users/Ajith Pinninti/Documents/Neuranics_Lab)Pvt_Ltd_Office_word/Workspace/MORPHX_Firmware/G_code_stepper_motor/Debug/../Core/Inc/GCode_helper.h:44: first defined here
c:\st\stm32cubeide_1.10.1\stm32cubeide\plugins\com.st.stm32cube.ide.mcu.externaltools.gnu-tools-for-stm32.10.3-2021.10.win32_1.0.100.202210260954\tools\arm-none-eabi\bin\ld.exe: ./Core/Src/stm32f4xx_it.o:C:/Users/Ajith Pinninti/Documents/Neuranics_Lab)Pvt_Ltd_Office_word/Workspace/MORPHX_Firmware/G_code_stepper_motor/Debug/../Core/Inc/GCode_helper.h:44: multiple definition of `Driv_status'; ./Core/Src/GCode_helper.o:C:/Users/Ajith Pinninti/Documents/Neuranics_Lab)Pvt_Ltd_Office_word/Workspace/MORPHX_Firmware/G_code_stepper_motor/Debug/../Core/Inc/GCode_helper.h:44: first defined here
collect2.exe: error: ld returned 1 exit status
make: *** [makefile:64: G_code_stepper_motor.elf] Error 1
"make -j12 all" terminated with exit code 2. Build might be incomplete.
14:39:24 **** Incremental Build of configuration Debug for project G_code_stepper_motor ****
make -j12 all 
arm-none-eabi-gcc "../Core/Src/GCode_helper.c" -mcpu=cortex-m4 -std=gnu11 -g3 -DDEBUG -DUSE_HAL_DRIVER -DSTM32F446xx -c -I../Core/Inc -I../Drivers/STM32F4xx_HAL_Driver/Inc -I../Drivers/STM32F4xx_HAL_Driver/Inc/Legacy -I../Drivers/CMSIS/Device/ST/STM32F4xx/Include -I../Drivers/CMSIS/Include -O0 -ffunction-sections -fdata-sections -Wall -fstack-usage -MMD -MP -MF"Core/Src/GCode_helper.d" -MT"Core/Src/GCode_helper.o" --specs=nano.specs -mfpu=fpv4-sp-d16 -mfloat-abi=hard -mthumb -o "Core/Src/GCode_helper.o"
arm-none-eabi-gcc "../Core/Src/LedDriver.c" -mcpu=cortex-m4 -std=gnu11 -g3 -DDEBUG -DUSE_HAL_DRIVER -DSTM32F446xx -c -I../Core/Inc -I../Drivers/STM32F4xx_HAL_Driver/Inc -I../Drivers/STM32F4xx_HAL_Driver/Inc/Legacy -I../Drivers/CMSIS/Device/ST/STM32F4xx/Include -I../Drivers/CMSIS/Include -O0 -ffunction-sections -fdata-sections -Wall -fstack-usage -MMD -MP -MF"Core/Src/LedDriver.d" -MT"Core/Src/LedDriver.o" --specs=nano.specs -mfpu=fpv4-sp-d16 -mfloat-abi=hard -mthumb -o "Core/Src/LedDriver.o"
arm-none-eabi-gcc "../Core/Src/UART_helper.c" -mcpu=cortex-m4 -std=gnu11 -g3 -DDEBUG -DUSE_HAL_DRIVER -DSTM32F446xx -c -I../Core/Inc -I../Drivers/STM32F4xx_HAL_Driver/Inc -I../Drivers/STM32F4xx_HAL_Driver/Inc/Legacy -I../Drivers/CMSIS/Device/ST/STM32F4xx/Include -I../Drivers/CMSIS/Include -O0 -ffunction-sections -fdata-sections -Wall -fstack-usage -MMD -MP -MF"Core/Src/UART_helper.d" -MT"Core/Src/UART_helper.o" --specs=nano.specs -mfpu=fpv4-sp-d16 -mfloat-abi=hard -mthumb -o "Core/Src/UART_helper.o"
arm-none-eabi-gcc "../Core/Src/main.c" -mcpu=cortex-m4 -std=gnu11 -g3 -DDEBUG -DUSE_HAL_DRIVER -DSTM32F446xx -c -I../Core/Inc -I../Drivers/STM32F4xx_HAL_Driver/Inc -I../Drivers/STM32F4xx_HAL_Driver/Inc/Legacy -I../Drivers/CMSIS/Device/ST/STM32F4xx/Include -I../Drivers/CMSIS/Include -O0 -ffunction-sections -fdata-sections -Wall -fstack-usage -MMD -MP -MF"Core/Src/main.d" -MT"Core/Src/main.o" --specs=nano.specs -mfpu=fpv4-sp-d16 -mfloat-abi=hard -mthumb -o "Core/Src/main.o"
arm-none-eabi-gcc "../Core/Src/stepper.c" -mcpu=cortex-m4 -std=gnu11 -g3 -DDEBUG -DUSE_HAL_DRIVER -DSTM32F446xx -c -I../Core/Inc -I../Drivers/STM32F4xx_HAL_Driver/Inc -I../Drivers/STM32F4xx_HAL_Driver/Inc/Legacy -I../Drivers/CMSIS/Device/ST/STM32F4xx/Include -I../Drivers/CMSIS/Include -O0 -ffunction-sections -fdata-sections -Wall -fstack-usage -MMD -MP -MF"Core/Src/stepper.d" -MT"Core/Src/stepper.o" --specs=nano.specs -mfpu=fpv4-sp-d16 -mfloat-abi=hard -mthumb -o "Core/Src/stepper.o"
arm-none-eabi-gcc "../Core/Src/stm32f4xx_hal_msp.c" -mcpu=cortex-m4 -std=gnu11 -g3 -DDEBUG -DUSE_HAL_DRIVER -DSTM32F446xx -c -I../Core/Inc -I../Drivers/STM32F4xx_HAL_Driver/Inc -I../Drivers/STM32F4xx_HAL_Driver/Inc/Legacy -I../Drivers/CMSIS/Device/ST/STM32F4xx/Include -I../Drivers/CMSIS/Include -O0 -ffunction-sections -fdata-sections -Wall -fstack-usage -MMD -MP -MF"Core/Src/stm32f4xx_hal_msp.d" -MT"Core/Src/stm32f4xx_hal_msp.o" --specs=nano.specs -mfpu=fpv4-sp-d16 -mfloat-abi=hard -mthumb -o "Core/Src/stm32f4xx_hal_msp.o"
arm-none-eabi-gcc "../Core/Src/stm32f4xx_it.c" -mcpu=cortex-m4 -std=gnu11 -g3 -DDEBUG -DUSE_HAL_DRIVER -DSTM32F446xx -c -I../Core/Inc -I../Drivers/STM32F4xx_HAL_Driver/Inc -I../Drivers/STM32F4xx_HAL_Driver/Inc/Legacy -I../Drivers/CMSIS/Device/ST/STM32F4xx/Include -I../Drivers/CMSIS/Include -O0 -ffunction-sections -fdata-sections -Wall -fstack-usage -MMD -MP -MF"Core/Src/stm32f4xx_it.d" -MT"Core/Src/stm32f4xx_it.o" --specs=nano.specs -mfpu=fpv4-sp-d16 -mfloat-abi=hard -mthumb -o "Core/Src/stm32f4xx_it.o"
../Core/Src/UART_helper.c: In function 'UART_Command':
../Core/Src/UART_helper.c:120:11: warning: passing argument 1 of 'memset' discards 'volatile' qualifier from pointer target type [-Wdiscarded-qualifiers]
  120 |    memset(RxBuffer,0,sizeof(RxBuffer));
      |           ^~~~~~~~
In file included from ../Core/Inc/main.h:37,
                 from ../Core/Inc/stepper.h:13,
                 from ../Core/Inc/UART_helper.h:13,
                 from ../Core/Src/UART_helper.c:8:
c:\st\stm32cubeide_1.10.1\stm32cubeide\plugins\com.st.stm32cube.ide.mcu.externaltools.gnu-tools-for-stm32.10.3-2021.10.win32_1.0.100.202210260954\tools\arm-none-eabi\include\string.h:33:17: note: expected 'void *' but argument is of type 'volatile char *'
   33 | void *  memset (void *, int, size_t);
      |                 ^~~~~~
../Core/Src/UART_helper.c:130:11: warning: passing argument 1 of 'memset' discards 'volatile' qualifier from pointer target type [-Wdiscarded-qualifiers]
  130 |    memset(RxBuffer,0,sizeof(RxBuffer));
      |           ^~~~~~~~
In file included from ../Core/Inc/main.h:37,
                 from ../Core/Inc/stepper.h:13,
                 from ../Core/Inc/UART_helper.h:13,
                 from ../Core/Src/UART_helper.c:8:
c:\st\stm32cubeide_1.10.1\stm32cubeide\plugins\com.st.stm32cube.ide.mcu.externaltools.gnu-tools-for-stm32.10.3-2021.10.win32_1.0.100.202210260954\tools\arm-none-eabi\include\string.h:33:17: note: expected 'void *' but argument is of type 'volatile char *'
   33 | void *  memset (void *, int, size_t);
      |                 ^~~~~~
../Core/Src/UART_helper.c:136:11: warning: passing argument 1 of 'memset' discards 'volatile' qualifier from pointer target type [-Wdiscarded-qualifiers]
  136 |    memset(RxBuffer,0,sizeof(RxBuffer));
      |           ^~~~~~~~
In file included from ../Core/Inc/main.h:37,
                 from ../Core/Inc/stepper.h:13,
                 from ../Core/Inc/UART_helper.h:13,
                 from ../Core/Src/UART_helper.c:8:
c:\st\stm32cubeide_1.10.1\stm32cubeide\plugins\com.st.stm32cube.ide.mcu.externaltools.gnu-tools-for-stm32.10.3-2021.10.win32_1.0.100.202210260954\tools\arm-none-eabi\include\string.h:33:17: note: expected 'void *' but argument is of type 'volatile char *'
   33 | void *  memset (void *, int, size_t);
      |                 ^~~~~~
../Core/Src/main.c: In function 'main':
../Core/Src/main.c:235:3: error: 'Driv_status' undeclared (first use in this function); did you mean 'Driver_status'?
  235 |   Driv_status.mot_status = MOT_BUSY;
      |   ^~~~~~~~~~~
      |   Driver_status
../Core/Src/main.c:235:3: note: each undeclared identifier is reported only once for each function it appears in
../Core/Src/main.c: In function 'HAL_UARTEx_RxEventCallback':
../Core/Src/main.c:739:28: warning: passing argument 1 of 'strstr' discards 'volatile' qualifier from pointer target type [-Wdiscarded-qualifiers]
  739 |   char* space_ptr = strstr(RxBuffer, "\r");
      |                            ^~~~~~~~
In file included from ../Core/Inc/main.h:37,
                 from ../Core/Src/main.c:20:
c:\st\stm32cubeide_1.10.1\stm32cubeide\plugins\com.st.stm32cube.ide.mcu.externaltools.gnu-tools-for-stm32.10.3-2021.10.win32_1.0.100.202210260954\tools\arm-none-eabi\include\string.h:48:16: note: expected 'const char *' but argument is of type 'volatile char *'
   48 | char  *strstr (const char *, const char *);
      |                ^~~~~~~~~~~~
In file included from ../Core/Src/main.c:25:
../Core/Src/main.c:745:19: warning: array subscript has type 'char' [-Wchar-subscripts]
  745 |    while (isspace(*space_ptr)) {
      |                   ^~~~~~~~~~
../Core/Src/main.c:760:18: warning: passing argument 1 of 'strtok' discards 'volatile' qualifier from pointer target type [-Wdiscarded-qualifiers]
  760 |   token = strtok(RxBuffer, "\r");
      |                  ^~~~~~~~
In file included from ../Core/Inc/main.h:37,
                 from ../Core/Src/main.c:20:
c:\st\stm32cubeide_1.10.1\stm32cubeide\plugins\com.st.stm32cube.ide.mcu.externaltools.gnu-tools-for-stm32.10.3-2021.10.win32_1.0.100.202210260954\tools\arm-none-eabi\include\string.h:50:16: note: expected 'char * restrict' but argument is of type 'volatile char *'
   50 | char  *strtok (char *__restrict, const char *__restrict);
      |                ^
../Core/Src/main.c:771:7: warning: implicit declaration of function 'is_instant_command' [-Wimplicit-function-declaration]
  771 |    if(is_instant_command(tokens[i])){
      |       ^~~~~~~~~~~~~~~~~~
../Core/Src/main.c: In function 'HAL_UART_RxCpltCallback':
../Core/Src/main.c:805:37: warning: passing argument 2 of 'enqueue' discards 'volatile' qualifier from pointer target type [-Wdiscarded-qualifiers]
  805 |             enqueue(&CommandBuffer, RxBuffer);
      |                                     ^~~~~~~~
In file included from ../Core/Inc/main.h:35,
                 from ../Core/Src/main.c:20:
../Core/Inc/circular_queue.h:20:53: note: expected 'const char *' but argument is of type 'volatile char *'
   20 | void enqueue(volatile CircularQueue* q, const char* item);
      |                                         ~~~~~~~~~~~~^~~~
make: *** [Core/Src/subdir.mk:49: Core/Src/main.o] Error 1
make: *** Waiting for unfinished jobs....
"make -j12 all" terminated with exit code 2. Build might be incomplete.
14:39:52 **** Incremental Build of configuration Debug for project G_code_stepper_motor ****
make -j12 all 
arm-none-eabi-gcc "../Core/Src/GCode_helper.c" -mcpu=cortex-m4 -std=gnu11 -g3 -DDEBUG -DUSE_HAL_DRIVER -DSTM32F446xx -c -I../Core/Inc -I../Drivers/STM32F4xx_HAL_Driver/Inc -I../Drivers/STM32F4xx_HAL_Driver/Inc/Legacy -I../Drivers/CMSIS/Device/ST/STM32F4xx/Include -I../Drivers/CMSIS/Include -O0 -ffunction-sections -fdata-sections -Wall -fstack-usage -MMD -MP -MF"Core/Src/GCode_helper.d" -MT"Core/Src/GCode_helper.o" --specs=nano.specs -mfpu=fpv4-sp-d16 -mfloat-abi=hard -mthumb -o "Core/Src/GCode_helper.o"
arm-none-eabi-gcc "../Core/Src/LedDriver.c" -mcpu=cortex-m4 -std=gnu11 -g3 -DDEBUG -DUSE_HAL_DRIVER -DSTM32F446xx -c -I../Core/Inc -I../Drivers/STM32F4xx_HAL_Driver/Inc -I../Drivers/STM32F4xx_HAL_Driver/Inc/Legacy -I../Drivers/CMSIS/Device/ST/STM32F4xx/Include -I../Drivers/CMSIS/Include -O0 -ffunction-sections -fdata-sections -Wall -fstack-usage -MMD -MP -MF"Core/Src/LedDriver.d" -MT"Core/Src/LedDriver.o" --specs=nano.specs -mfpu=fpv4-sp-d16 -mfloat-abi=hard -mthumb -o "Core/Src/LedDriver.o"
arm-none-eabi-gcc "../Core/Src/UART_helper.c" -mcpu=cortex-m4 -std=gnu11 -g3 -DDEBUG -DUSE_HAL_DRIVER -DSTM32F446xx -c -I../Core/Inc -I../Drivers/STM32F4xx_HAL_Driver/Inc -I../Drivers/STM32F4xx_HAL_Driver/Inc/Legacy -I../Drivers/CMSIS/Device/ST/STM32F4xx/Include -I../Drivers/CMSIS/Include -O0 -ffunction-sections -fdata-sections -Wall -fstack-usage -MMD -MP -MF"Core/Src/UART_helper.d" -MT"Core/Src/UART_helper.o" --specs=nano.specs -mfpu=fpv4-sp-d16 -mfloat-abi=hard -mthumb -o "Core/Src/UART_helper.o"
arm-none-eabi-gcc "../Core/Src/main.c" -mcpu=cortex-m4 -std=gnu11 -g3 -DDEBUG -DUSE_HAL_DRIVER -DSTM32F446xx -c -I../Core/Inc -I../Drivers/STM32F4xx_HAL_Driver/Inc -I../Drivers/STM32F4xx_HAL_Driver/Inc/Legacy -I../Drivers/CMSIS/Device/ST/STM32F4xx/Include -I../Drivers/CMSIS/Include -O0 -ffunction-sections -fdata-sections -Wall -fstack-usage -MMD -MP -MF"Core/Src/main.d" -MT"Core/Src/main.o" --specs=nano.specs -mfpu=fpv4-sp-d16 -mfloat-abi=hard -mthumb -o "Core/Src/main.o"
arm-none-eabi-gcc "../Core/Src/stepper.c" -mcpu=cortex-m4 -std=gnu11 -g3 -DDEBUG -DUSE_HAL_DRIVER -DSTM32F446xx -c -I../Core/Inc -I../Drivers/STM32F4xx_HAL_Driver/Inc -I../Drivers/STM32F4xx_HAL_Driver/Inc/Legacy -I../Drivers/CMSIS/Device/ST/STM32F4xx/Include -I../Drivers/CMSIS/Include -O0 -ffunction-sections -fdata-sections -Wall -fstack-usage -MMD -MP -MF"Core/Src/stepper.d" -MT"Core/Src/stepper.o" --specs=nano.specs -mfpu=fpv4-sp-d16 -mfloat-abi=hard -mthumb -o "Core/Src/stepper.o"
arm-none-eabi-gcc "../Core/Src/stm32f4xx_hal_msp.c" -mcpu=cortex-m4 -std=gnu11 -g3 -DDEBUG -DUSE_HAL_DRIVER -DSTM32F446xx -c -I../Core/Inc -I../Drivers/STM32F4xx_HAL_Driver/Inc -I../Drivers/STM32F4xx_HAL_Driver/Inc/Legacy -I../Drivers/CMSIS/Device/ST/STM32F4xx/Include -I../Drivers/CMSIS/Include -O0 -ffunction-sections -fdata-sections -Wall -fstack-usage -MMD -MP -MF"Core/Src/stm32f4xx_hal_msp.d" -MT"Core/Src/stm32f4xx_hal_msp.o" --specs=nano.specs -mfpu=fpv4-sp-d16 -mfloat-abi=hard -mthumb -o "Core/Src/stm32f4xx_hal_msp.o"
arm-none-eabi-gcc "../Core/Src/stm32f4xx_it.c" -mcpu=cortex-m4 -std=gnu11 -g3 -DDEBUG -DUSE_HAL_DRIVER -DSTM32F446xx -c -I../Core/Inc -I../Drivers/STM32F4xx_HAL_Driver/Inc -I../Drivers/STM32F4xx_HAL_Driver/Inc/Legacy -I../Drivers/CMSIS/Device/ST/STM32F4xx/Include -I../Drivers/CMSIS/Include -O0 -ffunction-sections -fdata-sections -Wall -fstack-usage -MMD -MP -MF"Core/Src/stm32f4xx_it.d" -MT"Core/Src/stm32f4xx_it.o" --specs=nano.specs -mfpu=fpv4-sp-d16 -mfloat-abi=hard -mthumb -o "Core/Src/stm32f4xx_it.o"
In file included from ../Core/Src/GCode_helper.c:8:
../Core/Inc/GCode_helper.h:44:33: error: empty character constant
   44 | extern Driver_status Driv_status''
      |                                 ^~
../Core/Inc/GCode_helper.h:44:33: error: expected '=', ',', ';', 'asm' or '__attribute__' before '\x0'
In file included from ../Core/Inc/main.h:41,
                 from ../Core/Src/main.c:20:
../Core/Inc/GCode_helper.h:44:33: error: empty character constant
   44 | extern Driver_status Driv_status''
      |                                 ^~
../Core/Inc/GCode_helper.h:44:33: error: expected '=', ',', ';', 'asm' or '__attribute__' before '\x0'
../Core/Src/main.c: In function 'main':
In file included from ../Core/Inc/main.h:41,
                 from ../Core/Inc/stepper.h:13,
                 from ../Core/Inc/UART_helper.h:13,
                 from ../Core/Src/UART_helper.c:8:
../Core/Inc/GCode_helper.h:44:33: error: empty character constant
   44 | extern Driver_status Driv_status''
      |                                 ^~
../Core/Inc/GCode_helper.h:44:33: error: expected '=', ',', ';', 'asm' or '__attribute__' before '\x0'
../Core/Src/main.c:235:3: error: 'Driv_status' undeclared (first use in this function); did you mean 'Driver_status'?
  235 |   Driv_status.mot_status = MOT_BUSY;
      |   ^~~~~~~~~~~
      |   Driver_status
../Core/Src/main.c:235:3: note: each undeclared identifier is reported only once for each function it appears in
In file included from ../Core/Inc/main.h:41,
                 from ../Core/Src/LedDriver.c:7:
../Core/Inc/GCode_helper.h:44:33: error: empty character constant
   44 | extern Driver_status Driv_status''
      |                                 ^~
../Core/Src/UART_helper.c: In function 'UART_Command':
../Core/Inc/GCode_helper.h:44:33: error: expected '=', ',', ';', 'asm' or '__attribute__' before '\x0'
../Core/Src/UART_helper.c:120:11: warning: passing argument 1 of 'memset' discards 'volatile' qualifier from pointer target type [-Wdiscarded-qualifiers]
  120 |    memset(RxBuffer,0,sizeof(RxBuffer));
      |           ^~~~~~~~
In file included from ../Core/Inc/main.h:37,
                 from ../Core/Inc/stepper.h:13,
                 from ../Core/Inc/UART_helper.h:13,
                 from ../Core/Src/UART_helper.c:8:
c:\st\stm32cubeide_1.10.1\stm32cubeide\plugins\com.st.stm32cube.ide.mcu.externaltools.gnu-tools-for-stm32.10.3-2021.10.win32_1.0.100.202210260954\tools\arm-none-eabi\include\string.h:33:17: note: expected 'void *' but argument is of type 'volatile char *'
   33 | void *  memset (void *, int, size_t);
      |                 ^~~~~~
../Core/Src/main.c: In function 'HAL_UARTEx_RxEventCallback':
../Core/Src/main.c:739:28: warning: passing argument 1 of 'strstr' discards 'volatile' qualifier from pointer target type [-Wdiscarded-qualifiers]
  739 |   char* space_ptr = strstr(RxBuffer, "\r");
      |                            ^~~~~~~~
../Core/Src/UART_helper.c:130:11: warning: passing argument 1 of 'memset' discards 'volatile' qualifier from pointer target type [-Wdiscarded-qualifiers]
  130 |    memset(RxBuffer,0,sizeof(RxBuffer));
      |           ^~~~~~~~
In file included from ../Core/Inc/main.h:37,
                 from ../Core/Inc/stepper.h:13,
                 from ../Core/Inc/UART_helper.h:13,
                 from ../Core/Src/UART_helper.c:8:
c:\st\stm32cubeide_1.10.1\stm32cubeide\plugins\com.st.stm32cube.ide.mcu.externaltools.gnu-tools-for-stm32.10.3-2021.10.win32_1.0.100.202210260954\tools\arm-none-eabi\include\string.h:33:17: note: expected 'void *' but argument is of type 'volatile char *'
   33 | void *  memset (void *, int, size_t);
      |                 ^~~~~~
In file included from ../Core/Inc/main.h:37,
                 from ../Core/Src/main.c:20:
c:\st\stm32cubeide_1.10.1\stm32cubeide\plugins\com.st.stm32cube.ide.mcu.externaltools.gnu-tools-for-stm32.10.3-2021.10.win32_1.0.100.202210260954\tools\arm-none-eabi\include\string.h:48:16: note: expected 'const char *' but argument is of type 'volatile char *'
   48 | char  *strstr (const char *, const char *);
      |                ^~~~~~~~~~~~
make: *** [Core/Src/subdir.mk:49: Core/Src/GCode_helper.o] Error 1
../Core/Src/UART_helper.c:136:11: warning: passing argument 1 of 'memset' discards 'volatile' qualifier from pointer target type [-Wdiscarded-qualifiers]
  136 |    memset(RxBuffer,0,sizeof(RxBuffer));
      |           ^~~~~~~~
In file included from ../Core/Inc/main.h:37,
                 from ../Core/Inc/stepper.h:13,
                 from ../Core/Inc/UART_helper.h:13,
                 from ../Core/Src/UART_helper.c:8:
c:\st\stm32cubeide_1.10.1\stm32cubeide\plugins\com.st.stm32cube.ide.mcu.externaltools.gnu-tools-for-stm32.10.3-2021.10.win32_1.0.100.202210260954\tools\arm-none-eabi\include\string.h:33:17: note: expected 'void *' but argument is of type 'volatile char *'
   33 | void *  memset (void *, int, size_t);
      |                 ^~~~~~
make: *** Waiting for unfinished jobs....
In file included from ../Core/Src/main.c:25:
../Core/Src/main.c:745:19: warning: array subscript has type 'char' [-Wchar-subscripts]
  745 |    while (isspace(*space_ptr)) {
      |                   ^~~~~~~~~~
../Core/Src/main.c:760:18: warning: passing argument 1 of 'strtok' discards 'volatile' qualifier from pointer target type [-Wdiscarded-qualifiers]
  760 |   token = strtok(RxBuffer, "\r");
      |                  ^~~~~~~~
In file included from ../Core/Inc/main.h:37,
                 from ../Core/Src/main.c:20:
c:\st\stm32cubeide_1.10.1\stm32cubeide\plugins\com.st.stm32cube.ide.mcu.externaltools.gnu-tools-for-stm32.10.3-2021.10.win32_1.0.100.202210260954\tools\arm-none-eabi\include\string.h:50:16: note: expected 'char * restrict' but argument is of type 'volatile char *'
   50 | char  *strtok (char *__restrict, const char *__restrict);
      |                ^
In file included from ../Core/Inc/main.h:41,
                 from ../Core/Src/stm32f4xx_it.c:21:
../Core/Inc/GCode_helper.h:44:33: error: empty character constant
   44 | extern Driver_status Driv_status''
      |                                 ^~
../Core/Inc/GCode_helper.h:44:33: error: expected '=', ',', ';', 'asm' or '__attribute__' before '\x0'
In file included from ../Core/Inc/main.h:41,
                 from ../Core/Inc/stepper.h:13,
                 from ../Core/Src/stepper.c:8:
../Core/Inc/GCode_helper.h:44:33: error: empty character constant
   44 | extern Driver_status Driv_status''
      |                                 ^~
../Core/Inc/GCode_helper.h:44:33: error: expected '=', ',', ';', 'asm' or '__attribute__' before '\x0'
make: *** [Core/Src/subdir.mk:49: Core/Src/LedDriver.o] Error 1
In file included from ../Core/Inc/main.h:41,
                 from ../Core/Src/stm32f4xx_hal_msp.c:22:
../Core/Inc/GCode_helper.h:44:33: error: empty character constant
   44 | extern Driver_status Driv_status''
      |                                 ^~
../Core/Inc/GCode_helper.h:44:33: error: expected '=', ',', ';', 'asm' or '__attribute__' before '\x0'
make: *** [Core/Src/subdir.mk:49: Core/Src/stm32f4xx_it.o] Error 1
make: *** [Core/Src/subdir.mk:49: Core/Src/UART_helper.o] Error 1
make: *** [Core/Src/subdir.mk:49: Core/Src/stepper.o] Error 1
make: *** [Core/Src/subdir.mk:49: Core/Src/stm32f4xx_hal_msp.o] Error 1
../Core/Src/main.c:771:7: warning: implicit declaration of function 'is_instant_command' [-Wimplicit-function-declaration]
  771 |    if(is_instant_command(tokens[i])){
      |       ^~~~~~~~~~~~~~~~~~
../Core/Src/main.c:774:7: warning: implicit declaration of function 'is_command_valid' [-Wimplicit-function-declaration]
  774 |    if(is_command_valid(tokens[i])){
      |       ^~~~~~~~~~~~~~~~
../Core/Src/main.c: In function 'HAL_UART_RxCpltCallback':
../Core/Src/main.c:805:37: warning: passing argument 2 of 'enqueue' discards 'volatile' qualifier from pointer target type [-Wdiscarded-qualifiers]
  805 |             enqueue(&CommandBuffer, RxBuffer);
      |                                     ^~~~~~~~
In file included from ../Core/Inc/main.h:35,
                 from ../Core/Src/main.c:20:
../Core/Inc/circular_queue.h:20:53: note: expected 'const char *' but argument is of type 'volatile char *'
   20 | void enqueue(volatile CircularQueue* q, const char* item);
      |                                         ~~~~~~~~~~~~^~~~
make: *** [Core/Src/subdir.mk:49: Core/Src/main.o] Error 1
"make -j12 all" terminated with exit code 2. Build might be incomplete.
14:39:57 **** Incremental Build of configuration Debug for project G_code_stepper_motor ****
make -j12 all 
arm-none-eabi-gcc "../Core/Src/GCode_helper.c" -mcpu=cortex-m4 -std=gnu11 -g3 -DDEBUG -DUSE_HAL_DRIVER -DSTM32F446xx -c -I../Core/Inc -I../Drivers/STM32F4xx_HAL_Driver/Inc -I../Drivers/STM32F4xx_HAL_Driver/Inc/Legacy -I../Drivers/CMSIS/Device/ST/STM32F4xx/Include -I../Drivers/CMSIS/Include -O0 -ffunction-sections -fdata-sections -Wall -fstack-usage -MMD -MP -MF"Core/Src/GCode_helper.d" -MT"Core/Src/GCode_helper.o" --specs=nano.specs -mfpu=fpv4-sp-d16 -mfloat-abi=hard -mthumb -o "Core/Src/GCode_helper.o"
arm-none-eabi-gcc "../Core/Src/LedDriver.c" -mcpu=cortex-m4 -std=gnu11 -g3 -DDEBUG -DUSE_HAL_DRIVER -DSTM32F446xx -c -I../Core/Inc -I../Drivers/STM32F4xx_HAL_Driver/Inc -I../Drivers/STM32F4xx_HAL_Driver/Inc/Legacy -I../Drivers/CMSIS/Device/ST/STM32F4xx/Include -I../Drivers/CMSIS/Include -O0 -ffunction-sections -fdata-sections -Wall -fstack-usage -MMD -MP -MF"Core/Src/LedDriver.d" -MT"Core/Src/LedDriver.o" --specs=nano.specs -mfpu=fpv4-sp-d16 -mfloat-abi=hard -mthumb -o "Core/Src/LedDriver.o"
arm-none-eabi-gcc "../Core/Src/UART_helper.c" -mcpu=cortex-m4 -std=gnu11 -g3 -DDEBUG -DUSE_HAL_DRIVER -DSTM32F446xx -c -I../Core/Inc -I../Drivers/STM32F4xx_HAL_Driver/Inc -I../Drivers/STM32F4xx_HAL_Driver/Inc/Legacy -I../Drivers/CMSIS/Device/ST/STM32F4xx/Include -I../Drivers/CMSIS/Include -O0 -ffunction-sections -fdata-sections -Wall -fstack-usage -MMD -MP -MF"Core/Src/UART_helper.d" -MT"Core/Src/UART_helper.o" --specs=nano.specs -mfpu=fpv4-sp-d16 -mfloat-abi=hard -mthumb -o "Core/Src/UART_helper.o"
arm-none-eabi-gcc "../Core/Src/main.c" -mcpu=cortex-m4 -std=gnu11 -g3 -DDEBUG -DUSE_HAL_DRIVER -DSTM32F446xx -c -I../Core/Inc -I../Drivers/STM32F4xx_HAL_Driver/Inc -I../Drivers/STM32F4xx_HAL_Driver/Inc/Legacy -I../Drivers/CMSIS/Device/ST/STM32F4xx/Include -I../Drivers/CMSIS/Include -O0 -ffunction-sections -fdata-sections -Wall -fstack-usage -MMD -MP -MF"Core/Src/main.d" -MT"Core/Src/main.o" --specs=nano.specs -mfpu=fpv4-sp-d16 -mfloat-abi=hard -mthumb -o "Core/Src/main.o"
arm-none-eabi-gcc "../Core/Src/stepper.c" -mcpu=cortex-m4 -std=gnu11 -g3 -DDEBUG -DUSE_HAL_DRIVER -DSTM32F446xx -c -I../Core/Inc -I../Drivers/STM32F4xx_HAL_Driver/Inc -I../Drivers/STM32F4xx_HAL_Driver/Inc/Legacy -I../Drivers/CMSIS/Device/ST/STM32F4xx/Include -I../Drivers/CMSIS/Include -O0 -ffunction-sections -fdata-sections -Wall -fstack-usage -MMD -MP -MF"Core/Src/stepper.d" -MT"Core/Src/stepper.o" --specs=nano.specs -mfpu=fpv4-sp-d16 -mfloat-abi=hard -mthumb -o "Core/Src/stepper.o"
arm-none-eabi-gcc "../Core/Src/stm32f4xx_hal_msp.c" -mcpu=cortex-m4 -std=gnu11 -g3 -DDEBUG -DUSE_HAL_DRIVER -DSTM32F446xx -c -I../Core/Inc -I../Drivers/STM32F4xx_HAL_Driver/Inc -I../Drivers/STM32F4xx_HAL_Driver/Inc/Legacy -I../Drivers/CMSIS/Device/ST/STM32F4xx/Include -I../Drivers/CMSIS/Include -O0 -ffunction-sections -fdata-sections -Wall -fstack-usage -MMD -MP -MF"Core/Src/stm32f4xx_hal_msp.d" -MT"Core/Src/stm32f4xx_hal_msp.o" --specs=nano.specs -mfpu=fpv4-sp-d16 -mfloat-abi=hard -mthumb -o "Core/Src/stm32f4xx_hal_msp.o"
arm-none-eabi-gcc "../Core/Src/stm32f4xx_it.c" -mcpu=cortex-m4 -std=gnu11 -g3 -DDEBUG -DUSE_HAL_DRIVER -DSTM32F446xx -c -I../Core/Inc -I../Drivers/STM32F4xx_HAL_Driver/Inc -I../Drivers/STM32F4xx_HAL_Driver/Inc/Legacy -I../Drivers/CMSIS/Device/ST/STM32F4xx/Include -I../Drivers/CMSIS/Include -O0 -ffunction-sections -fdata-sections -Wall -fstack-usage -MMD -MP -MF"Core/Src/stm32f4xx_it.d" -MT"Core/Src/stm32f4xx_it.o" --specs=nano.specs -mfpu=fpv4-sp-d16 -mfloat-abi=hard -mthumb -o "Core/Src/stm32f4xx_it.o"
../Core/Src/UART_helper.c: In function 'UART_Command':
../Core/Src/UART_helper.c:120:11: warning: passing argument 1 of 'memset' discards 'volatile' qualifier from pointer target type [-Wdiscarded-qualifiers]
  120 |    memset(RxBuffer,0,sizeof(RxBuffer));
      |           ^~~~~~~~
In file included from ../Core/Inc/main.h:37,
                 from ../Core/Inc/stepper.h:13,
                 from ../Core/Inc/UART_helper.h:13,
                 from ../Core/Src/UART_helper.c:8:
c:\st\stm32cubeide_1.10.1\stm32cubeide\plugins\com.st.stm32cube.ide.mcu.externaltools.gnu-tools-for-stm32.10.3-2021.10.win32_1.0.100.202210260954\tools\arm-none-eabi\include\string.h:33:17: note: expected 'void *' but argument is of type 'volatile char *'
   33 | void *  memset (void *, int, size_t);
      |                 ^~~~~~
../Core/Src/UART_helper.c:130:11: warning: passing argument 1 of 'memset' discards 'volatile' qualifier from pointer target type [-Wdiscarded-qualifiers]
  130 |    memset(RxBuffer,0,sizeof(RxBuffer));
      |           ^~~~~~~~
In file included from ../Core/Inc/main.h:37,
                 from ../Core/Inc/stepper.h:13,
                 from ../Core/Inc/UART_helper.h:13,
                 from ../Core/Src/UART_helper.c:8:
c:\st\stm32cubeide_1.10.1\stm32cubeide\plugins\com.st.stm32cube.ide.mcu.externaltools.gnu-tools-for-stm32.10.3-2021.10.win32_1.0.100.202210260954\tools\arm-none-eabi\include\string.h:33:17: note: expected 'void *' but argument is of type 'volatile char *'
   33 | void *  memset (void *, int, size_t);
      |                 ^~~~~~
../Core/Src/UART_helper.c:136:11: warning: passing argument 1 of 'memset' discards 'volatile' qualifier from pointer target type [-Wdiscarded-qualifiers]
  136 |    memset(RxBuffer,0,sizeof(RxBuffer));
      |           ^~~~~~~~
In file included from ../Core/Inc/main.h:37,
                 from ../Core/Inc/stepper.h:13,
                 from ../Core/Inc/UART_helper.h:13,
                 from ../Core/Src/UART_helper.c:8:
c:\st\stm32cubeide_1.10.1\stm32cubeide\plugins\com.st.stm32cube.ide.mcu.externaltools.gnu-tools-for-stm32.10.3-2021.10.win32_1.0.100.202210260954\tools\arm-none-eabi\include\string.h:33:17: note: expected 'void *' but argument is of type 'volatile char *'
   33 | void *  memset (void *, int, size_t);
      |                 ^~~~~~
../Core/Src/main.c: In function 'HAL_UARTEx_RxEventCallback':
../Core/Src/main.c:739:28: warning: passing argument 1 of 'strstr' discards 'volatile' qualifier from pointer target type [-Wdiscarded-qualifiers]
  739 |   char* space_ptr = strstr(RxBuffer, "\r");
      |                            ^~~~~~~~
In file included from ../Core/Inc/main.h:37,
                 from ../Core/Src/main.c:20:
c:\st\stm32cubeide_1.10.1\stm32cubeide\plugins\com.st.stm32cube.ide.mcu.externaltools.gnu-tools-for-stm32.10.3-2021.10.win32_1.0.100.202210260954\tools\arm-none-eabi\include\string.h:48:16: note: expected 'const char *' but argument is of type 'volatile char *'
   48 | char  *strstr (const char *, const char *);
      |                ^~~~~~~~~~~~
In file included from ../Core/Src/main.c:25:
../Core/Src/main.c:745:19: warning: array subscript has type 'char' [-Wchar-subscripts]
  745 |    while (isspace(*space_ptr)) {
      |                   ^~~~~~~~~~
../Core/Src/main.c:760:18: warning: passing argument 1 of 'strtok' discards 'volatile' qualifier from pointer target type [-Wdiscarded-qualifiers]
  760 |   token = strtok(RxBuffer, "\r");
      |                  ^~~~~~~~
In file included from ../Core/Inc/main.h:37,
                 from ../Core/Src/main.c:20:
c:\st\stm32cubeide_1.10.1\stm32cubeide\plugins\com.st.stm32cube.ide.mcu.externaltools.gnu-tools-for-stm32.10.3-2021.10.win32_1.0.100.202210260954\tools\arm-none-eabi\include\string.h:50:16: note: expected 'char * restrict' but argument is of type 'volatile char *'
   50 | char  *strtok (char *__restrict, const char *__restrict);
      |                ^
../Core/Src/main.c:771:7: warning: implicit declaration of function 'is_instant_command' [-Wimplicit-function-declaration]
  771 |    if(is_instant_command(tokens[i])){
      |       ^~~~~~~~~~~~~~~~~~
../Core/Src/main.c: In function 'HAL_UART_RxCpltCallback':
../Core/Src/main.c:805:37: warning: passing argument 2 of 'enqueue' discards 'volatile' qualifier from pointer target type [-Wdiscarded-qualifiers]
  805 |             enqueue(&CommandBuffer, RxBuffer);
      |                                     ^~~~~~~~
In file included from ../Core/Inc/main.h:35,
                 from ../Core/Src/main.c:20:
../Core/Inc/circular_queue.h:20:53: note: expected 'const char *' but argument is of type 'volatile char *'
   20 | void enqueue(volatile CircularQueue* q, const char* item);
      |                                         ~~~~~~~~~~~~^~~~
arm-none-eabi-gcc -o "G_code_stepper_motor.elf" @"objects.list"   -mcpu=cortex-m4 -T"C:\Users\Ajith Pinninti\Documents\Neuranics_Lab)Pvt_Ltd_Office_word\Workspace\MORPHX_Firmware\G_code_stepper_motor\STM32F446RETX_FLASH.ld" --specs=nosys.specs -Wl,-Map="G_code_stepper_motor.map" -Wl,--gc-sections -static -u_printf_float --specs=nano.specs -mfpu=fpv4-sp-d16 -mfloat-abi=hard -mthumb -Wl,--start-group -lc -lm -Wl,--end-group
Finished building target: G_code_stepper_motor.elf
 
arm-none-eabi-size   G_code_stepper_motor.elf 
arm-none-eabi-objdump -h -S  G_code_stepper_motor.elf  > "G_code_stepper_motor.list"
   text	   data	    bss	    dec	    hex	filename
  45640	    588	   3556	  49784	   c278	G_code_stepper_motor.elf
Finished building: default.size.stdout
 
Finished building: G_code_stepper_motor.list
 
14:40:26 **** Incremental Build of configuration Debug for project G_code_stepper_motor ****
make -j12 all 
arm-none-eabi-size   G_code_stepper_motor.elf 
   text	   data	    bss	    dec	    hex	filename
  45640	    588	   3556	  49784	   c278	G_code_stepper_motor.elf
Finished building: default.size.stdout
 
14:41:11 **** Incremental Build of configuration Debug for project G_code_stepper_motor ****
make -j12 all 
arm-none-eabi-gcc "../Core/Src/main.c" -mcpu=cortex-m4 -std=gnu11 -g3 -DDEBUG -DUSE_HAL_DRIVER -DSTM32F446xx -c -I../Core/Inc -I../Drivers/STM32F4xx_HAL_Driver/Inc -I../Drivers/STM32F4xx_HAL_Driver/Inc/Legacy -I../Drivers/CMSIS/Device/ST/STM32F4xx/Include -I../Drivers/CMSIS/Include -O0 -ffunction-sections -fdata-sections -Wall -fstack-usage -MMD -MP -MF"Core/Src/main.d" -MT"Core/Src/main.o" --specs=nano.specs -mfpu=fpv4-sp-d16 -mfloat-abi=hard -mthumb -o "Core/Src/main.o"
../Core/Src/main.c: In function 'HAL_UARTEx_RxEventCallback':
../Core/Src/main.c:742:28: warning: passing argument 1 of 'strstr' discards 'volatile' qualifier from pointer target type [-Wdiscarded-qualifiers]
  742 |   char* space_ptr = strstr(RxBuffer, "\r");
      |                            ^~~~~~~~
In file included from ../Core/Inc/main.h:37,
                 from ../Core/Src/main.c:20:
c:\st\stm32cubeide_1.10.1\stm32cubeide\plugins\com.st.stm32cube.ide.mcu.externaltools.gnu-tools-for-stm32.10.3-2021.10.win32_1.0.100.202210260954\tools\arm-none-eabi\include\string.h:48:16: note: expected 'const char *' but argument is of type 'volatile char *'
   48 | char  *strstr (const char *, const char *);
      |                ^~~~~~~~~~~~
In file included from ../Core/Src/main.c:25:
../Core/Src/main.c:748:19: warning: array subscript has type 'char' [-Wchar-subscripts]
  748 |    while (isspace(*space_ptr)) {
      |                   ^~~~~~~~~~
../Core/Src/main.c:763:18: warning: passing argument 1 of 'strtok' discards 'volatile' qualifier from pointer target type [-Wdiscarded-qualifiers]
  763 |   token = strtok(RxBuffer, "\r");
      |                  ^~~~~~~~
In file included from ../Core/Inc/main.h:37,
                 from ../Core/Src/main.c:20:
c:\st\stm32cubeide_1.10.1\stm32cubeide\plugins\com.st.stm32cube.ide.mcu.externaltools.gnu-tools-for-stm32.10.3-2021.10.win32_1.0.100.202210260954\tools\arm-none-eabi\include\string.h:50:16: note: expected 'char * restrict' but argument is of type 'volatile char *'
   50 | char  *strtok (char *__restrict, const char *__restrict);
      |                ^
../Core/Src/main.c:774:7: warning: implicit declaration of function 'is_instant_command' [-Wimplicit-function-declaration]
  774 |    if(is_instant_command(tokens[i])){
      |       ^~~~~~~~~~~~~~~~~~
../Core/Src/main.c: In function 'HAL_UART_RxCpltCallback':
../Core/Src/main.c:808:37: warning: passing argument 2 of 'enqueue' discards 'volatile' qualifier from pointer target type [-Wdiscarded-qualifiers]
  808 |             enqueue(&CommandBuffer, RxBuffer);
      |                                     ^~~~~~~~
In file included from ../Core/Inc/main.h:35,
                 from ../Core/Src/main.c:20:
../Core/Inc/circular_queue.h:20:53: note: expected 'const char *' but argument is of type 'volatile char *'
   20 | void enqueue(volatile CircularQueue* q, const char* item);
      |                                         ~~~~~~~~~~~~^~~~
arm-none-eabi-gcc -o "G_code_stepper_motor.elf" @"objects.list"   -mcpu=cortex-m4 -T"C:\Users\Ajith Pinninti\Documents\Neuranics_Lab)Pvt_Ltd_Office_word\Workspace\MORPHX_Firmware\G_code_stepper_motor\STM32F446RETX_FLASH.ld" --specs=nosys.specs -Wl,-Map="G_code_stepper_motor.map" -Wl,--gc-sections -static -u_printf_float --specs=nano.specs -mfpu=fpv4-sp-d16 -mfloat-abi=hard -mthumb -Wl,--start-group -lc -lm -Wl,--end-group
Finished building target: G_code_stepper_motor.elf
 
arm-none-eabi-size   G_code_stepper_motor.elf 
arm-none-eabi-objdump -h -S  G_code_stepper_motor.elf  > "G_code_stepper_motor.list"
   text	   data	    bss	    dec	    hex	filename
  45648	    588	   3556	  49792	   c280	G_code_stepper_motor.elf
Finished building: default.size.stdout
 
Finished building: G_code_stepper_motor.list
 
14:41:28 **** Incremental Build of configuration Debug for project G_code_stepper_motor ****
make -j12 all 
arm-none-eabi-gcc "../Core/Src/main.c" -mcpu=cortex-m4 -std=gnu11 -g3 -DDEBUG -DUSE_HAL_DRIVER -DSTM32F446xx -c -I../Core/Inc -I../Drivers/STM32F4xx_HAL_Driver/Inc -I../Drivers/STM32F4xx_HAL_Driver/Inc/Legacy -I../Drivers/CMSIS/Device/ST/STM32F4xx/Include -I../Drivers/CMSIS/Include -O0 -ffunction-sections -fdata-sections -Wall -fstack-usage -MMD -MP -MF"Core/Src/main.d" -MT"Core/Src/main.o" --specs=nano.specs -mfpu=fpv4-sp-d16 -mfloat-abi=hard -mthumb -o "Core/Src/main.o"
../Core/Src/main.c: In function 'HAL_UARTEx_RxEventCallback':
../Core/Src/main.c:742:28: warning: passing argument 1 of 'strstr' discards 'volatile' qualifier from pointer target type [-Wdiscarded-qualifiers]
  742 |   char* space_ptr = strstr(RxBuffer, "\r");
      |                            ^~~~~~~~
In file included from ../Core/Inc/main.h:37,
                 from ../Core/Src/main.c:20:
c:\st\stm32cubeide_1.10.1\stm32cubeide\plugins\com.st.stm32cube.ide.mcu.externaltools.gnu-tools-for-stm32.10.3-2021.10.win32_1.0.100.202210260954\tools\arm-none-eabi\include\string.h:48:16: note: expected 'const char *' but argument is of type 'volatile char *'
   48 | char  *strstr (const char *, const char *);
      |                ^~~~~~~~~~~~
In file included from ../Core/Src/main.c:25:
../Core/Src/main.c:748:19: warning: array subscript has type 'char' [-Wchar-subscripts]
  748 |    while (isspace(*space_ptr)) {
      |                   ^~~~~~~~~~
../Core/Src/main.c:763:18: warning: passing argument 1 of 'strtok' discards 'volatile' qualifier from pointer target type [-Wdiscarded-qualifiers]
  763 |   token = strtok(RxBuffer, "\r");
      |                  ^~~~~~~~
In file included from ../Core/Inc/main.h:37,
                 from ../Core/Src/main.c:20:
c:\st\stm32cubeide_1.10.1\stm32cubeide\plugins\com.st.stm32cube.ide.mcu.externaltools.gnu-tools-for-stm32.10.3-2021.10.win32_1.0.100.202210260954\tools\arm-none-eabi\include\string.h:50:16: note: expected 'char * restrict' but argument is of type 'volatile char *'
   50 | char  *strtok (char *__restrict, const char *__restrict);
      |                ^
../Core/Src/main.c:774:7: warning: implicit declaration of function 'is_instant_command' [-Wimplicit-function-declaration]
  774 |    if(is_instant_command(tokens[i])){
      |       ^~~~~~~~~~~~~~~~~~
../Core/Src/main.c: In function 'HAL_UART_RxCpltCallback':
../Core/Src/main.c:808:37: warning: passing argument 2 of 'enqueue' discards 'volatile' qualifier from pointer target type [-Wdiscarded-qualifiers]
  808 |             enqueue(&CommandBuffer, RxBuffer);
      |                                     ^~~~~~~~
In file included from ../Core/Inc/main.h:35,
                 from ../Core/Src/main.c:20:
../Core/Inc/circular_queue.h:20:53: note: expected 'const char *' but argument is of type 'volatile char *'
   20 | void enqueue(volatile CircularQueue* q, const char* item);
      |                                         ~~~~~~~~~~~~^~~~
arm-none-eabi-gcc -o "G_code_stepper_motor.elf" @"objects.list"   -mcpu=cortex-m4 -T"C:\Users\Ajith Pinninti\Documents\Neuranics_Lab)Pvt_Ltd_Office_word\Workspace\MORPHX_Firmware\G_code_stepper_motor\STM32F446RETX_FLASH.ld" --specs=nosys.specs -Wl,-Map="G_code_stepper_motor.map" -Wl,--gc-sections -static -u_printf_float --specs=nano.specs -mfpu=fpv4-sp-d16 -mfloat-abi=hard -mthumb -Wl,--start-group -lc -lm -Wl,--end-group
Finished building target: G_code_stepper_motor.elf
 
arm-none-eabi-size   G_code_stepper_motor.elf 
arm-none-eabi-objdump -h -S  G_code_stepper_motor.elf  > "G_code_stepper_motor.list"
   text	   data	    bss	    dec	    hex	filename
  45648	    588	   3556	  49792	   c280	G_code_stepper_motor.elf
Finished building: default.size.stdout
 
Finished building: G_code_stepper_motor.list
 
14:41:47 **** Incremental Build of configuration Debug for project G_code_stepper_motor ****
make -j12 all 
arm-none-eabi-gcc "../Core/Src/GCode_helper.c" -mcpu=cortex-m4 -std=gnu11 -g3 -DDEBUG -DUSE_HAL_DRIVER -DSTM32F446xx -c -I../Core/Inc -I../Drivers/STM32F4xx_HAL_Driver/Inc -I../Drivers/STM32F4xx_HAL_Driver/Inc/Legacy -I../Drivers/CMSIS/Device/ST/STM32F4xx/Include -I../Drivers/CMSIS/Include -O0 -ffunction-sections -fdata-sections -Wall -fstack-usage -MMD -MP -MF"Core/Src/GCode_helper.d" -MT"Core/Src/GCode_helper.o" --specs=nano.specs -mfpu=fpv4-sp-d16 -mfloat-abi=hard -mthumb -o "Core/Src/GCode_helper.o"
../Core/Src/GCode_helper.c: In function 'send_json_data':
../Core/Src/GCode_helper.c:142:54: warning: format '%d' expects argument of type 'int', but argument 4 has type 'uint32_t' {aka 'long unsigned int'} [-Wformat=]
  142 |     sprintf(json_string, "{\"Status\":%d,\"MOTPOS\":%d,\"ENCVAL\":%d}\r\n", status->mot_status,status->Motpos,status->encoder_val);
      |                                                     ~^                                         ~~~~~~~~~~~~~~
      |                                                      |                                               |
      |                                                      int                                             uint32_t {aka long unsigned int}
      |                                                     %ld
../Core/Src/GCode_helper.c:142:68: warning: format '%d' expects argument of type 'int', but argument 5 has type 'uint32_t' {aka 'long unsigned int'} [-Wformat=]
  142 |     sprintf(json_string, "{\"Status\":%d,\"MOTPOS\":%d,\"ENCVAL\":%d}\r\n", status->mot_status,status->Motpos,status->encoder_val);
      |                                                                   ~^                                          ~~~~~~~~~~~~~~~~~~~
      |                                                                    |                                                |
      |                                                                    int                                              uint32_t {aka long unsigned int}
      |                                                                   %ld
arm-none-eabi-gcc -o "G_code_stepper_motor.elf" @"objects.list"   -mcpu=cortex-m4 -T"C:\Users\Ajith Pinninti\Documents\Neuranics_Lab)Pvt_Ltd_Office_word\Workspace\MORPHX_Firmware\G_code_stepper_motor\STM32F446RETX_FLASH.ld" --specs=nosys.specs -Wl,-Map="G_code_stepper_motor.map" -Wl,--gc-sections -static -u_printf_float --specs=nano.specs -mfpu=fpv4-sp-d16 -mfloat-abi=hard -mthumb -Wl,--start-group -lc -lm -Wl,--end-group
Finished building target: G_code_stepper_motor.elf
 
arm-none-eabi-size   G_code_stepper_motor.elf 
arm-none-eabi-objdump -h -S  G_code_stepper_motor.elf  > "G_code_stepper_motor.list"
   text	   data	    bss	    dec	    hex	filename
  45688	    588	   3556	  49832	   c2a8	G_code_stepper_motor.elf
Finished building: default.size.stdout
 
Finished building: G_code_stepper_motor.list
 
14:42:03 **** Incremental Build of configuration Debug for project G_code_stepper_motor ****
make -j12 all 
arm-none-eabi-gcc "../Core/Src/GCode_helper.c" -mcpu=cortex-m4 -std=gnu11 -g3 -DDEBUG -DUSE_HAL_DRIVER -DSTM32F446xx -c -I../Core/Inc -I../Drivers/STM32F4xx_HAL_Driver/Inc -I../Drivers/STM32F4xx_HAL_Driver/Inc/Legacy -I../Drivers/CMSIS/Device/ST/STM32F4xx/Include -I../Drivers/CMSIS/Include -O0 -ffunction-sections -fdata-sections -Wall -fstack-usage -MMD -MP -MF"Core/Src/GCode_helper.d" -MT"Core/Src/GCode_helper.o" --specs=nano.specs -mfpu=fpv4-sp-d16 -mfloat-abi=hard -mthumb -o "Core/Src/GCode_helper.o"
../Core/Src/GCode_helper.c: In function 'send_json_data':
../Core/Src/GCode_helper.c:142:69: warning: format '%d' expects argument of type 'int', but argument 5 has type 'uint32_t' {aka 'long unsigned int'} [-Wformat=]
  142 |     sprintf(json_string, "{\"Status\":%d,\"MOTPOS\":%lu,\"ENCVAL\":%d}\r\n", status->mot_status,status->Motpos,status->encoder_val);
      |                                                                    ~^                                          ~~~~~~~~~~~~~~~~~~~
      |                                                                     |                                                |
      |                                                                     int                                              uint32_t {aka long unsigned int}
      |                                                                    %ld
arm-none-eabi-gcc -o "G_code_stepper_motor.elf" @"objects.list"   -mcpu=cortex-m4 -T"C:\Users\Ajith Pinninti\Documents\Neuranics_Lab)Pvt_Ltd_Office_word\Workspace\MORPHX_Firmware\G_code_stepper_motor\STM32F446RETX_FLASH.ld" --specs=nosys.specs -Wl,-Map="G_code_stepper_motor.map" -Wl,--gc-sections -static -u_printf_float --specs=nano.specs -mfpu=fpv4-sp-d16 -mfloat-abi=hard -mthumb -Wl,--start-group -lc -lm -Wl,--end-group
Finished building target: G_code_stepper_motor.elf
 
arm-none-eabi-size   G_code_stepper_motor.elf 
arm-none-eabi-objdump -h -S  G_code_stepper_motor.elf  > "G_code_stepper_motor.list"
   text	   data	    bss	    dec	    hex	filename
  45696	    588	   3556	  49840	   c2b0	G_code_stepper_motor.elf
Finished building: default.size.stdout
 
Finished building: G_code_stepper_motor.list
 
14:42:11 **** Incremental Build of configuration Debug for project G_code_stepper_motor ****
make -j12 all 
arm-none-eabi-gcc "../Core/Src/GCode_helper.c" -mcpu=cortex-m4 -std=gnu11 -g3 -DDEBUG -DUSE_HAL_DRIVER -DSTM32F446xx -c -I../Core/Inc -I../Drivers/STM32F4xx_HAL_Driver/Inc -I../Drivers/STM32F4xx_HAL_Driver/Inc/Legacy -I../Drivers/CMSIS/Device/ST/STM32F4xx/Include -I../Drivers/CMSIS/Include -O0 -ffunction-sections -fdata-sections -Wall -fstack-usage -MMD -MP -MF"Core/Src/GCode_helper.d" -MT"Core/Src/GCode_helper.o" --specs=nano.specs -mfpu=fpv4-sp-d16 -mfloat-abi=hard -mthumb -o "Core/Src/GCode_helper.o"
arm-none-eabi-gcc -o "G_code_stepper_motor.elf" @"objects.list"   -mcpu=cortex-m4 -T"C:\Users\Ajith Pinninti\Documents\Neuranics_Lab)Pvt_Ltd_Office_word\Workspace\MORPHX_Firmware\G_code_stepper_motor\STM32F446RETX_FLASH.ld" --specs=nosys.specs -Wl,-Map="G_code_stepper_motor.map" -Wl,--gc-sections -static -u_printf_float --specs=nano.specs -mfpu=fpv4-sp-d16 -mfloat-abi=hard -mthumb -Wl,--start-group -lc -lm -Wl,--end-group
Finished building target: G_code_stepper_motor.elf
 
arm-none-eabi-size   G_code_stepper_motor.elf 
arm-none-eabi-objdump -h -S  G_code_stepper_motor.elf  > "G_code_stepper_motor.list"
   text	   data	    bss	    dec	    hex	filename
  45696	    588	   3556	  49840	   c2b0	G_code_stepper_motor.elf
Finished building: default.size.stdout
 
Finished building: G_code_stepper_motor.list
 
14:45:52 **** Incremental Build of configuration Debug for project G_code_stepper_motor ****
make -j12 all 
arm-none-eabi-gcc "../Core/Src/GCode_helper.c" -mcpu=cortex-m4 -std=gnu11 -g3 -DDEBUG -DUSE_HAL_DRIVER -DSTM32F446xx -c -I../Core/Inc -I../Drivers/STM32F4xx_HAL_Driver/Inc -I../Drivers/STM32F4xx_HAL_Driver/Inc/Legacy -I../Drivers/CMSIS/Device/ST/STM32F4xx/Include -I../Drivers/CMSIS/Include -O0 -ffunction-sections -fdata-sections -Wall -fstack-usage -MMD -MP -MF"Core/Src/GCode_helper.d" -MT"Core/Src/GCode_helper.o" --specs=nano.specs -mfpu=fpv4-sp-d16 -mfloat-abi=hard -mthumb -o "Core/Src/GCode_helper.o"
arm-none-eabi-gcc "../Core/Src/LedDriver.c" -mcpu=cortex-m4 -std=gnu11 -g3 -DDEBUG -DUSE_HAL_DRIVER -DSTM32F446xx -c -I../Core/Inc -I../Drivers/STM32F4xx_HAL_Driver/Inc -I../Drivers/STM32F4xx_HAL_Driver/Inc/Legacy -I../Drivers/CMSIS/Device/ST/STM32F4xx/Include -I../Drivers/CMSIS/Include -O0 -ffunction-sections -fdata-sections -Wall -fstack-usage -MMD -MP -MF"Core/Src/LedDriver.d" -MT"Core/Src/LedDriver.o" --specs=nano.specs -mfpu=fpv4-sp-d16 -mfloat-abi=hard -mthumb -o "Core/Src/LedDriver.o"
arm-none-eabi-gcc "../Core/Src/UART_helper.c" -mcpu=cortex-m4 -std=gnu11 -g3 -DDEBUG -DUSE_HAL_DRIVER -DSTM32F446xx -c -I../Core/Inc -I../Drivers/STM32F4xx_HAL_Driver/Inc -I../Drivers/STM32F4xx_HAL_Driver/Inc/Legacy -I../Drivers/CMSIS/Device/ST/STM32F4xx/Include -I../Drivers/CMSIS/Include -O0 -ffunction-sections -fdata-sections -Wall -fstack-usage -MMD -MP -MF"Core/Src/UART_helper.d" -MT"Core/Src/UART_helper.o" --specs=nano.specs -mfpu=fpv4-sp-d16 -mfloat-abi=hard -mthumb -o "Core/Src/UART_helper.o"
arm-none-eabi-gcc "../Core/Src/main.c" -mcpu=cortex-m4 -std=gnu11 -g3 -DDEBUG -DUSE_HAL_DRIVER -DSTM32F446xx -c -I../Core/Inc -I../Drivers/STM32F4xx_HAL_Driver/Inc -I../Drivers/STM32F4xx_HAL_Driver/Inc/Legacy -I../Drivers/CMSIS/Device/ST/STM32F4xx/Include -I../Drivers/CMSIS/Include -O0 -ffunction-sections -fdata-sections -Wall -fstack-usage -MMD -MP -MF"Core/Src/main.d" -MT"Core/Src/main.o" --specs=nano.specs -mfpu=fpv4-sp-d16 -mfloat-abi=hard -mthumb -o "Core/Src/main.o"
arm-none-eabi-gcc "../Core/Src/stepper.c" -mcpu=cortex-m4 -std=gnu11 -g3 -DDEBUG -DUSE_HAL_DRIVER -DSTM32F446xx -c -I../Core/Inc -I../Drivers/STM32F4xx_HAL_Driver/Inc -I../Drivers/STM32F4xx_HAL_Driver/Inc/Legacy -I../Drivers/CMSIS/Device/ST/STM32F4xx/Include -I../Drivers/CMSIS/Include -O0 -ffunction-sections -fdata-sections -Wall -fstack-usage -MMD -MP -MF"Core/Src/stepper.d" -MT"Core/Src/stepper.o" --specs=nano.specs -mfpu=fpv4-sp-d16 -mfloat-abi=hard -mthumb -o "Core/Src/stepper.o"
arm-none-eabi-gcc "../Core/Src/stm32f4xx_hal_msp.c" -mcpu=cortex-m4 -std=gnu11 -g3 -DDEBUG -DUSE_HAL_DRIVER -DSTM32F446xx -c -I../Core/Inc -I../Drivers/STM32F4xx_HAL_Driver/Inc -I../Drivers/STM32F4xx_HAL_Driver/Inc/Legacy -I../Drivers/CMSIS/Device/ST/STM32F4xx/Include -I../Drivers/CMSIS/Include -O0 -ffunction-sections -fdata-sections -Wall -fstack-usage -MMD -MP -MF"Core/Src/stm32f4xx_hal_msp.d" -MT"Core/Src/stm32f4xx_hal_msp.o" --specs=nano.specs -mfpu=fpv4-sp-d16 -mfloat-abi=hard -mthumb -o "Core/Src/stm32f4xx_hal_msp.o"
arm-none-eabi-gcc "../Core/Src/stm32f4xx_it.c" -mcpu=cortex-m4 -std=gnu11 -g3 -DDEBUG -DUSE_HAL_DRIVER -DSTM32F446xx -c -I../Core/Inc -I../Drivers/STM32F4xx_HAL_Driver/Inc -I../Drivers/STM32F4xx_HAL_Driver/Inc/Legacy -I../Drivers/CMSIS/Device/ST/STM32F4xx/Include -I../Drivers/CMSIS/Include -O0 -ffunction-sections -fdata-sections -Wall -fstack-usage -MMD -MP -MF"Core/Src/stm32f4xx_it.d" -MT"Core/Src/stm32f4xx_it.o" --specs=nano.specs -mfpu=fpv4-sp-d16 -mfloat-abi=hard -mthumb -o "Core/Src/stm32f4xx_it.o"
../Core/Src/main.c: In function 'HAL_UARTEx_RxEventCallback':
../Core/Src/main.c:742:28: warning: passing argument 1 of 'strstr' discards 'volatile' qualifier from pointer target type [-Wdiscarded-qualifiers]
  742 |   char* space_ptr = strstr(RxBuffer, "\r");
      |                            ^~~~~~~~
In file included from ../Core/Inc/main.h:37,
                 from ../Core/Src/main.c:20:
c:\st\stm32cubeide_1.10.1\stm32cubeide\plugins\com.st.stm32cube.ide.mcu.externaltools.gnu-tools-for-stm32.10.3-2021.10.win32_1.0.100.202210260954\tools\arm-none-eabi\include\string.h:48:16: note: expected 'const char *' but argument is of type 'volatile char *'
   48 | char  *strstr (const char *, const char *);
      |                ^~~~~~~~~~~~
In file included from ../Core/Src/main.c:25:
../Core/Src/main.c:748:19: warning: array subscript has type 'char' [-Wchar-subscripts]
  748 |    while (isspace(*space_ptr)) {
      |                   ^~~~~~~~~~
../Core/Src/main.c:763:18: warning: passing argument 1 of 'strtok' discards 'volatile' qualifier from pointer target type [-Wdiscarded-qualifiers]
  763 |   token = strtok(RxBuffer, "\r");
      |                  ^~~~~~~~
In file included from ../Core/Inc/main.h:37,
                 from ../Core/Src/main.c:20:
c:\st\stm32cubeide_1.10.1\stm32cubeide\plugins\com.st.stm32cube.ide.mcu.externaltools.gnu-tools-for-stm32.10.3-2021.10.win32_1.0.100.202210260954\tools\arm-none-eabi\include\string.h:50:16: note: expected 'char * restrict' but argument is of type 'volatile char *'
   50 | char  *strtok (char *__restrict, const char *__restrict);
      |                ^
../Core/Src/UART_helper.c: In function 'UART_Command':
../Core/Src/UART_helper.c:120:11: warning: passing argument 1 of 'memset' discards 'volatile' qualifier from pointer target type [-Wdiscarded-qualifiers]
  120 |    memset(RxBuffer,0,sizeof(RxBuffer));
      |           ^~~~~~~~
In file included from ../Core/Inc/main.h:37,
                 from ../Core/Inc/stepper.h:13,
                 from ../Core/Inc/UART_helper.h:13,
                 from ../Core/Src/UART_helper.c:8:
c:\st\stm32cubeide_1.10.1\stm32cubeide\plugins\com.st.stm32cube.ide.mcu.externaltools.gnu-tools-for-stm32.10.3-2021.10.win32_1.0.100.202210260954\tools\arm-none-eabi\include\string.h:33:17: note: expected 'void *' but argument is of type 'volatile char *'
   33 | void *  memset (void *, int, size_t);
      |                 ^~~~~~
../Core/Src/UART_helper.c:130:11: warning: passing argument 1 of 'memset' discards 'volatile' qualifier from pointer target type [-Wdiscarded-qualifiers]
  130 |    memset(RxBuffer,0,sizeof(RxBuffer));
      |           ^~~~~~~~
In file included from ../Core/Inc/main.h:37,
                 from ../Core/Inc/stepper.h:13,
                 from ../Core/Inc/UART_helper.h:13,
                 from ../Core/Src/UART_helper.c:8:
c:\st\stm32cubeide_1.10.1\stm32cubeide\plugins\com.st.stm32cube.ide.mcu.externaltools.gnu-tools-for-stm32.10.3-2021.10.win32_1.0.100.202210260954\tools\arm-none-eabi\include\string.h:33:17: note: expected 'void *' but argument is of type 'volatile char *'
   33 | void *  memset (void *, int, size_t);
      |                 ^~~~~~
../Core/Src/UART_helper.c:136:11: warning: passing argument 1 of 'memset' discards 'volatile' qualifier from pointer target type [-Wdiscarded-qualifiers]
  136 |    memset(RxBuffer,0,sizeof(RxBuffer));
      |           ^~~~~~~~
In file included from ../Core/Inc/main.h:37,
                 from ../Core/Inc/stepper.h:13,
                 from ../Core/Inc/UART_helper.h:13,
                 from ../Core/Src/UART_helper.c:8:
c:\st\stm32cubeide_1.10.1\stm32cubeide\plugins\com.st.stm32cube.ide.mcu.externaltools.gnu-tools-for-stm32.10.3-2021.10.win32_1.0.100.202210260954\tools\arm-none-eabi\include\string.h:33:17: note: expected 'void *' but argument is of type 'volatile char *'
   33 | void *  memset (void *, int, size_t);
      |                 ^~~~~~
../Core/Src/main.c:774:7: warning: implicit declaration of function 'is_instant_command' [-Wimplicit-function-declaration]
  774 |    if(is_instant_command(tokens[i])){
      |       ^~~~~~~~~~~~~~~~~~
../Core/Src/main.c: In function 'HAL_UART_RxCpltCallback':
../Core/Src/main.c:808:37: warning: passing argument 2 of 'enqueue' discards 'volatile' qualifier from pointer target type [-Wdiscarded-qualifiers]
  808 |             enqueue(&CommandBuffer, RxBuffer);
      |                                     ^~~~~~~~
In file included from ../Core/Inc/main.h:35,
                 from ../Core/Src/main.c:20:
../Core/Inc/circular_queue.h:20:53: note: expected 'const char *' but argument is of type 'volatile char *'
   20 | void enqueue(volatile CircularQueue* q, const char* item);
      |                                         ~~~~~~~~~~~~^~~~
arm-none-eabi-gcc -o "G_code_stepper_motor.elf" @"objects.list"   -mcpu=cortex-m4 -T"C:\Users\Ajith Pinninti\Documents\Neuranics_Lab)Pvt_Ltd_Office_word\Workspace\MORPHX_Firmware\G_code_stepper_motor\STM32F446RETX_FLASH.ld" --specs=nosys.specs -Wl,-Map="G_code_stepper_motor.map" -Wl,--gc-sections -static -u_printf_float --specs=nano.specs -mfpu=fpv4-sp-d16 -mfloat-abi=hard -mthumb -Wl,--start-group -lc -lm -Wl,--end-group
Finished building target: G_code_stepper_motor.elf
 
arm-none-eabi-size   G_code_stepper_motor.elf 
arm-none-eabi-objdump -h -S  G_code_stepper_motor.elf  > "G_code_stepper_motor.list"
   text	   data	    bss	    dec	    hex	filename
  45696	    588	   3556	  49840	   c2b0	G_code_stepper_motor.elf
Finished building: default.size.stdout
 
Finished building: G_code_stepper_motor.list
 
14:47:11 **** Incremental Build of configuration Debug for project G_code_stepper_motor ****
make -j12 all 
arm-none-eabi-size   G_code_stepper_motor.elf 
   text	   data	    bss	    dec	    hex	filename
  45696	    588	   3556	  49840	   c2b0	G_code_stepper_motor.elf
Finished building: default.size.stdout
 
14:48:39 **** Incremental Build of configuration Debug for project G_code_stepper_motor ****
make -j12 all 
arm-none-eabi-gcc "../Core/Src/GCode_helper.c" -mcpu=cortex-m4 -std=gnu11 -g3 -DDEBUG -DUSE_HAL_DRIVER -DSTM32F446xx -c -I../Core/Inc -I../Drivers/STM32F4xx_HAL_Driver/Inc -I../Drivers/STM32F4xx_HAL_Driver/Inc/Legacy -I../Drivers/CMSIS/Device/ST/STM32F4xx/Include -I../Drivers/CMSIS/Include -O0 -ffunction-sections -fdata-sections -Wall -fstack-usage -MMD -MP -MF"Core/Src/GCode_helper.d" -MT"Core/Src/GCode_helper.o" --specs=nano.specs -mfpu=fpv4-sp-d16 -mfloat-abi=hard -mthumb -o "Core/Src/GCode_helper.o"
../Core/Src/GCode_helper.c: In function 'send_json_data':
../Core/Src/GCode_helper.c:144:28: error: 'NaN' undeclared (first use in this function); did you mean 'NAN'?
  144 |     status ->encoder_val = NaN;
      |                            ^~~
      |                            NAN
../Core/Src/GCode_helper.c:144:28: note: each undeclared identifier is reported only once for each function it appears in
make: *** [Core/Src/subdir.mk:49: Core/Src/GCode_helper.o] Error 1
"make -j12 all" terminated with exit code 2. Build might be incomplete.
14:49:12 **** Incremental Build of configuration Debug for project G_code_stepper_motor ****
make -j12 all 
arm-none-eabi-gcc "../Core/Src/GCode_helper.c" -mcpu=cortex-m4 -std=gnu11 -g3 -DDEBUG -DUSE_HAL_DRIVER -DSTM32F446xx -c -I../Core/Inc -I../Drivers/STM32F4xx_HAL_Driver/Inc -I../Drivers/STM32F4xx_HAL_Driver/Inc/Legacy -I../Drivers/CMSIS/Device/ST/STM32F4xx/Include -I../Drivers/CMSIS/Include -O0 -ffunction-sections -fdata-sections -Wall -fstack-usage -MMD -MP -MF"Core/Src/GCode_helper.d" -MT"Core/Src/GCode_helper.o" --specs=nano.specs -mfpu=fpv4-sp-d16 -mfloat-abi=hard -mthumb -o "Core/Src/GCode_helper.o"
../Core/Src/GCode_helper.c: In function 'send_json_data':
../Core/Src/GCode_helper.c:144:26: warning: assignment to 'uint32_t' {aka 'long unsigned int'} from 'void *' makes integer from pointer without a cast [-Wint-conversion]
  144 |     status ->encoder_val = NULL;
      |                          ^
arm-none-eabi-gcc -o "G_code_stepper_motor.elf" @"objects.list"   -mcpu=cortex-m4 -T"C:\Users\Ajith Pinninti\Documents\Neuranics_Lab)Pvt_Ltd_Office_word\Workspace\MORPHX_Firmware\G_code_stepper_motor\STM32F446RETX_FLASH.ld" --specs=nosys.specs -Wl,-Map="G_code_stepper_motor.map" -Wl,--gc-sections -static -u_printf_float --specs=nano.specs -mfpu=fpv4-sp-d16 -mfloat-abi=hard -mthumb -Wl,--start-group -lc -lm -Wl,--end-group
Finished building target: G_code_stepper_motor.elf
 
arm-none-eabi-size   G_code_stepper_motor.elf 
arm-none-eabi-objdump -h -S  G_code_stepper_motor.elf  > "G_code_stepper_motor.list"
   text	   data	    bss	    dec	    hex	filename
  45696	    588	   3556	  49840	   c2b0	G_code_stepper_motor.elf
Finished building: default.size.stdout
 
Finished building: G_code_stepper_motor.list
 
14:49:29 **** Incremental Build of configuration Debug for project G_code_stepper_motor ****
make -j12 all 
arm-none-eabi-gcc "../Core/Src/GCode_helper.c" -mcpu=cortex-m4 -std=gnu11 -g3 -DDEBUG -DUSE_HAL_DRIVER -DSTM32F446xx -c -I../Core/Inc -I../Drivers/STM32F4xx_HAL_Driver/Inc -I../Drivers/STM32F4xx_HAL_Driver/Inc/Legacy -I../Drivers/CMSIS/Device/ST/STM32F4xx/Include -I../Drivers/CMSIS/Include -O0 -ffunction-sections -fdata-sections -Wall -fstack-usage -MMD -MP -MF"Core/Src/GCode_helper.d" -MT"Core/Src/GCode_helper.o" --specs=nano.specs -mfpu=fpv4-sp-d16 -mfloat-abi=hard -mthumb -o "Core/Src/GCode_helper.o"
arm-none-eabi-gcc -o "G_code_stepper_motor.elf" @"objects.list"   -mcpu=cortex-m4 -T"C:\Users\Ajith Pinninti\Documents\Neuranics_Lab)Pvt_Ltd_Office_word\Workspace\MORPHX_Firmware\G_code_stepper_motor\STM32F446RETX_FLASH.ld" --specs=nosys.specs -Wl,-Map="G_code_stepper_motor.map" -Wl,--gc-sections -static -u_printf_float --specs=nano.specs -mfpu=fpv4-sp-d16 -mfloat-abi=hard -mthumb -Wl,--start-group -lc -lm -Wl,--end-group
Finished building target: G_code_stepper_motor.elf
 
arm-none-eabi-size   G_code_stepper_motor.elf 
arm-none-eabi-objdump -h -S  G_code_stepper_motor.elf  > "G_code_stepper_motor.list"
   text	   data	    bss	    dec	    hex	filename
  45696	    588	   3556	  49840	   c2b0	G_code_stepper_motor.elf
Finished building: default.size.stdout
 
Finished building: G_code_stepper_motor.list
 
14:52:02 **** Incremental Build of configuration Debug for project G_code_stepper_motor ****
make -j12 all 
arm-none-eabi-gcc "../Core/Src/GCode_helper.c" -mcpu=cortex-m4 -std=gnu11 -g3 -DDEBUG -DUSE_HAL_DRIVER -DSTM32F446xx -c -I../Core/Inc -I../Drivers/STM32F4xx_HAL_Driver/Inc -I../Drivers/STM32F4xx_HAL_Driver/Inc/Legacy -I../Drivers/CMSIS/Device/ST/STM32F4xx/Include -I../Drivers/CMSIS/Include -O0 -ffunction-sections -fdata-sections -Wall -fstack-usage -MMD -MP -MF"Core/Src/GCode_helper.d" -MT"Core/Src/GCode_helper.o" --specs=nano.specs -mfpu=fpv4-sp-d16 -mfloat-abi=hard -mthumb -o "Core/Src/GCode_helper.o"
arm-none-eabi-gcc -o "G_code_stepper_motor.elf" @"objects.list"   -mcpu=cortex-m4 -T"C:\Users\Ajith Pinninti\Documents\Neuranics_Lab)Pvt_Ltd_Office_word\Workspace\MORPHX_Firmware\G_code_stepper_motor\STM32F446RETX_FLASH.ld" --specs=nosys.specs -Wl,-Map="G_code_stepper_motor.map" -Wl,--gc-sections -static -u_printf_float --specs=nano.specs -mfpu=fpv4-sp-d16 -mfloat-abi=hard -mthumb -Wl,--start-group -lc -lm -Wl,--end-group
Finished building target: G_code_stepper_motor.elf
 
arm-none-eabi-size   G_code_stepper_motor.elf 
arm-none-eabi-objdump -h -S  G_code_stepper_motor.elf  > "G_code_stepper_motor.list"
   text	   data	    bss	    dec	    hex	filename
  45696	    588	   3556	  49840	   c2b0	G_code_stepper_motor.elf
Finished building: default.size.stdout
 
Finished building: G_code_stepper_motor.list
 
14:53:03 **** Incremental Build of configuration Debug for project G_code_stepper_motor ****
make -j12 all 
arm-none-eabi-gcc "../Core/Src/GCode_helper.c" -mcpu=cortex-m4 -std=gnu11 -g3 -DDEBUG -DUSE_HAL_DRIVER -DSTM32F446xx -c -I../Core/Inc -I../Drivers/STM32F4xx_HAL_Driver/Inc -I../Drivers/STM32F4xx_HAL_Driver/Inc/Legacy -I../Drivers/CMSIS/Device/ST/STM32F4xx/Include -I../Drivers/CMSIS/Include -O0 -ffunction-sections -fdata-sections -Wall -fstack-usage -MMD -MP -MF"Core/Src/GCode_helper.d" -MT"Core/Src/GCode_helper.o" --specs=nano.specs -mfpu=fpv4-sp-d16 -mfloat-abi=hard -mthumb -o "Core/Src/GCode_helper.o"
arm-none-eabi-gcc "../Core/Src/LedDriver.c" -mcpu=cortex-m4 -std=gnu11 -g3 -DDEBUG -DUSE_HAL_DRIVER -DSTM32F446xx -c -I../Core/Inc -I../Drivers/STM32F4xx_HAL_Driver/Inc -I../Drivers/STM32F4xx_HAL_Driver/Inc/Legacy -I../Drivers/CMSIS/Device/ST/STM32F4xx/Include -I../Drivers/CMSIS/Include -O0 -ffunction-sections -fdata-sections -Wall -fstack-usage -MMD -MP -MF"Core/Src/LedDriver.d" -MT"Core/Src/LedDriver.o" --specs=nano.specs -mfpu=fpv4-sp-d16 -mfloat-abi=hard -mthumb -o "Core/Src/LedDriver.o"
arm-none-eabi-gcc "../Core/Src/UART_helper.c" -mcpu=cortex-m4 -std=gnu11 -g3 -DDEBUG -DUSE_HAL_DRIVER -DSTM32F446xx -c -I../Core/Inc -I../Drivers/STM32F4xx_HAL_Driver/Inc -I../Drivers/STM32F4xx_HAL_Driver/Inc/Legacy -I../Drivers/CMSIS/Device/ST/STM32F4xx/Include -I../Drivers/CMSIS/Include -O0 -ffunction-sections -fdata-sections -Wall -fstack-usage -MMD -MP -MF"Core/Src/UART_helper.d" -MT"Core/Src/UART_helper.o" --specs=nano.specs -mfpu=fpv4-sp-d16 -mfloat-abi=hard -mthumb -o "Core/Src/UART_helper.o"
arm-none-eabi-gcc "../Core/Src/circular_queue.c" -mcpu=cortex-m4 -std=gnu11 -g3 -DDEBUG -DUSE_HAL_DRIVER -DSTM32F446xx -c -I../Core/Inc -I../Drivers/STM32F4xx_HAL_Driver/Inc -I../Drivers/STM32F4xx_HAL_Driver/Inc/Legacy -I../Drivers/CMSIS/Device/ST/STM32F4xx/Include -I../Drivers/CMSIS/Include -O0 -ffunction-sections -fdata-sections -Wall -fstack-usage -MMD -MP -MF"Core/Src/circular_queue.d" -MT"Core/Src/circular_queue.o" --specs=nano.specs -mfpu=fpv4-sp-d16 -mfloat-abi=hard -mthumb -o "Core/Src/circular_queue.o"
arm-none-eabi-gcc "../Core/Src/main.c" -mcpu=cortex-m4 -std=gnu11 -g3 -DDEBUG -DUSE_HAL_DRIVER -DSTM32F446xx -c -I../Core/Inc -I../Drivers/STM32F4xx_HAL_Driver/Inc -I../Drivers/STM32F4xx_HAL_Driver/Inc/Legacy -I../Drivers/CMSIS/Device/ST/STM32F4xx/Include -I../Drivers/CMSIS/Include -O0 -ffunction-sections -fdata-sections -Wall -fstack-usage -MMD -MP -MF"Core/Src/main.d" -MT"Core/Src/main.o" --specs=nano.specs -mfpu=fpv4-sp-d16 -mfloat-abi=hard -mthumb -o "Core/Src/main.o"
arm-none-eabi-gcc "../Core/Src/stepper.c" -mcpu=cortex-m4 -std=gnu11 -g3 -DDEBUG -DUSE_HAL_DRIVER -DSTM32F446xx -c -I../Core/Inc -I../Drivers/STM32F4xx_HAL_Driver/Inc -I../Drivers/STM32F4xx_HAL_Driver/Inc/Legacy -I../Drivers/CMSIS/Device/ST/STM32F4xx/Include -I../Drivers/CMSIS/Include -O0 -ffunction-sections -fdata-sections -Wall -fstack-usage -MMD -MP -MF"Core/Src/stepper.d" -MT"Core/Src/stepper.o" --specs=nano.specs -mfpu=fpv4-sp-d16 -mfloat-abi=hard -mthumb -o "Core/Src/stepper.o"
arm-none-eabi-gcc "../Core/Src/stm32f4xx_hal_msp.c" -mcpu=cortex-m4 -std=gnu11 -g3 -DDEBUG -DUSE_HAL_DRIVER -DSTM32F446xx -c -I../Core/Inc -I../Drivers/STM32F4xx_HAL_Driver/Inc -I../Drivers/STM32F4xx_HAL_Driver/Inc/Legacy -I../Drivers/CMSIS/Device/ST/STM32F4xx/Include -I../Drivers/CMSIS/Include -O0 -ffunction-sections -fdata-sections -Wall -fstack-usage -MMD -MP -MF"Core/Src/stm32f4xx_hal_msp.d" -MT"Core/Src/stm32f4xx_hal_msp.o" --specs=nano.specs -mfpu=fpv4-sp-d16 -mfloat-abi=hard -mthumb -o "Core/Src/stm32f4xx_hal_msp.o"
arm-none-eabi-gcc "../Core/Src/stm32f4xx_it.c" -mcpu=cortex-m4 -std=gnu11 -g3 -DDEBUG -DUSE_HAL_DRIVER -DSTM32F446xx -c -I../Core/Inc -I../Drivers/STM32F4xx_HAL_Driver/Inc -I../Drivers/STM32F4xx_HAL_Driver/Inc/Legacy -I../Drivers/CMSIS/Device/ST/STM32F4xx/Include -I../Drivers/CMSIS/Include -O0 -ffunction-sections -fdata-sections -Wall -fstack-usage -MMD -MP -MF"Core/Src/stm32f4xx_it.d" -MT"Core/Src/stm32f4xx_it.o" --specs=nano.specs -mfpu=fpv4-sp-d16 -mfloat-abi=hard -mthumb -o "Core/Src/stm32f4xx_it.o"
../Core/Src/circular_queue.c: In function 'enqueue':
../Core/Src/circular_queue.c:31:20: warning: passing argument 1 of 'strcpy' discards 'volatile' qualifier from pointer target type [-Wdiscarded-qualifiers]
   31 |     strcpy(q->items[q->rear], item);
      |            ~~~~~~~~^~~~~~~~~
In file included from ../Core/Src/circular_queue.c:3:
c:\st\stm32cubeide_1.10.1\stm32cubeide\plugins\com.st.stm32cube.ide.mcu.externaltools.gnu-tools-for-stm32.10.3-2021.10.win32_1.0.100.202210260954\tools\arm-none-eabi\include\string.h:38:16: note: expected 'char * restrict' but argument is of type 'volatile char *'
   38 | char  *strcpy (char *__restrict, const char *__restrict);
      |                ^
../Core/Src/circular_queue.c: In function 'dequeue':
../Core/Src/circular_queue.c:39:8: warning: assignment discards 'volatile' qualifier from pointer target type [-Wdiscarded-qualifiers]
   39 |   item = q->items[q->front];
      |        ^
../Core/Src/UART_helper.c: In function 'UART_Command':
../Core/Src/UART_helper.c:120:11: warning: passing argument 1 of 'memset' discards 'volatile' qualifier from pointer target type [-Wdiscarded-qualifiers]
  120 |    memset(RxBuffer,0,sizeof(RxBuffer));
      |           ^~~~~~~~
In file included from ../Core/Inc/main.h:37,
                 from ../Core/Inc/stepper.h:13,
                 from ../Core/Inc/UART_helper.h:13,
                 from ../Core/Src/UART_helper.c:8:
c:\st\stm32cubeide_1.10.1\stm32cubeide\plugins\com.st.stm32cube.ide.mcu.externaltools.gnu-tools-for-stm32.10.3-2021.10.win32_1.0.100.202210260954\tools\arm-none-eabi\include\string.h:33:17: note: expected 'void *' but argument is of type 'volatile char *'
   33 | void *  memset (void *, int, size_t);
      |                 ^~~~~~
../Core/Src/UART_helper.c:130:11: warning: passing argument 1 of 'memset' discards 'volatile' qualifier from pointer target type [-Wdiscarded-qualifiers]
  130 |    memset(RxBuffer,0,sizeof(RxBuffer));
      |           ^~~~~~~~
In file included from ../Core/Inc/main.h:37,
                 from ../Core/Inc/stepper.h:13,
                 from ../Core/Inc/UART_helper.h:13,
                 from ../Core/Src/UART_helper.c:8:
c:\st\stm32cubeide_1.10.1\stm32cubeide\plugins\com.st.stm32cube.ide.mcu.externaltools.gnu-tools-for-stm32.10.3-2021.10.win32_1.0.100.202210260954\tools\arm-none-eabi\include\string.h:33:17: note: expected 'void *' but argument is of type 'volatile char *'
   33 | void *  memset (void *, int, size_t);
      |                 ^~~~~~
../Core/Src/UART_helper.c:136:11: warning: passing argument 1 of 'memset' discards 'volatile' qualifier from pointer target type [-Wdiscarded-qualifiers]
  136 |    memset(RxBuffer,0,sizeof(RxBuffer));
      |           ^~~~~~~~
In file included from ../Core/Inc/main.h:37,
                 from ../Core/Inc/stepper.h:13,
                 from ../Core/Inc/UART_helper.h:13,
                 from ../Core/Src/UART_helper.c:8:
c:\st\stm32cubeide_1.10.1\stm32cubeide\plugins\com.st.stm32cube.ide.mcu.externaltools.gnu-tools-for-stm32.10.3-2021.10.win32_1.0.100.202210260954\tools\arm-none-eabi\include\string.h:33:17: note: expected 'void *' but argument is of type 'volatile char *'
   33 | void *  memset (void *, int, size_t);
      |                 ^~~~~~
../Core/Src/main.c: In function 'HAL_UARTEx_RxEventCallback':
../Core/Src/main.c:742:28: warning: passing argument 1 of 'strstr' discards 'volatile' qualifier from pointer target type [-Wdiscarded-qualifiers]
  742 |   char* space_ptr = strstr(RxBuffer, "\r");
      |                            ^~~~~~~~
In file included from ../Core/Inc/main.h:37,
                 from ../Core/Src/main.c:20:
c:\st\stm32cubeide_1.10.1\stm32cubeide\plugins\com.st.stm32cube.ide.mcu.externaltools.gnu-tools-for-stm32.10.3-2021.10.win32_1.0.100.202210260954\tools\arm-none-eabi\include\string.h:48:16: note: expected 'const char *' but argument is of type 'volatile char *'
   48 | char  *strstr (const char *, const char *);
      |                ^~~~~~~~~~~~
In file included from ../Core/Src/main.c:25:
../Core/Src/main.c:748:19: warning: array subscript has type 'char' [-Wchar-subscripts]
  748 |    while (isspace(*space_ptr)) {
      |                   ^~~~~~~~~~
../Core/Src/main.c:763:18: warning: passing argument 1 of 'strtok' discards 'volatile' qualifier from pointer target type [-Wdiscarded-qualifiers]
  763 |   token = strtok(RxBuffer, "\r");
      |                  ^~~~~~~~
In file included from ../Core/Inc/main.h:37,
                 from ../Core/Src/main.c:20:
c:\st\stm32cubeide_1.10.1\stm32cubeide\plugins\com.st.stm32cube.ide.mcu.externaltools.gnu-tools-for-stm32.10.3-2021.10.win32_1.0.100.202210260954\tools\arm-none-eabi\include\string.h:50:16: note: expected 'char * restrict' but argument is of type 'volatile char *'
   50 | char  *strtok (char *__restrict, const char *__restrict);
      |                ^
../Core/Src/main.c:774:7: warning: implicit declaration of function 'is_instant_command' [-Wimplicit-function-declaration]
  774 |    if(is_instant_command(tokens[i])){
      |       ^~~~~~~~~~~~~~~~~~
../Core/Src/main.c: In function 'HAL_UART_RxCpltCallback':
../Core/Src/main.c:808:37: warning: passing argument 2 of 'enqueue' discards 'volatile' qualifier from pointer target type [-Wdiscarded-qualifiers]
  808 |             enqueue(&CommandBuffer, RxBuffer);
      |                                     ^~~~~~~~
In file included from ../Core/Inc/main.h:35,
                 from ../Core/Src/main.c:20:
../Core/Inc/circular_queue.h:20:53: note: expected 'const char *' but argument is of type 'volatile char *'
   20 | void enqueue(volatile CircularQueue* q, const char* item);
      |                                         ~~~~~~~~~~~~^~~~
arm-none-eabi-gcc -o "G_code_stepper_motor.elf" @"objects.list"   -mcpu=cortex-m4 -T"C:\Users\Ajith Pinninti\Documents\Neuranics_Lab)Pvt_Ltd_Office_word\Workspace\MORPHX_Firmware\G_code_stepper_motor\STM32F446RETX_FLASH.ld" --specs=nosys.specs -Wl,-Map="G_code_stepper_motor.map" -Wl,--gc-sections -static -u_printf_float --specs=nano.specs -mfpu=fpv4-sp-d16 -mfloat-abi=hard -mthumb -Wl,--start-group -lc -lm -Wl,--end-group
Finished building target: G_code_stepper_motor.elf
 
arm-none-eabi-size   G_code_stepper_motor.elf 
arm-none-eabi-objdump -h -S  G_code_stepper_motor.elf  > "G_code_stepper_motor.list"
   text	   data	    bss	    dec	    hex	filename
  45696	    588	   3556	  49840	   c2b0	G_code_stepper_motor.elf
Finished building: default.size.stdout
 
Finished building: G_code_stepper_motor.list
 
14:57:44 **** Incremental Build of configuration Debug for project G_code_stepper_motor ****
make -j12 all 
arm-none-eabi-gcc "../Core/Src/GCode_helper.c" -mcpu=cortex-m4 -std=gnu11 -g3 -DDEBUG -DUSE_HAL_DRIVER -DSTM32F446xx -c -I../Core/Inc -I../Drivers/STM32F4xx_HAL_Driver/Inc -I../Drivers/STM32F4xx_HAL_Driver/Inc/Legacy -I../Drivers/CMSIS/Device/ST/STM32F4xx/Include -I../Drivers/CMSIS/Include -O0 -ffunction-sections -fdata-sections -Wall -fstack-usage -MMD -MP -MF"Core/Src/GCode_helper.d" -MT"Core/Src/GCode_helper.o" --specs=nano.specs -mfpu=fpv4-sp-d16 -mfloat-abi=hard -mthumb -o "Core/Src/GCode_helper.o"
arm-none-eabi-gcc -o "G_code_stepper_motor.elf" @"objects.list"   -mcpu=cortex-m4 -T"C:\Users\Ajith Pinninti\Documents\Neuranics_Lab)Pvt_Ltd_Office_word\Workspace\MORPHX_Firmware\G_code_stepper_motor\STM32F446RETX_FLASH.ld" --specs=nosys.specs -Wl,-Map="G_code_stepper_motor.map" -Wl,--gc-sections -static -u_printf_float --specs=nano.specs -mfpu=fpv4-sp-d16 -mfloat-abi=hard -mthumb -Wl,--start-group -lc -lm -Wl,--end-group
Finished building target: G_code_stepper_motor.elf
 
arm-none-eabi-size   G_code_stepper_motor.elf 
arm-none-eabi-objdump -h -S  G_code_stepper_motor.elf  > "G_code_stepper_motor.list"
   text	   data	    bss	    dec	    hex	filename
  45872	    588	   3556	  50016	   c360	G_code_stepper_motor.elf
Finished building: default.size.stdout
 
Finished building: G_code_stepper_motor.list
 
14:58:37 **** Incremental Build of configuration Debug for project G_code_stepper_motor ****
make -j12 all 
arm-none-eabi-gcc "../Core/Src/GCode_helper.c" -mcpu=cortex-m4 -std=gnu11 -g3 -DDEBUG -DUSE_HAL_DRIVER -DSTM32F446xx -c -I../Core/Inc -I../Drivers/STM32F4xx_HAL_Driver/Inc -I../Drivers/STM32F4xx_HAL_Driver/Inc/Legacy -I../Drivers/CMSIS/Device/ST/STM32F4xx/Include -I../Drivers/CMSIS/Include -O0 -ffunction-sections -fdata-sections -Wall -fstack-usage -MMD -MP -MF"Core/Src/GCode_helper.d" -MT"Core/Src/GCode_helper.o" --specs=nano.specs -mfpu=fpv4-sp-d16 -mfloat-abi=hard -mthumb -o "Core/Src/GCode_helper.o"
../Core/Src/GCode_helper.c: In function 'is_instant_command':
../Core/Src/GCode_helper.c:44:4: warning: implicit declaration of function 'send_json_data' [-Wimplicit-function-declaration]
   44 |    send_json_data(&Driv_status);
      |    ^~~~~~~~~~~~~~
../Core/Src/GCode_helper.c: At top level:
../Core/Src/GCode_helper.c:170:6: warning: conflicting types for 'send_json_data'
  170 | void send_json_data(Driver_status* status){
      |      ^~~~~~~~~~~~~~
../Core/Src/GCode_helper.c:44:4: note: previous implicit declaration of 'send_json_data' was here
   44 |    send_json_data(&Driv_status);
      |    ^~~~~~~~~~~~~~
arm-none-eabi-gcc -o "G_code_stepper_motor.elf" @"objects.list"   -mcpu=cortex-m4 -T"C:\Users\Ajith Pinninti\Documents\Neuranics_Lab)Pvt_Ltd_Office_word\Workspace\MORPHX_Firmware\G_code_stepper_motor\STM32F446RETX_FLASH.ld" --specs=nosys.specs -Wl,-Map="G_code_stepper_motor.map" -Wl,--gc-sections -static -u_printf_float --specs=nano.specs -mfpu=fpv4-sp-d16 -mfloat-abi=hard -mthumb -Wl,--start-group -lc -lm -Wl,--end-group
Finished building target: G_code_stepper_motor.elf
 
arm-none-eabi-size   G_code_stepper_motor.elf 
arm-none-eabi-objdump -h -S  G_code_stepper_motor.elf  > "G_code_stepper_motor.list"
   text	   data	    bss	    dec	    hex	filename
  46032	    588	   3556	  50176	   c400	G_code_stepper_motor.elf
Finished building: default.size.stdout
 
Finished building: G_code_stepper_motor.list
 
14:59:30 **** Incremental Build of configuration Debug for project G_code_stepper_motor ****
make -j12 all 
arm-none-eabi-gcc "../Core/Src/GCode_helper.c" -mcpu=cortex-m4 -std=gnu11 -g3 -DDEBUG -DUSE_HAL_DRIVER -DSTM32F446xx -c -I../Core/Inc -I../Drivers/STM32F4xx_HAL_Driver/Inc -I../Drivers/STM32F4xx_HAL_Driver/Inc/Legacy -I../Drivers/CMSIS/Device/ST/STM32F4xx/Include -I../Drivers/CMSIS/Include -O0 -ffunction-sections -fdata-sections -Wall -fstack-usage -MMD -MP -MF"Core/Src/GCode_helper.d" -MT"Core/Src/GCode_helper.o" --specs=nano.specs -mfpu=fpv4-sp-d16 -mfloat-abi=hard -mthumb -o "Core/Src/GCode_helper.o"
arm-none-eabi-gcc "../Core/Src/LedDriver.c" -mcpu=cortex-m4 -std=gnu11 -g3 -DDEBUG -DUSE_HAL_DRIVER -DSTM32F446xx -c -I../Core/Inc -I../Drivers/STM32F4xx_HAL_Driver/Inc -I../Drivers/STM32F4xx_HAL_Driver/Inc/Legacy -I../Drivers/CMSIS/Device/ST/STM32F4xx/Include -I../Drivers/CMSIS/Include -O0 -ffunction-sections -fdata-sections -Wall -fstack-usage -MMD -MP -MF"Core/Src/LedDriver.d" -MT"Core/Src/LedDriver.o" --specs=nano.specs -mfpu=fpv4-sp-d16 -mfloat-abi=hard -mthumb -o "Core/Src/LedDriver.o"
arm-none-eabi-gcc "../Core/Src/UART_helper.c" -mcpu=cortex-m4 -std=gnu11 -g3 -DDEBUG -DUSE_HAL_DRIVER -DSTM32F446xx -c -I../Core/Inc -I../Drivers/STM32F4xx_HAL_Driver/Inc -I../Drivers/STM32F4xx_HAL_Driver/Inc/Legacy -I../Drivers/CMSIS/Device/ST/STM32F4xx/Include -I../Drivers/CMSIS/Include -O0 -ffunction-sections -fdata-sections -Wall -fstack-usage -MMD -MP -MF"Core/Src/UART_helper.d" -MT"Core/Src/UART_helper.o" --specs=nano.specs -mfpu=fpv4-sp-d16 -mfloat-abi=hard -mthumb -o "Core/Src/UART_helper.o"
arm-none-eabi-gcc "../Core/Src/main.c" -mcpu=cortex-m4 -std=gnu11 -g3 -DDEBUG -DUSE_HAL_DRIVER -DSTM32F446xx -c -I../Core/Inc -I../Drivers/STM32F4xx_HAL_Driver/Inc -I../Drivers/STM32F4xx_HAL_Driver/Inc/Legacy -I../Drivers/CMSIS/Device/ST/STM32F4xx/Include -I../Drivers/CMSIS/Include -O0 -ffunction-sections -fdata-sections -Wall -fstack-usage -MMD -MP -MF"Core/Src/main.d" -MT"Core/Src/main.o" --specs=nano.specs -mfpu=fpv4-sp-d16 -mfloat-abi=hard -mthumb -o "Core/Src/main.o"
arm-none-eabi-gcc "../Core/Src/stepper.c" -mcpu=cortex-m4 -std=gnu11 -g3 -DDEBUG -DUSE_HAL_DRIVER -DSTM32F446xx -c -I../Core/Inc -I../Drivers/STM32F4xx_HAL_Driver/Inc -I../Drivers/STM32F4xx_HAL_Driver/Inc/Legacy -I../Drivers/CMSIS/Device/ST/STM32F4xx/Include -I../Drivers/CMSIS/Include -O0 -ffunction-sections -fdata-sections -Wall -fstack-usage -MMD -MP -MF"Core/Src/stepper.d" -MT"Core/Src/stepper.o" --specs=nano.specs -mfpu=fpv4-sp-d16 -mfloat-abi=hard -mthumb -o "Core/Src/stepper.o"
arm-none-eabi-gcc "../Core/Src/stm32f4xx_hal_msp.c" -mcpu=cortex-m4 -std=gnu11 -g3 -DDEBUG -DUSE_HAL_DRIVER -DSTM32F446xx -c -I../Core/Inc -I../Drivers/STM32F4xx_HAL_Driver/Inc -I../Drivers/STM32F4xx_HAL_Driver/Inc/Legacy -I../Drivers/CMSIS/Device/ST/STM32F4xx/Include -I../Drivers/CMSIS/Include -O0 -ffunction-sections -fdata-sections -Wall -fstack-usage -MMD -MP -MF"Core/Src/stm32f4xx_hal_msp.d" -MT"Core/Src/stm32f4xx_hal_msp.o" --specs=nano.specs -mfpu=fpv4-sp-d16 -mfloat-abi=hard -mthumb -o "Core/Src/stm32f4xx_hal_msp.o"
arm-none-eabi-gcc "../Core/Src/stm32f4xx_it.c" -mcpu=cortex-m4 -std=gnu11 -g3 -DDEBUG -DUSE_HAL_DRIVER -DSTM32F446xx -c -I../Core/Inc -I../Drivers/STM32F4xx_HAL_Driver/Inc -I../Drivers/STM32F4xx_HAL_Driver/Inc/Legacy -I../Drivers/CMSIS/Device/ST/STM32F4xx/Include -I../Drivers/CMSIS/Include -O0 -ffunction-sections -fdata-sections -Wall -fstack-usage -MMD -MP -MF"Core/Src/stm32f4xx_it.d" -MT"Core/Src/stm32f4xx_it.o" --specs=nano.specs -mfpu=fpv4-sp-d16 -mfloat-abi=hard -mthumb -o "Core/Src/stm32f4xx_it.o"
../Core/Src/main.c: In function 'HAL_UARTEx_RxEventCallback':
../Core/Src/main.c:742:28: warning: passing argument 1 of 'strstr' discards 'volatile' qualifier from pointer target type [-Wdiscarded-qualifiers]
  742 |   char* space_ptr = strstr(RxBuffer, "\r");
      |                            ^~~~~~~~
In file included from ../Core/Inc/main.h:37,
                 from ../Core/Src/main.c:20:
c:\st\stm32cubeide_1.10.1\stm32cubeide\plugins\com.st.stm32cube.ide.mcu.externaltools.gnu-tools-for-stm32.10.3-2021.10.win32_1.0.100.202210260954\tools\arm-none-eabi\include\string.h:48:16: note: expected 'const char *' but argument is of type 'volatile char *'
   48 | char  *strstr (const char *, const char *);
      |                ^~~~~~~~~~~~
In file included from ../Core/Src/main.c:25:
../Core/Src/main.c:748:19: warning: array subscript has type 'char' [-Wchar-subscripts]
  748 |    while (isspace(*space_ptr)) {
      |                   ^~~~~~~~~~
../Core/Src/main.c:763:18: warning: passing argument 1 of 'strtok' discards 'volatile' qualifier from pointer target type [-Wdiscarded-qualifiers]
  763 |   token = strtok(RxBuffer, "\r");
      |                  ^~~~~~~~
In file included from ../Core/Inc/main.h:37,
                 from ../Core/Src/main.c:20:
c:\st\stm32cubeide_1.10.1\stm32cubeide\plugins\com.st.stm32cube.ide.mcu.externaltools.gnu-tools-for-stm32.10.3-2021.10.win32_1.0.100.202210260954\tools\arm-none-eabi\include\string.h:50:16: note: expected 'char * restrict' but argument is of type 'volatile char *'
   50 | char  *strtok (char *__restrict, const char *__restrict);
      |                ^
../Core/Src/UART_helper.c: In function 'UART_Command':
../Core/Src/UART_helper.c:120:11: warning: passing argument 1 of 'memset' discards 'volatile' qualifier from pointer target type [-Wdiscarded-qualifiers]
  120 |    memset(RxBuffer,0,sizeof(RxBuffer));
      |           ^~~~~~~~
In file included from ../Core/Inc/main.h:37,
                 from ../Core/Inc/stepper.h:13,
                 from ../Core/Inc/UART_helper.h:13,
                 from ../Core/Src/UART_helper.c:8:
c:\st\stm32cubeide_1.10.1\stm32cubeide\plugins\com.st.stm32cube.ide.mcu.externaltools.gnu-tools-for-stm32.10.3-2021.10.win32_1.0.100.202210260954\tools\arm-none-eabi\include\string.h:33:17: note: expected 'void *' but argument is of type 'volatile char *'
   33 | void *  memset (void *, int, size_t);
      |                 ^~~~~~
../Core/Src/UART_helper.c:130:11: warning: passing argument 1 of 'memset' discards 'volatile' qualifier from pointer target type [-Wdiscarded-qualifiers]
  130 |    memset(RxBuffer,0,sizeof(RxBuffer));
      |           ^~~~~~~~
In file included from ../Core/Inc/main.h:37,
                 from ../Core/Inc/stepper.h:13,
                 from ../Core/Inc/UART_helper.h:13,
                 from ../Core/Src/UART_helper.c:8:
c:\st\stm32cubeide_1.10.1\stm32cubeide\plugins\com.st.stm32cube.ide.mcu.externaltools.gnu-tools-for-stm32.10.3-2021.10.win32_1.0.100.202210260954\tools\arm-none-eabi\include\string.h:33:17: note: expected 'void *' but argument is of type 'volatile char *'
   33 | void *  memset (void *, int, size_t);
      |                 ^~~~~~
../Core/Src/UART_helper.c:136:11: warning: passing argument 1 of 'memset' discards 'volatile' qualifier from pointer target type [-Wdiscarded-qualifiers]
  136 |    memset(RxBuffer,0,sizeof(RxBuffer));
      |           ^~~~~~~~
In file included from ../Core/Inc/main.h:37,
                 from ../Core/Inc/stepper.h:13,
                 from ../Core/Inc/UART_helper.h:13,
                 from ../Core/Src/UART_helper.c:8:
c:\st\stm32cubeide_1.10.1\stm32cubeide\plugins\com.st.stm32cube.ide.mcu.externaltools.gnu-tools-for-stm32.10.3-2021.10.win32_1.0.100.202210260954\tools\arm-none-eabi\include\string.h:33:17: note: expected 'void *' but argument is of type 'volatile char *'
   33 | void *  memset (void *, int, size_t);
      |                 ^~~~~~
../Core/Src/main.c:774:7: warning: implicit declaration of function 'is_instant_command' [-Wimplicit-function-declaration]
  774 |    if(is_instant_command(tokens[i])){
      |       ^~~~~~~~~~~~~~~~~~
../Core/Src/main.c: In function 'HAL_UART_RxCpltCallback':
../Core/Src/main.c:808:37: warning: passing argument 2 of 'enqueue' discards 'volatile' qualifier from pointer target type [-Wdiscarded-qualifiers]
  808 |             enqueue(&CommandBuffer, RxBuffer);
      |                                     ^~~~~~~~
In file included from ../Core/Inc/main.h:35,
                 from ../Core/Src/main.c:20:
../Core/Inc/circular_queue.h:20:53: note: expected 'const char *' but argument is of type 'volatile char *'
   20 | void enqueue(volatile CircularQueue* q, const char* item);
      |                                         ~~~~~~~~~~~~^~~~
arm-none-eabi-gcc -o "G_code_stepper_motor.elf" @"objects.list"   -mcpu=cortex-m4 -T"C:\Users\Ajith Pinninti\Documents\Neuranics_Lab)Pvt_Ltd_Office_word\Workspace\MORPHX_Firmware\G_code_stepper_motor\STM32F446RETX_FLASH.ld" --specs=nosys.specs -Wl,-Map="G_code_stepper_motor.map" -Wl,--gc-sections -static -u_printf_float --specs=nano.specs -mfpu=fpv4-sp-d16 -mfloat-abi=hard -mthumb -Wl,--start-group -lc -lm -Wl,--end-group
Finished building target: G_code_stepper_motor.elf
 
arm-none-eabi-size   G_code_stepper_motor.elf 
arm-none-eabi-objdump -h -S  G_code_stepper_motor.elf  > "G_code_stepper_motor.list"
   text	   data	    bss	    dec	    hex	filename
  46032	    588	   3556	  50176	   c400	G_code_stepper_motor.elf
Finished building: default.size.stdout
 
Finished building: G_code_stepper_motor.list
 
14:59:37 **** Incremental Build of configuration Debug for project G_code_stepper_motor ****
make -j12 all 
arm-none-eabi-gcc "../Core/Src/GCode_helper.c" -mcpu=cortex-m4 -std=gnu11 -g3 -DDEBUG -DUSE_HAL_DRIVER -DSTM32F446xx -c -I../Core/Inc -I../Drivers/STM32F4xx_HAL_Driver/Inc -I../Drivers/STM32F4xx_HAL_Driver/Inc/Legacy -I../Drivers/CMSIS/Device/ST/STM32F4xx/Include -I../Drivers/CMSIS/Include -O0 -ffunction-sections -fdata-sections -Wall -fstack-usage -MMD -MP -MF"Core/Src/GCode_helper.d" -MT"Core/Src/GCode_helper.o" --specs=nano.specs -mfpu=fpv4-sp-d16 -mfloat-abi=hard -mthumb -o "Core/Src/GCode_helper.o"
arm-none-eabi-gcc "../Core/Src/LedDriver.c" -mcpu=cortex-m4 -std=gnu11 -g3 -DDEBUG -DUSE_HAL_DRIVER -DSTM32F446xx -c -I../Core/Inc -I../Drivers/STM32F4xx_HAL_Driver/Inc -I../Drivers/STM32F4xx_HAL_Driver/Inc/Legacy -I../Drivers/CMSIS/Device/ST/STM32F4xx/Include -I../Drivers/CMSIS/Include -O0 -ffunction-sections -fdata-sections -Wall -fstack-usage -MMD -MP -MF"Core/Src/LedDriver.d" -MT"Core/Src/LedDriver.o" --specs=nano.specs -mfpu=fpv4-sp-d16 -mfloat-abi=hard -mthumb -o "Core/Src/LedDriver.o"
arm-none-eabi-gcc "../Core/Src/UART_helper.c" -mcpu=cortex-m4 -std=gnu11 -g3 -DDEBUG -DUSE_HAL_DRIVER -DSTM32F446xx -c -I../Core/Inc -I../Drivers/STM32F4xx_HAL_Driver/Inc -I../Drivers/STM32F4xx_HAL_Driver/Inc/Legacy -I../Drivers/CMSIS/Device/ST/STM32F4xx/Include -I../Drivers/CMSIS/Include -O0 -ffunction-sections -fdata-sections -Wall -fstack-usage -MMD -MP -MF"Core/Src/UART_helper.d" -MT"Core/Src/UART_helper.o" --specs=nano.specs -mfpu=fpv4-sp-d16 -mfloat-abi=hard -mthumb -o "Core/Src/UART_helper.o"
arm-none-eabi-gcc "../Core/Src/main.c" -mcpu=cortex-m4 -std=gnu11 -g3 -DDEBUG -DUSE_HAL_DRIVER -DSTM32F446xx -c -I../Core/Inc -I../Drivers/STM32F4xx_HAL_Driver/Inc -I../Drivers/STM32F4xx_HAL_Driver/Inc/Legacy -I../Drivers/CMSIS/Device/ST/STM32F4xx/Include -I../Drivers/CMSIS/Include -O0 -ffunction-sections -fdata-sections -Wall -fstack-usage -MMD -MP -MF"Core/Src/main.d" -MT"Core/Src/main.o" --specs=nano.specs -mfpu=fpv4-sp-d16 -mfloat-abi=hard -mthumb -o "Core/Src/main.o"
arm-none-eabi-gcc "../Core/Src/stepper.c" -mcpu=cortex-m4 -std=gnu11 -g3 -DDEBUG -DUSE_HAL_DRIVER -DSTM32F446xx -c -I../Core/Inc -I../Drivers/STM32F4xx_HAL_Driver/Inc -I../Drivers/STM32F4xx_HAL_Driver/Inc/Legacy -I../Drivers/CMSIS/Device/ST/STM32F4xx/Include -I../Drivers/CMSIS/Include -O0 -ffunction-sections -fdata-sections -Wall -fstack-usage -MMD -MP -MF"Core/Src/stepper.d" -MT"Core/Src/stepper.o" --specs=nano.specs -mfpu=fpv4-sp-d16 -mfloat-abi=hard -mthumb -o "Core/Src/stepper.o"
arm-none-eabi-gcc "../Core/Src/stm32f4xx_hal_msp.c" -mcpu=cortex-m4 -std=gnu11 -g3 -DDEBUG -DUSE_HAL_DRIVER -DSTM32F446xx -c -I../Core/Inc -I../Drivers/STM32F4xx_HAL_Driver/Inc -I../Drivers/STM32F4xx_HAL_Driver/Inc/Legacy -I../Drivers/CMSIS/Device/ST/STM32F4xx/Include -I../Drivers/CMSIS/Include -O0 -ffunction-sections -fdata-sections -Wall -fstack-usage -MMD -MP -MF"Core/Src/stm32f4xx_hal_msp.d" -MT"Core/Src/stm32f4xx_hal_msp.o" --specs=nano.specs -mfpu=fpv4-sp-d16 -mfloat-abi=hard -mthumb -o "Core/Src/stm32f4xx_hal_msp.o"
arm-none-eabi-gcc "../Core/Src/stm32f4xx_it.c" -mcpu=cortex-m4 -std=gnu11 -g3 -DDEBUG -DUSE_HAL_DRIVER -DSTM32F446xx -c -I../Core/Inc -I../Drivers/STM32F4xx_HAL_Driver/Inc -I../Drivers/STM32F4xx_HAL_Driver/Inc/Legacy -I../Drivers/CMSIS/Device/ST/STM32F4xx/Include -I../Drivers/CMSIS/Include -O0 -ffunction-sections -fdata-sections -Wall -fstack-usage -MMD -MP -MF"Core/Src/stm32f4xx_it.d" -MT"Core/Src/stm32f4xx_it.o" --specs=nano.specs -mfpu=fpv4-sp-d16 -mfloat-abi=hard -mthumb -o "Core/Src/stm32f4xx_it.o"
../Core/Src/UART_helper.c: In function 'UART_Command':
../Core/Src/UART_helper.c:120:11: warning: passing argument 1 of 'memset' discards 'volatile' qualifier from pointer target type [-Wdiscarded-qualifiers]
  120 |    memset(RxBuffer,0,sizeof(RxBuffer));
      |           ^~~~~~~~
In file included from ../Core/Inc/main.h:37,
                 from ../Core/Inc/stepper.h:13,
                 from ../Core/Inc/UART_helper.h:13,
                 from ../Core/Src/UART_helper.c:8:
c:\st\stm32cubeide_1.10.1\stm32cubeide\plugins\com.st.stm32cube.ide.mcu.externaltools.gnu-tools-for-stm32.10.3-2021.10.win32_1.0.100.202210260954\tools\arm-none-eabi\include\string.h:33:17: note: expected 'void *' but argument is of type 'volatile char *'
   33 | void *  memset (void *, int, size_t);
      |                 ^~~~~~
../Core/Src/UART_helper.c:130:11: warning: passing argument 1 of 'memset' discards 'volatile' qualifier from pointer target type [-Wdiscarded-qualifiers]
  130 |    memset(RxBuffer,0,sizeof(RxBuffer));
      |           ^~~~~~~~
In file included from ../Core/Inc/main.h:37,
                 from ../Core/Inc/stepper.h:13,
                 from ../Core/Inc/UART_helper.h:13,
                 from ../Core/Src/UART_helper.c:8:
c:\st\stm32cubeide_1.10.1\stm32cubeide\plugins\com.st.stm32cube.ide.mcu.externaltools.gnu-tools-for-stm32.10.3-2021.10.win32_1.0.100.202210260954\tools\arm-none-eabi\include\string.h:33:17: note: expected 'void *' but argument is of type 'volatile char *'
   33 | void *  memset (void *, int, size_t);
      |                 ^~~~~~
../Core/Src/UART_helper.c:136:11: warning: passing argument 1 of 'memset' discards 'volatile' qualifier from pointer target type [-Wdiscarded-qualifiers]
  136 |    memset(RxBuffer,0,sizeof(RxBuffer));
      |           ^~~~~~~~
In file included from ../Core/Inc/main.h:37,
                 from ../Core/Inc/stepper.h:13,
                 from ../Core/Inc/UART_helper.h:13,
                 from ../Core/Src/UART_helper.c:8:
c:\st\stm32cubeide_1.10.1\stm32cubeide\plugins\com.st.stm32cube.ide.mcu.externaltools.gnu-tools-for-stm32.10.3-2021.10.win32_1.0.100.202210260954\tools\arm-none-eabi\include\string.h:33:17: note: expected 'void *' but argument is of type 'volatile char *'
   33 | void *  memset (void *, int, size_t);
      |                 ^~~~~~
../Core/Src/main.c: In function 'HAL_UARTEx_RxEventCallback':
../Core/Src/main.c:742:28: warning: passing argument 1 of 'strstr' discards 'volatile' qualifier from pointer target type [-Wdiscarded-qualifiers]
  742 |   char* space_ptr = strstr(RxBuffer, "\r");
      |                            ^~~~~~~~
In file included from ../Core/Inc/main.h:37,
                 from ../Core/Src/main.c:20:
c:\st\stm32cubeide_1.10.1\stm32cubeide\plugins\com.st.stm32cube.ide.mcu.externaltools.gnu-tools-for-stm32.10.3-2021.10.win32_1.0.100.202210260954\tools\arm-none-eabi\include\string.h:48:16: note: expected 'const char *' but argument is of type 'volatile char *'
   48 | char  *strstr (const char *, const char *);
      |                ^~~~~~~~~~~~
In file included from ../Core/Src/main.c:25:
../Core/Src/main.c:748:19: warning: array subscript has type 'char' [-Wchar-subscripts]
  748 |    while (isspace(*space_ptr)) {
      |                   ^~~~~~~~~~
../Core/Src/main.c:763:18: warning: passing argument 1 of 'strtok' discards 'volatile' qualifier from pointer target type [-Wdiscarded-qualifiers]
  763 |   token = strtok(RxBuffer, "\r");
      |                  ^~~~~~~~
In file included from ../Core/Inc/main.h:37,
                 from ../Core/Src/main.c:20:
c:\st\stm32cubeide_1.10.1\stm32cubeide\plugins\com.st.stm32cube.ide.mcu.externaltools.gnu-tools-for-stm32.10.3-2021.10.win32_1.0.100.202210260954\tools\arm-none-eabi\include\string.h:50:16: note: expected 'char * restrict' but argument is of type 'volatile char *'
   50 | char  *strtok (char *__restrict, const char *__restrict);
      |                ^
../Core/Src/main.c:774:7: warning: implicit declaration of function 'is_instant_command' [-Wimplicit-function-declaration]
  774 |    if(is_instant_command(tokens[i])){
      |       ^~~~~~~~~~~~~~~~~~
../Core/Src/main.c: In function 'HAL_UART_RxCpltCallback':
../Core/Src/main.c:808:37: warning: passing argument 2 of 'enqueue' discards 'volatile' qualifier from pointer target type [-Wdiscarded-qualifiers]
  808 |             enqueue(&CommandBuffer, RxBuffer);
      |                                     ^~~~~~~~
In file included from ../Core/Inc/main.h:35,
                 from ../Core/Src/main.c:20:
../Core/Inc/circular_queue.h:20:53: note: expected 'const char *' but argument is of type 'volatile char *'
   20 | void enqueue(volatile CircularQueue* q, const char* item);
      |                                         ~~~~~~~~~~~~^~~~
arm-none-eabi-gcc -o "G_code_stepper_motor.elf" @"objects.list"   -mcpu=cortex-m4 -T"C:\Users\Ajith Pinninti\Documents\Neuranics_Lab)Pvt_Ltd_Office_word\Workspace\MORPHX_Firmware\G_code_stepper_motor\STM32F446RETX_FLASH.ld" --specs=nosys.specs -Wl,-Map="G_code_stepper_motor.map" -Wl,--gc-sections -static -u_printf_float --specs=nano.specs -mfpu=fpv4-sp-d16 -mfloat-abi=hard -mthumb -Wl,--start-group -lc -lm -Wl,--end-group
Finished building target: G_code_stepper_motor.elf
 
arm-none-eabi-size   G_code_stepper_motor.elf 
arm-none-eabi-objdump -h -S  G_code_stepper_motor.elf  > "G_code_stepper_motor.list"
   text	   data	    bss	    dec	    hex	filename
  46032	    588	   3556	  50176	   c400	G_code_stepper_motor.elf
Finished building: default.size.stdout
 
Finished building: G_code_stepper_motor.list
 
15:00:45 **** Incremental Build of configuration Debug for project G_code_stepper_motor ****
make -j12 all 
arm-none-eabi-gcc "../Core/Src/GCode_helper.c" -mcpu=cortex-m4 -std=gnu11 -g3 -DDEBUG -DUSE_HAL_DRIVER -DSTM32F446xx -c -I../Core/Inc -I../Drivers/STM32F4xx_HAL_Driver/Inc -I../Drivers/STM32F4xx_HAL_Driver/Inc/Legacy -I../Drivers/CMSIS/Device/ST/STM32F4xx/Include -I../Drivers/CMSIS/Include -O0 -ffunction-sections -fdata-sections -Wall -fstack-usage -MMD -MP -MF"Core/Src/GCode_helper.d" -MT"Core/Src/GCode_helper.o" --specs=nano.specs -mfpu=fpv4-sp-d16 -mfloat-abi=hard -mthumb -o "Core/Src/GCode_helper.o"
arm-none-eabi-gcc "../Core/Src/LedDriver.c" -mcpu=cortex-m4 -std=gnu11 -g3 -DDEBUG -DUSE_HAL_DRIVER -DSTM32F446xx -c -I../Core/Inc -I../Drivers/STM32F4xx_HAL_Driver/Inc -I../Drivers/STM32F4xx_HAL_Driver/Inc/Legacy -I../Drivers/CMSIS/Device/ST/STM32F4xx/Include -I../Drivers/CMSIS/Include -O0 -ffunction-sections -fdata-sections -Wall -fstack-usage -MMD -MP -MF"Core/Src/LedDriver.d" -MT"Core/Src/LedDriver.o" --specs=nano.specs -mfpu=fpv4-sp-d16 -mfloat-abi=hard -mthumb -o "Core/Src/LedDriver.o"
arm-none-eabi-gcc "../Core/Src/UART_helper.c" -mcpu=cortex-m4 -std=gnu11 -g3 -DDEBUG -DUSE_HAL_DRIVER -DSTM32F446xx -c -I../Core/Inc -I../Drivers/STM32F4xx_HAL_Driver/Inc -I../Drivers/STM32F4xx_HAL_Driver/Inc/Legacy -I../Drivers/CMSIS/Device/ST/STM32F4xx/Include -I../Drivers/CMSIS/Include -O0 -ffunction-sections -fdata-sections -Wall -fstack-usage -MMD -MP -MF"Core/Src/UART_helper.d" -MT"Core/Src/UART_helper.o" --specs=nano.specs -mfpu=fpv4-sp-d16 -mfloat-abi=hard -mthumb -o "Core/Src/UART_helper.o"
arm-none-eabi-gcc "../Core/Src/main.c" -mcpu=cortex-m4 -std=gnu11 -g3 -DDEBUG -DUSE_HAL_DRIVER -DSTM32F446xx -c -I../Core/Inc -I../Drivers/STM32F4xx_HAL_Driver/Inc -I../Drivers/STM32F4xx_HAL_Driver/Inc/Legacy -I../Drivers/CMSIS/Device/ST/STM32F4xx/Include -I../Drivers/CMSIS/Include -O0 -ffunction-sections -fdata-sections -Wall -fstack-usage -MMD -MP -MF"Core/Src/main.d" -MT"Core/Src/main.o" --specs=nano.specs -mfpu=fpv4-sp-d16 -mfloat-abi=hard -mthumb -o "Core/Src/main.o"
arm-none-eabi-gcc "../Core/Src/stepper.c" -mcpu=cortex-m4 -std=gnu11 -g3 -DDEBUG -DUSE_HAL_DRIVER -DSTM32F446xx -c -I../Core/Inc -I../Drivers/STM32F4xx_HAL_Driver/Inc -I../Drivers/STM32F4xx_HAL_Driver/Inc/Legacy -I../Drivers/CMSIS/Device/ST/STM32F4xx/Include -I../Drivers/CMSIS/Include -O0 -ffunction-sections -fdata-sections -Wall -fstack-usage -MMD -MP -MF"Core/Src/stepper.d" -MT"Core/Src/stepper.o" --specs=nano.specs -mfpu=fpv4-sp-d16 -mfloat-abi=hard -mthumb -o "Core/Src/stepper.o"
arm-none-eabi-gcc "../Core/Src/stm32f4xx_hal_msp.c" -mcpu=cortex-m4 -std=gnu11 -g3 -DDEBUG -DUSE_HAL_DRIVER -DSTM32F446xx -c -I../Core/Inc -I../Drivers/STM32F4xx_HAL_Driver/Inc -I../Drivers/STM32F4xx_HAL_Driver/Inc/Legacy -I../Drivers/CMSIS/Device/ST/STM32F4xx/Include -I../Drivers/CMSIS/Include -O0 -ffunction-sections -fdata-sections -Wall -fstack-usage -MMD -MP -MF"Core/Src/stm32f4xx_hal_msp.d" -MT"Core/Src/stm32f4xx_hal_msp.o" --specs=nano.specs -mfpu=fpv4-sp-d16 -mfloat-abi=hard -mthumb -o "Core/Src/stm32f4xx_hal_msp.o"
arm-none-eabi-gcc "../Core/Src/stm32f4xx_it.c" -mcpu=cortex-m4 -std=gnu11 -g3 -DDEBUG -DUSE_HAL_DRIVER -DSTM32F446xx -c -I../Core/Inc -I../Drivers/STM32F4xx_HAL_Driver/Inc -I../Drivers/STM32F4xx_HAL_Driver/Inc/Legacy -I../Drivers/CMSIS/Device/ST/STM32F4xx/Include -I../Drivers/CMSIS/Include -O0 -ffunction-sections -fdata-sections -Wall -fstack-usage -MMD -MP -MF"Core/Src/stm32f4xx_it.d" -MT"Core/Src/stm32f4xx_it.o" --specs=nano.specs -mfpu=fpv4-sp-d16 -mfloat-abi=hard -mthumb -o "Core/Src/stm32f4xx_it.o"
../Core/Src/UART_helper.c: In function 'UART_Command':
../Core/Src/UART_helper.c:120:11: warning: passing argument 1 of 'memset' discards 'volatile' qualifier from pointer target type [-Wdiscarded-qualifiers]
  120 |    memset(RxBuffer,0,sizeof(RxBuffer));
      |           ^~~~~~~~
In file included from ../Core/Inc/main.h:37,
                 from ../Core/Inc/stepper.h:13,
                 from ../Core/Inc/UART_helper.h:13,
                 from ../Core/Src/UART_helper.c:8:
c:\st\stm32cubeide_1.10.1\stm32cubeide\plugins\com.st.stm32cube.ide.mcu.externaltools.gnu-tools-for-stm32.10.3-2021.10.win32_1.0.100.202210260954\tools\arm-none-eabi\include\string.h:33:17: note: expected 'void *' but argument is of type 'volatile char *'
   33 | void *  memset (void *, int, size_t);
      |                 ^~~~~~
../Core/Src/UART_helper.c:130:11: warning: passing argument 1 of 'memset' discards 'volatile' qualifier from pointer target type [-Wdiscarded-qualifiers]
  130 |    memset(RxBuffer,0,sizeof(RxBuffer));
      |           ^~~~~~~~
In file included from ../Core/Inc/main.h:37,
                 from ../Core/Inc/stepper.h:13,
                 from ../Core/Inc/UART_helper.h:13,
                 from ../Core/Src/UART_helper.c:8:
c:\st\stm32cubeide_1.10.1\stm32cubeide\plugins\com.st.stm32cube.ide.mcu.externaltools.gnu-tools-for-stm32.10.3-2021.10.win32_1.0.100.202210260954\tools\arm-none-eabi\include\string.h:33:17: note: expected 'void *' but argument is of type 'volatile char *'
   33 | void *  memset (void *, int, size_t);
      |                 ^~~~~~
../Core/Src/UART_helper.c:136:11: warning: passing argument 1 of 'memset' discards 'volatile' qualifier from pointer target type [-Wdiscarded-qualifiers]
  136 |    memset(RxBuffer,0,sizeof(RxBuffer));
      |           ^~~~~~~~
In file included from ../Core/Inc/main.h:37,
                 from ../Core/Inc/stepper.h:13,
                 from ../Core/Inc/UART_helper.h:13,
                 from ../Core/Src/UART_helper.c:8:
c:\st\stm32cubeide_1.10.1\stm32cubeide\plugins\com.st.stm32cube.ide.mcu.externaltools.gnu-tools-for-stm32.10.3-2021.10.win32_1.0.100.202210260954\tools\arm-none-eabi\include\string.h:33:17: note: expected 'void *' but argument is of type 'volatile char *'
   33 | void *  memset (void *, int, size_t);
      |                 ^~~~~~
../Core/Src/main.c: In function 'HAL_UARTEx_RxEventCallback':
../Core/Src/main.c:742:28: warning: passing argument 1 of 'strstr' discards 'volatile' qualifier from pointer target type [-Wdiscarded-qualifiers]
  742 |   char* space_ptr = strstr(RxBuffer, "\r");
      |                            ^~~~~~~~
In file included from ../Core/Inc/main.h:37,
                 from ../Core/Src/main.c:20:
c:\st\stm32cubeide_1.10.1\stm32cubeide\plugins\com.st.stm32cube.ide.mcu.externaltools.gnu-tools-for-stm32.10.3-2021.10.win32_1.0.100.202210260954\tools\arm-none-eabi\include\string.h:48:16: note: expected 'const char *' but argument is of type 'volatile char *'
   48 | char  *strstr (const char *, const char *);
      |                ^~~~~~~~~~~~
In file included from ../Core/Src/main.c:25:
../Core/Src/main.c:748:19: warning: array subscript has type 'char' [-Wchar-subscripts]
  748 |    while (isspace(*space_ptr)) {
      |                   ^~~~~~~~~~
../Core/Src/main.c:763:18: warning: passing argument 1 of 'strtok' discards 'volatile' qualifier from pointer target type [-Wdiscarded-qualifiers]
  763 |   token = strtok(RxBuffer, "\r");
      |                  ^~~~~~~~
In file included from ../Core/Inc/main.h:37,
                 from ../Core/Src/main.c:20:
c:\st\stm32cubeide_1.10.1\stm32cubeide\plugins\com.st.stm32cube.ide.mcu.externaltools.gnu-tools-for-stm32.10.3-2021.10.win32_1.0.100.202210260954\tools\arm-none-eabi\include\string.h:50:16: note: expected 'char * restrict' but argument is of type 'volatile char *'
   50 | char  *strtok (char *__restrict, const char *__restrict);
      |                ^
../Core/Src/main.c: In function 'HAL_UART_RxCpltCallback':
../Core/Src/main.c:808:37: warning: passing argument 2 of 'enqueue' discards 'volatile' qualifier from pointer target type [-Wdiscarded-qualifiers]
  808 |             enqueue(&CommandBuffer, RxBuffer);
      |                                     ^~~~~~~~
In file included from ../Core/Inc/main.h:35,
                 from ../Core/Src/main.c:20:
../Core/Inc/circular_queue.h:20:53: note: expected 'const char *' but argument is of type 'volatile char *'
   20 | void enqueue(volatile CircularQueue* q, const char* item);
      |                                         ~~~~~~~~~~~~^~~~
arm-none-eabi-gcc -o "G_code_stepper_motor.elf" @"objects.list"   -mcpu=cortex-m4 -T"C:\Users\Ajith Pinninti\Documents\Neuranics_Lab)Pvt_Ltd_Office_word\Workspace\MORPHX_Firmware\G_code_stepper_motor\STM32F446RETX_FLASH.ld" --specs=nosys.specs -Wl,-Map="G_code_stepper_motor.map" -Wl,--gc-sections -static -u_printf_float --specs=nano.specs -mfpu=fpv4-sp-d16 -mfloat-abi=hard -mthumb -Wl,--start-group -lc -lm -Wl,--end-group
Finished building target: G_code_stepper_motor.elf
 
arm-none-eabi-size   G_code_stepper_motor.elf 
arm-none-eabi-objdump -h -S  G_code_stepper_motor.elf  > "G_code_stepper_motor.list"
   text	   data	    bss	    dec	    hex	filename
  46032	    588	   3556	  50176	   c400	G_code_stepper_motor.elf
Finished building: default.size.stdout
 
Finished building: G_code_stepper_motor.list
 
15:00:52 **** Incremental Build of configuration Debug for project G_code_stepper_motor ****
make -j12 all 
arm-none-eabi-gcc "../Core/Src/GCode_helper.c" -mcpu=cortex-m4 -std=gnu11 -g3 -DDEBUG -DUSE_HAL_DRIVER -DSTM32F446xx -c -I../Core/Inc -I../Drivers/STM32F4xx_HAL_Driver/Inc -I../Drivers/STM32F4xx_HAL_Driver/Inc/Legacy -I../Drivers/CMSIS/Device/ST/STM32F4xx/Include -I../Drivers/CMSIS/Include -O0 -ffunction-sections -fdata-sections -Wall -fstack-usage -MMD -MP -MF"Core/Src/GCode_helper.d" -MT"Core/Src/GCode_helper.o" --specs=nano.specs -mfpu=fpv4-sp-d16 -mfloat-abi=hard -mthumb -o "Core/Src/GCode_helper.o"
arm-none-eabi-gcc "../Core/Src/LedDriver.c" -mcpu=cortex-m4 -std=gnu11 -g3 -DDEBUG -DUSE_HAL_DRIVER -DSTM32F446xx -c -I../Core/Inc -I../Drivers/STM32F4xx_HAL_Driver/Inc -I../Drivers/STM32F4xx_HAL_Driver/Inc/Legacy -I../Drivers/CMSIS/Device/ST/STM32F4xx/Include -I../Drivers/CMSIS/Include -O0 -ffunction-sections -fdata-sections -Wall -fstack-usage -MMD -MP -MF"Core/Src/LedDriver.d" -MT"Core/Src/LedDriver.o" --specs=nano.specs -mfpu=fpv4-sp-d16 -mfloat-abi=hard -mthumb -o "Core/Src/LedDriver.o"
arm-none-eabi-gcc "../Core/Src/UART_helper.c" -mcpu=cortex-m4 -std=gnu11 -g3 -DDEBUG -DUSE_HAL_DRIVER -DSTM32F446xx -c -I../Core/Inc -I../Drivers/STM32F4xx_HAL_Driver/Inc -I../Drivers/STM32F4xx_HAL_Driver/Inc/Legacy -I../Drivers/CMSIS/Device/ST/STM32F4xx/Include -I../Drivers/CMSIS/Include -O0 -ffunction-sections -fdata-sections -Wall -fstack-usage -MMD -MP -MF"Core/Src/UART_helper.d" -MT"Core/Src/UART_helper.o" --specs=nano.specs -mfpu=fpv4-sp-d16 -mfloat-abi=hard -mthumb -o "Core/Src/UART_helper.o"
arm-none-eabi-gcc "../Core/Src/main.c" -mcpu=cortex-m4 -std=gnu11 -g3 -DDEBUG -DUSE_HAL_DRIVER -DSTM32F446xx -c -I../Core/Inc -I../Drivers/STM32F4xx_HAL_Driver/Inc -I../Drivers/STM32F4xx_HAL_Driver/Inc/Legacy -I../Drivers/CMSIS/Device/ST/STM32F4xx/Include -I../Drivers/CMSIS/Include -O0 -ffunction-sections -fdata-sections -Wall -fstack-usage -MMD -MP -MF"Core/Src/main.d" -MT"Core/Src/main.o" --specs=nano.specs -mfpu=fpv4-sp-d16 -mfloat-abi=hard -mthumb -o "Core/Src/main.o"
arm-none-eabi-gcc "../Core/Src/stepper.c" -mcpu=cortex-m4 -std=gnu11 -g3 -DDEBUG -DUSE_HAL_DRIVER -DSTM32F446xx -c -I../Core/Inc -I../Drivers/STM32F4xx_HAL_Driver/Inc -I../Drivers/STM32F4xx_HAL_Driver/Inc/Legacy -I../Drivers/CMSIS/Device/ST/STM32F4xx/Include -I../Drivers/CMSIS/Include -O0 -ffunction-sections -fdata-sections -Wall -fstack-usage -MMD -MP -MF"Core/Src/stepper.d" -MT"Core/Src/stepper.o" --specs=nano.specs -mfpu=fpv4-sp-d16 -mfloat-abi=hard -mthumb -o "Core/Src/stepper.o"
arm-none-eabi-gcc "../Core/Src/stm32f4xx_hal_msp.c" -mcpu=cortex-m4 -std=gnu11 -g3 -DDEBUG -DUSE_HAL_DRIVER -DSTM32F446xx -c -I../Core/Inc -I../Drivers/STM32F4xx_HAL_Driver/Inc -I../Drivers/STM32F4xx_HAL_Driver/Inc/Legacy -I../Drivers/CMSIS/Device/ST/STM32F4xx/Include -I../Drivers/CMSIS/Include -O0 -ffunction-sections -fdata-sections -Wall -fstack-usage -MMD -MP -MF"Core/Src/stm32f4xx_hal_msp.d" -MT"Core/Src/stm32f4xx_hal_msp.o" --specs=nano.specs -mfpu=fpv4-sp-d16 -mfloat-abi=hard -mthumb -o "Core/Src/stm32f4xx_hal_msp.o"
arm-none-eabi-gcc "../Core/Src/stm32f4xx_it.c" -mcpu=cortex-m4 -std=gnu11 -g3 -DDEBUG -DUSE_HAL_DRIVER -DSTM32F446xx -c -I../Core/Inc -I../Drivers/STM32F4xx_HAL_Driver/Inc -I../Drivers/STM32F4xx_HAL_Driver/Inc/Legacy -I../Drivers/CMSIS/Device/ST/STM32F4xx/Include -I../Drivers/CMSIS/Include -O0 -ffunction-sections -fdata-sections -Wall -fstack-usage -MMD -MP -MF"Core/Src/stm32f4xx_it.d" -MT"Core/Src/stm32f4xx_it.o" --specs=nano.specs -mfpu=fpv4-sp-d16 -mfloat-abi=hard -mthumb -o "Core/Src/stm32f4xx_it.o"
../Core/Src/UART_helper.c: In function 'UART_Command':
../Core/Src/UART_helper.c:120:11: warning: passing argument 1 of 'memset' discards 'volatile' qualifier from pointer target type [-Wdiscarded-qualifiers]
  120 |    memset(RxBuffer,0,sizeof(RxBuffer));
      |           ^~~~~~~~
In file included from ../Core/Inc/main.h:37,
                 from ../Core/Inc/stepper.h:13,
                 from ../Core/Inc/UART_helper.h:13,
                 from ../Core/Src/UART_helper.c:8:
c:\st\stm32cubeide_1.10.1\stm32cubeide\plugins\com.st.stm32cube.ide.mcu.externaltools.gnu-tools-for-stm32.10.3-2021.10.win32_1.0.100.202210260954\tools\arm-none-eabi\include\string.h:33:17: note: expected 'void *' but argument is of type 'volatile char *'
   33 | void *  memset (void *, int, size_t);
      |                 ^~~~~~
../Core/Src/UART_helper.c:130:11: warning: passing argument 1 of 'memset' discards 'volatile' qualifier from pointer target type [-Wdiscarded-qualifiers]
  130 |    memset(RxBuffer,0,sizeof(RxBuffer));
      |           ^~~~~~~~
In file included from ../Core/Inc/main.h:37,
                 from ../Core/Inc/stepper.h:13,
                 from ../Core/Inc/UART_helper.h:13,
                 from ../Core/Src/UART_helper.c:8:
c:\st\stm32cubeide_1.10.1\stm32cubeide\plugins\com.st.stm32cube.ide.mcu.externaltools.gnu-tools-for-stm32.10.3-2021.10.win32_1.0.100.202210260954\tools\arm-none-eabi\include\string.h:33:17: note: expected 'void *' but argument is of type 'volatile char *'
   33 | void *  memset (void *, int, size_t);
      |                 ^~~~~~
../Core/Src/UART_helper.c:136:11: warning: passing argument 1 of 'memset' discards 'volatile' qualifier from pointer target type [-Wdiscarded-qualifiers]
  136 |    memset(RxBuffer,0,sizeof(RxBuffer));
      |           ^~~~~~~~
In file included from ../Core/Inc/main.h:37,
                 from ../Core/Inc/stepper.h:13,
                 from ../Core/Inc/UART_helper.h:13,
                 from ../Core/Src/UART_helper.c:8:
c:\st\stm32cubeide_1.10.1\stm32cubeide\plugins\com.st.stm32cube.ide.mcu.externaltools.gnu-tools-for-stm32.10.3-2021.10.win32_1.0.100.202210260954\tools\arm-none-eabi\include\string.h:33:17: note: expected 'void *' but argument is of type 'volatile char *'
   33 | void *  memset (void *, int, size_t);
      |                 ^~~~~~
../Core/Src/main.c: In function 'HAL_UARTEx_RxEventCallback':
../Core/Src/main.c:742:28: warning: passing argument 1 of 'strstr' discards 'volatile' qualifier from pointer target type [-Wdiscarded-qualifiers]
  742 |   char* space_ptr = strstr(RxBuffer, "\r");
      |                            ^~~~~~~~
In file included from ../Core/Inc/main.h:37,
                 from ../Core/Src/main.c:20:
c:\st\stm32cubeide_1.10.1\stm32cubeide\plugins\com.st.stm32cube.ide.mcu.externaltools.gnu-tools-for-stm32.10.3-2021.10.win32_1.0.100.202210260954\tools\arm-none-eabi\include\string.h:48:16: note: expected 'const char *' but argument is of type 'volatile char *'
   48 | char  *strstr (const char *, const char *);
      |                ^~~~~~~~~~~~
In file included from ../Core/Src/main.c:25:
../Core/Src/main.c:748:19: warning: array subscript has type 'char' [-Wchar-subscripts]
  748 |    while (isspace(*space_ptr)) {
      |                   ^~~~~~~~~~
../Core/Src/main.c:763:18: warning: passing argument 1 of 'strtok' discards 'volatile' qualifier from pointer target type [-Wdiscarded-qualifiers]
  763 |   token = strtok(RxBuffer, "\r");
      |                  ^~~~~~~~
In file included from ../Core/Inc/main.h:37,
                 from ../Core/Src/main.c:20:
c:\st\stm32cubeide_1.10.1\stm32cubeide\plugins\com.st.stm32cube.ide.mcu.externaltools.gnu-tools-for-stm32.10.3-2021.10.win32_1.0.100.202210260954\tools\arm-none-eabi\include\string.h:50:16: note: expected 'char * restrict' but argument is of type 'volatile char *'
   50 | char  *strtok (char *__restrict, const char *__restrict);
      |                ^
../Core/Src/main.c: In function 'HAL_UART_RxCpltCallback':
../Core/Src/main.c:808:37: warning: passing argument 2 of 'enqueue' discards 'volatile' qualifier from pointer target type [-Wdiscarded-qualifiers]
  808 |             enqueue(&CommandBuffer, RxBuffer);
      |                                     ^~~~~~~~
In file included from ../Core/Inc/main.h:35,
                 from ../Core/Src/main.c:20:
../Core/Inc/circular_queue.h:20:53: note: expected 'const char *' but argument is of type 'volatile char *'
   20 | void enqueue(volatile CircularQueue* q, const char* item);
      |                                         ~~~~~~~~~~~~^~~~
arm-none-eabi-gcc -o "G_code_stepper_motor.elf" @"objects.list"   -mcpu=cortex-m4 -T"C:\Users\Ajith Pinninti\Documents\Neuranics_Lab)Pvt_Ltd_Office_word\Workspace\MORPHX_Firmware\G_code_stepper_motor\STM32F446RETX_FLASH.ld" --specs=nosys.specs -Wl,-Map="G_code_stepper_motor.map" -Wl,--gc-sections -static -u_printf_float --specs=nano.specs -mfpu=fpv4-sp-d16 -mfloat-abi=hard -mthumb -Wl,--start-group -lc -lm -Wl,--end-group
Finished building target: G_code_stepper_motor.elf
 
arm-none-eabi-size   G_code_stepper_motor.elf 
arm-none-eabi-objdump -h -S  G_code_stepper_motor.elf  > "G_code_stepper_motor.list"
   text	   data	    bss	    dec	    hex	filename
  46032	    588	   3556	  50176	   c400	G_code_stepper_motor.elf
Finished building: default.size.stdout
 
Finished building: G_code_stepper_motor.list
 
15:02:11 **** Incremental Build of configuration Debug for project G_code_stepper_motor ****
make -j12 all 
arm-none-eabi-gcc "../Core/Src/UART_helper.c" -mcpu=cortex-m4 -std=gnu11 -g3 -DDEBUG -DUSE_HAL_DRIVER -DSTM32F446xx -c -I../Core/Inc -I../Drivers/STM32F4xx_HAL_Driver/Inc -I../Drivers/STM32F4xx_HAL_Driver/Inc/Legacy -I../Drivers/CMSIS/Device/ST/STM32F4xx/Include -I../Drivers/CMSIS/Include -O0 -ffunction-sections -fdata-sections -Wall -fstack-usage -MMD -MP -MF"Core/Src/UART_helper.d" -MT"Core/Src/UART_helper.o" --specs=nano.specs -mfpu=fpv4-sp-d16 -mfloat-abi=hard -mthumb -o "Core/Src/UART_helper.o"
arm-none-eabi-gcc -o "G_code_stepper_motor.elf" @"objects.list"   -mcpu=cortex-m4 -T"C:\Users\Ajith Pinninti\Documents\Neuranics_Lab)Pvt_Ltd_Office_word\Workspace\MORPHX_Firmware\G_code_stepper_motor\STM32F446RETX_FLASH.ld" --specs=nosys.specs -Wl,-Map="G_code_stepper_motor.map" -Wl,--gc-sections -static -u_printf_float --specs=nano.specs -mfpu=fpv4-sp-d16 -mfloat-abi=hard -mthumb -Wl,--start-group -lc -lm -Wl,--end-group
Finished building target: G_code_stepper_motor.elf
 
arm-none-eabi-size   G_code_stepper_motor.elf 
arm-none-eabi-objdump -h -S  G_code_stepper_motor.elf  > "G_code_stepper_motor.list"
   text	   data	    bss	    dec	    hex	filename
  45968	    588	   3556	  50112	   c3c0	G_code_stepper_motor.elf
Finished building: default.size.stdout
 
Finished building: G_code_stepper_motor.list
 
15:02:54 **** Incremental Build of configuration Debug for project G_code_stepper_motor ****
make -j12 all 
arm-none-eabi-gcc "../Core/Src/UART_helper.c" -mcpu=cortex-m4 -std=gnu11 -g3 -DDEBUG -DUSE_HAL_DRIVER -DSTM32F446xx -c -I../Core/Inc -I../Drivers/STM32F4xx_HAL_Driver/Inc -I../Drivers/STM32F4xx_HAL_Driver/Inc/Legacy -I../Drivers/CMSIS/Device/ST/STM32F4xx/Include -I../Drivers/CMSIS/Include -O0 -ffunction-sections -fdata-sections -Wall -fstack-usage -MMD -MP -MF"Core/Src/UART_helper.d" -MT"Core/Src/UART_helper.o" --specs=nano.specs -mfpu=fpv4-sp-d16 -mfloat-abi=hard -mthumb -o "Core/Src/UART_helper.o"
arm-none-eabi-gcc -o "G_code_stepper_motor.elf" @"objects.list"   -mcpu=cortex-m4 -T"C:\Users\Ajith Pinninti\Documents\Neuranics_Lab)Pvt_Ltd_Office_word\Workspace\MORPHX_Firmware\G_code_stepper_motor\STM32F446RETX_FLASH.ld" --specs=nosys.specs -Wl,-Map="G_code_stepper_motor.map" -Wl,--gc-sections -static -u_printf_float --specs=nano.specs -mfpu=fpv4-sp-d16 -mfloat-abi=hard -mthumb -Wl,--start-group -lc -lm -Wl,--end-group
Finished building target: G_code_stepper_motor.elf
 
arm-none-eabi-size   G_code_stepper_motor.elf 
arm-none-eabi-objdump -h -S  G_code_stepper_motor.elf  > "G_code_stepper_motor.list"
   text	   data	    bss	    dec	    hex	filename
  45920	    588	   3556	  50064	   c390	G_code_stepper_motor.elf
Finished building: default.size.stdout
 
Finished building: G_code_stepper_motor.list
 
15:07:42 **** Incremental Build of configuration Debug for project G_code_stepper_motor ****
make -j12 all 
arm-none-eabi-gcc "../Core/Src/UART_helper.c" -mcpu=cortex-m4 -std=gnu11 -g3 -DDEBUG -DUSE_HAL_DRIVER -DSTM32F446xx -c -I../Core/Inc -I../Drivers/STM32F4xx_HAL_Driver/Inc -I../Drivers/STM32F4xx_HAL_Driver/Inc/Legacy -I../Drivers/CMSIS/Device/ST/STM32F4xx/Include -I../Drivers/CMSIS/Include -O0 -ffunction-sections -fdata-sections -Wall -fstack-usage -MMD -MP -MF"Core/Src/UART_helper.d" -MT"Core/Src/UART_helper.o" --specs=nano.specs -mfpu=fpv4-sp-d16 -mfloat-abi=hard -mthumb -o "Core/Src/UART_helper.o"
arm-none-eabi-gcc "../Core/Src/main.c" -mcpu=cortex-m4 -std=gnu11 -g3 -DDEBUG -DUSE_HAL_DRIVER -DSTM32F446xx -c -I../Core/Inc -I../Drivers/STM32F4xx_HAL_Driver/Inc -I../Drivers/STM32F4xx_HAL_Driver/Inc/Legacy -I../Drivers/CMSIS/Device/ST/STM32F4xx/Include -I../Drivers/CMSIS/Include -O0 -ffunction-sections -fdata-sections -Wall -fstack-usage -MMD -MP -MF"Core/Src/main.d" -MT"Core/Src/main.o" --specs=nano.specs -mfpu=fpv4-sp-d16 -mfloat-abi=hard -mthumb -o "Core/Src/main.o"
../Core/Src/main.c: In function 'HAL_UARTEx_RxEventCallback':
../Core/Src/main.c:742:28: warning: passing argument 1 of 'strstr' discards 'volatile' qualifier from pointer target type [-Wdiscarded-qualifiers]
  742 |   char* space_ptr = strstr(RxBuffer, "\r");
      |                            ^~~~~~~~
In file included from ../Core/Inc/main.h:37,
                 from ../Core/Src/main.c:20:
c:\st\stm32cubeide_1.10.1\stm32cubeide\plugins\com.st.stm32cube.ide.mcu.externaltools.gnu-tools-for-stm32.10.3-2021.10.win32_1.0.100.202210260954\tools\arm-none-eabi\include\string.h:48:16: note: expected 'const char *' but argument is of type 'volatile char *'
   48 | char  *strstr (const char *, const char *);
      |                ^~~~~~~~~~~~
In file included from ../Core/Src/main.c:25:
../Core/Src/main.c:748:19: warning: array subscript has type 'char' [-Wchar-subscripts]
  748 |    while (isspace(*space_ptr)) {
      |                   ^~~~~~~~~~
../Core/Src/main.c:763:18: warning: passing argument 1 of 'strtok' discards 'volatile' qualifier from pointer target type [-Wdiscarded-qualifiers]
  763 |   token = strtok(RxBuffer, "\r");
      |                  ^~~~~~~~
In file included from ../Core/Inc/main.h:37,
                 from ../Core/Src/main.c:20:
c:\st\stm32cubeide_1.10.1\stm32cubeide\plugins\com.st.stm32cube.ide.mcu.externaltools.gnu-tools-for-stm32.10.3-2021.10.win32_1.0.100.202210260954\tools\arm-none-eabi\include\string.h:50:16: note: expected 'char * restrict' but argument is of type 'volatile char *'
   50 | char  *strtok (char *__restrict, const char *__restrict);
      |                ^
../Core/Src/main.c: In function 'HAL_UART_RxCpltCallback':
../Core/Src/main.c:818:37: warning: passing argument 2 of 'enqueue' discards 'volatile' qualifier from pointer target type [-Wdiscarded-qualifiers]
  818 |             enqueue(&CommandBuffer, RxBuffer);
      |                                     ^~~~~~~~
In file included from ../Core/Inc/main.h:35,
                 from ../Core/Src/main.c:20:
../Core/Inc/circular_queue.h:20:53: note: expected 'const char *' but argument is of type 'volatile char *'
   20 | void enqueue(volatile CircularQueue* q, const char* item);
      |                                         ~~~~~~~~~~~~^~~~
arm-none-eabi-gcc -o "G_code_stepper_motor.elf" @"objects.list"   -mcpu=cortex-m4 -T"C:\Users\Ajith Pinninti\Documents\Neuranics_Lab)Pvt_Ltd_Office_word\Workspace\MORPHX_Firmware\G_code_stepper_motor\STM32F446RETX_FLASH.ld" --specs=nosys.specs -Wl,-Map="G_code_stepper_motor.map" -Wl,--gc-sections -static -u_printf_float --specs=nano.specs -mfpu=fpv4-sp-d16 -mfloat-abi=hard -mthumb -Wl,--start-group -lc -lm -Wl,--end-group
Finished building target: G_code_stepper_motor.elf
 
arm-none-eabi-size   G_code_stepper_motor.elf 
arm-none-eabi-objdump -h -S  G_code_stepper_motor.elf  > "G_code_stepper_motor.list"
   text	   data	    bss	    dec	    hex	filename
  45832	    588	   3556	  49976	   c338	G_code_stepper_motor.elf
Finished building: default.size.stdout
 
Finished building: G_code_stepper_motor.list
 
15:09:30 **** Incremental Build of configuration Debug for project G_code_stepper_motor ****
make -j12 all 
arm-none-eabi-gcc "../Core/Src/main.c" -mcpu=cortex-m4 -std=gnu11 -g3 -DDEBUG -DUSE_HAL_DRIVER -DSTM32F446xx -c -I../Core/Inc -I../Drivers/STM32F4xx_HAL_Driver/Inc -I../Drivers/STM32F4xx_HAL_Driver/Inc/Legacy -I../Drivers/CMSIS/Device/ST/STM32F4xx/Include -I../Drivers/CMSIS/Include -O0 -ffunction-sections -fdata-sections -Wall -fstack-usage -MMD -MP -MF"Core/Src/main.d" -MT"Core/Src/main.o" --specs=nano.specs -mfpu=fpv4-sp-d16 -mfloat-abi=hard -mthumb -o "Core/Src/main.o"
../Core/Src/main.c: In function 'HAL_UARTEx_RxEventCallback':
../Core/Src/main.c:742:28: warning: passing argument 1 of 'strstr' discards 'volatile' qualifier from pointer target type [-Wdiscarded-qualifiers]
  742 |   char* space_ptr = strstr(RxBuffer, "\r");
      |                            ^~~~~~~~
In file included from ../Core/Inc/main.h:37,
                 from ../Core/Src/main.c:20:
c:\st\stm32cubeide_1.10.1\stm32cubeide\plugins\com.st.stm32cube.ide.mcu.externaltools.gnu-tools-for-stm32.10.3-2021.10.win32_1.0.100.202210260954\tools\arm-none-eabi\include\string.h:48:16: note: expected 'const char *' but argument is of type 'volatile char *'
   48 | char  *strstr (const char *, const char *);
      |                ^~~~~~~~~~~~
In file included from ../Core/Src/main.c:25:
../Core/Src/main.c:748:19: warning: array subscript has type 'char' [-Wchar-subscripts]
  748 |    while (isspace(*space_ptr)) {
      |                   ^~~~~~~~~~
../Core/Src/main.c:763:18: warning: passing argument 1 of 'strtok' discards 'volatile' qualifier from pointer target type [-Wdiscarded-qualifiers]
  763 |   token = strtok(RxBuffer, "\r");
      |                  ^~~~~~~~
In file included from ../Core/Inc/main.h:37,
                 from ../Core/Src/main.c:20:
c:\st\stm32cubeide_1.10.1\stm32cubeide\plugins\com.st.stm32cube.ide.mcu.externaltools.gnu-tools-for-stm32.10.3-2021.10.win32_1.0.100.202210260954\tools\arm-none-eabi\include\string.h:50:16: note: expected 'char * restrict' but argument is of type 'volatile char *'
   50 | char  *strtok (char *__restrict, const char *__restrict);
      |                ^
../Core/Src/main.c: In function 'HAL_UART_RxCpltCallback':
../Core/Src/main.c:822:37: warning: passing argument 2 of 'enqueue' discards 'volatile' qualifier from pointer target type [-Wdiscarded-qualifiers]
  822 |             enqueue(&CommandBuffer, RxBuffer);
      |                                     ^~~~~~~~
In file included from ../Core/Inc/main.h:35,
                 from ../Core/Src/main.c:20:
../Core/Inc/circular_queue.h:20:53: note: expected 'const char *' but argument is of type 'volatile char *'
   20 | void enqueue(volatile CircularQueue* q, const char* item);
      |                                         ~~~~~~~~~~~~^~~~
arm-none-eabi-gcc -o "G_code_stepper_motor.elf" @"objects.list"   -mcpu=cortex-m4 -T"C:\Users\Ajith Pinninti\Documents\Neuranics_Lab)Pvt_Ltd_Office_word\Workspace\MORPHX_Firmware\G_code_stepper_motor\STM32F446RETX_FLASH.ld" --specs=nosys.specs -Wl,-Map="G_code_stepper_motor.map" -Wl,--gc-sections -static -u_printf_float --specs=nano.specs -mfpu=fpv4-sp-d16 -mfloat-abi=hard -mthumb -Wl,--start-group -lc -lm -Wl,--end-group
Finished building target: G_code_stepper_motor.elf
 
arm-none-eabi-size   G_code_stepper_motor.elf 
arm-none-eabi-objdump -h -S  G_code_stepper_motor.elf  > "G_code_stepper_motor.list"
   text	   data	    bss	    dec	    hex	filename
  45880	    588	   3556	  50024	   c368	G_code_stepper_motor.elf
Finished building: default.size.stdout
 
Finished building: G_code_stepper_motor.list
 
15:09:45 **** Incremental Build of configuration Debug for project G_code_stepper_motor ****
make -j12 all 
arm-none-eabi-gcc "../Core/Src/main.c" -mcpu=cortex-m4 -std=gnu11 -g3 -DDEBUG -DUSE_HAL_DRIVER -DSTM32F446xx -c -I../Core/Inc -I../Drivers/STM32F4xx_HAL_Driver/Inc -I../Drivers/STM32F4xx_HAL_Driver/Inc/Legacy -I../Drivers/CMSIS/Device/ST/STM32F4xx/Include -I../Drivers/CMSIS/Include -O0 -ffunction-sections -fdata-sections -Wall -fstack-usage -MMD -MP -MF"Core/Src/main.d" -MT"Core/Src/main.o" --specs=nano.specs -mfpu=fpv4-sp-d16 -mfloat-abi=hard -mthumb -o "Core/Src/main.o"
In file included from ../Core/Src/main.c:25:
../Core/Src/main.c: In function 'HAL_UARTEx_RxEventCallback':
../Core/Src/main.c:748:19: warning: array subscript has type 'char' [-Wchar-subscripts]
  748 |    while (isspace(*space_ptr)) {
      |                   ^~~~~~~~~~
../Core/Src/main.c:763:18: warning: passing argument 1 of 'strtok' discards 'volatile' qualifier from pointer target type [-Wdiscarded-qualifiers]
  763 |   token = strtok(RxBuffer, "\r");
      |                  ^~~~~~~~
In file included from ../Core/Inc/main.h:37,
                 from ../Core/Src/main.c:20:
c:\st\stm32cubeide_1.10.1\stm32cubeide\plugins\com.st.stm32cube.ide.mcu.externaltools.gnu-tools-for-stm32.10.3-2021.10.win32_1.0.100.202210260954\tools\arm-none-eabi\include\string.h:50:16: note: expected 'char * restrict' but argument is of type 'volatile char *'
   50 | char  *strtok (char *__restrict, const char *__restrict);
      |                ^
../Core/Src/main.c: In function 'HAL_UART_RxCpltCallback':
../Core/Src/main.c:822:37: warning: passing argument 2 of 'enqueue' discards 'volatile' qualifier from pointer target type [-Wdiscarded-qualifiers]
  822 |             enqueue(&CommandBuffer, RxBuffer);
      |                                     ^~~~~~~~
In file included from ../Core/Inc/main.h:35,
                 from ../Core/Src/main.c:20:
../Core/Inc/circular_queue.h:20:53: note: expected 'const char *' but argument is of type 'volatile char *'
   20 | void enqueue(volatile CircularQueue* q, const char* item);
      |                                         ~~~~~~~~~~~~^~~~
arm-none-eabi-gcc -o "G_code_stepper_motor.elf" @"objects.list"   -mcpu=cortex-m4 -T"C:\Users\Ajith Pinninti\Documents\Neuranics_Lab)Pvt_Ltd_Office_word\Workspace\MORPHX_Firmware\G_code_stepper_motor\STM32F446RETX_FLASH.ld" --specs=nosys.specs -Wl,-Map="G_code_stepper_motor.map" -Wl,--gc-sections -static -u_printf_float --specs=nano.specs -mfpu=fpv4-sp-d16 -mfloat-abi=hard -mthumb -Wl,--start-group -lc -lm -Wl,--end-group
Finished building target: G_code_stepper_motor.elf
 
arm-none-eabi-size   G_code_stepper_motor.elf 
arm-none-eabi-objdump -h -S  G_code_stepper_motor.elf  > "G_code_stepper_motor.list"
   text	   data	    bss	    dec	    hex	filename
  45880	    588	   3556	  50024	   c368	G_code_stepper_motor.elf
Finished building: default.size.stdout
 
Finished building: G_code_stepper_motor.list
 
15:09:55 **** Incremental Build of configuration Debug for project G_code_stepper_motor ****
make -j12 all 
arm-none-eabi-gcc "../Core/Src/main.c" -mcpu=cortex-m4 -std=gnu11 -g3 -DDEBUG -DUSE_HAL_DRIVER -DSTM32F446xx -c -I../Core/Inc -I../Drivers/STM32F4xx_HAL_Driver/Inc -I../Drivers/STM32F4xx_HAL_Driver/Inc/Legacy -I../Drivers/CMSIS/Device/ST/STM32F4xx/Include -I../Drivers/CMSIS/Include -O0 -ffunction-sections -fdata-sections -Wall -fstack-usage -MMD -MP -MF"Core/Src/main.d" -MT"Core/Src/main.o" --specs=nano.specs -mfpu=fpv4-sp-d16 -mfloat-abi=hard -mthumb -o "Core/Src/main.o"
In file included from ../Core/Src/main.c:25:
../Core/Src/main.c: In function 'HAL_UARTEx_RxEventCallback':
../Core/Src/main.c:748:19: warning: array subscript has type 'char' [-Wchar-subscripts]
  748 |    while (isspace(*space_ptr)) {
      |                   ^~~~~~~~~~
../Core/Src/main.c: In function 'HAL_UART_RxCpltCallback':
../Core/Src/main.c:822:37: warning: passing argument 2 of 'enqueue' discards 'volatile' qualifier from pointer target type [-Wdiscarded-qualifiers]
  822 |             enqueue(&CommandBuffer, RxBuffer);
      |                                     ^~~~~~~~
In file included from ../Core/Inc/main.h:35,
                 from ../Core/Src/main.c:20:
../Core/Inc/circular_queue.h:20:53: note: expected 'const char *' but argument is of type 'volatile char *'
   20 | void enqueue(volatile CircularQueue* q, const char* item);
      |                                         ~~~~~~~~~~~~^~~~
arm-none-eabi-gcc -o "G_code_stepper_motor.elf" @"objects.list"   -mcpu=cortex-m4 -T"C:\Users\Ajith Pinninti\Documents\Neuranics_Lab)Pvt_Ltd_Office_word\Workspace\MORPHX_Firmware\G_code_stepper_motor\STM32F446RETX_FLASH.ld" --specs=nosys.specs -Wl,-Map="G_code_stepper_motor.map" -Wl,--gc-sections -static -u_printf_float --specs=nano.specs -mfpu=fpv4-sp-d16 -mfloat-abi=hard -mthumb -Wl,--start-group -lc -lm -Wl,--end-group
Finished building target: G_code_stepper_motor.elf
 
arm-none-eabi-size   G_code_stepper_motor.elf 
arm-none-eabi-objdump -h -S  G_code_stepper_motor.elf  > "G_code_stepper_motor.list"
   text	   data	    bss	    dec	    hex	filename
  45880	    588	   3556	  50024	   c368	G_code_stepper_motor.elf
Finished building: default.size.stdout
 
Finished building: G_code_stepper_motor.list
 
15:10:07 **** Incremental Build of configuration Debug for project G_code_stepper_motor ****
make -j12 all 
arm-none-eabi-gcc "../Core/Src/main.c" -mcpu=cortex-m4 -std=gnu11 -g3 -DDEBUG -DUSE_HAL_DRIVER -DSTM32F446xx -c -I../Core/Inc -I../Drivers/STM32F4xx_HAL_Driver/Inc -I../Drivers/STM32F4xx_HAL_Driver/Inc/Legacy -I../Drivers/CMSIS/Device/ST/STM32F4xx/Include -I../Drivers/CMSIS/Include -O0 -ffunction-sections -fdata-sections -Wall -fstack-usage -MMD -MP -MF"Core/Src/main.d" -MT"Core/Src/main.o" --specs=nano.specs -mfpu=fpv4-sp-d16 -mfloat-abi=hard -mthumb -o "Core/Src/main.o"
In file included from ../Core/Src/main.c:25:
../Core/Src/main.c: In function 'HAL_UARTEx_RxEventCallback':
../Core/Src/main.c:748:19: warning: array subscript has type 'char' [-Wchar-subscripts]
  748 |    while (isspace(*space_ptr)) {
      |                   ^~~~~~~~~~
arm-none-eabi-gcc -o "G_code_stepper_motor.elf" @"objects.list"   -mcpu=cortex-m4 -T"C:\Users\Ajith Pinninti\Documents\Neuranics_Lab)Pvt_Ltd_Office_word\Workspace\MORPHX_Firmware\G_code_stepper_motor\STM32F446RETX_FLASH.ld" --specs=nosys.specs -Wl,-Map="G_code_stepper_motor.map" -Wl,--gc-sections -static -u_printf_float --specs=nano.specs -mfpu=fpv4-sp-d16 -mfloat-abi=hard -mthumb -Wl,--start-group -lc -lm -Wl,--end-group
Finished building target: G_code_stepper_motor.elf
 
arm-none-eabi-size   G_code_stepper_motor.elf 
arm-none-eabi-objdump -h -S  G_code_stepper_motor.elf  > "G_code_stepper_motor.list"
   text	   data	    bss	    dec	    hex	filename
  45880	    588	   3556	  50024	   c368	G_code_stepper_motor.elf
Finished building: default.size.stdout
 
Finished building: G_code_stepper_motor.list
 
15:10:23 **** Incremental Build of configuration Debug for project G_code_stepper_motor ****
make -j12 all 
arm-none-eabi-size   G_code_stepper_motor.elf 
   text	   data	    bss	    dec	    hex	filename
  45880	    588	   3556	  50024	   c368	G_code_stepper_motor.elf
Finished building: default.size.stdout
 
15:10:25 **** Incremental Build of configuration Debug for project G_code_stepper_motor ****
make -j12 all 
arm-none-eabi-size   G_code_stepper_motor.elf 
   text	   data	    bss	    dec	    hex	filename
  45880	    588	   3556	  50024	   c368	G_code_stepper_motor.elf
Finished building: default.size.stdout
 
15:19:20 **** Incremental Build of configuration Debug for project G_code_stepper_motor ****
make -j12 all 
arm-none-eabi-gcc "../Core/Src/GCode_helper.c" -mcpu=cortex-m4 -std=gnu11 -g3 -DDEBUG -DUSE_HAL_DRIVER -DSTM32F446xx -c -I../Core/Inc -I../Drivers/STM32F4xx_HAL_Driver/Inc -I../Drivers/STM32F4xx_HAL_Driver/Inc/Legacy -I../Drivers/CMSIS/Device/ST/STM32F4xx/Include -I../Drivers/CMSIS/Include -O0 -ffunction-sections -fdata-sections -Wall -fstack-usage -MMD -MP -MF"Core/Src/GCode_helper.d" -MT"Core/Src/GCode_helper.o" --specs=nano.specs -mfpu=fpv4-sp-d16 -mfloat-abi=hard -mthumb -o "Core/Src/GCode_helper.o"
arm-none-eabi-gcc -o "G_code_stepper_motor.elf" @"objects.list"   -mcpu=cortex-m4 -T"C:\Users\Ajith Pinninti\Documents\Neuranics_Lab)Pvt_Ltd_Office_word\Workspace\MORPHX_Firmware\G_code_stepper_motor\STM32F446RETX_FLASH.ld" --specs=nosys.specs -Wl,-Map="G_code_stepper_motor.map" -Wl,--gc-sections -static -u_printf_float --specs=nano.specs -mfpu=fpv4-sp-d16 -mfloat-abi=hard -mthumb -Wl,--start-group -lc -lm -Wl,--end-group
Finished building target: G_code_stepper_motor.elf
 
arm-none-eabi-size   G_code_stepper_motor.elf 
arm-none-eabi-objdump -h -S  G_code_stepper_motor.elf  > "G_code_stepper_motor.list"
   text	   data	    bss	    dec	    hex	filename
  45880	    592	   3552	  50024	   c368	G_code_stepper_motor.elf
Finished building: default.size.stdout
 
Finished building: G_code_stepper_motor.list
 
15:19:27 **** Incremental Build of configuration Debug for project G_code_stepper_motor ****
make -j12 all 
arm-none-eabi-size   G_code_stepper_motor.elf 
   text	   data	    bss	    dec	    hex	filename
  45880	    592	   3552	  50024	   c368	G_code_stepper_motor.elf
Finished building: default.size.stdout
 
15:36:04 **** Incremental Build of configuration Debug for project G_code_stepper_motor ****
make -j12 all 
arm-none-eabi-gcc "../Core/Src/GCode_helper.c" -mcpu=cortex-m4 -std=gnu11 -g3 -DDEBUG -DUSE_HAL_DRIVER -DSTM32F446xx -c -I../Core/Inc -I../Drivers/STM32F4xx_HAL_Driver/Inc -I../Drivers/STM32F4xx_HAL_Driver/Inc/Legacy -I../Drivers/CMSIS/Device/ST/STM32F4xx/Include -I../Drivers/CMSIS/Include -O0 -ffunction-sections -fdata-sections -Wall -fstack-usage -MMD -MP -MF"Core/Src/GCode_helper.d" -MT"Core/Src/GCode_helper.o" --specs=nano.specs -mfpu=fpv4-sp-d16 -mfloat-abi=hard -mthumb -o "Core/Src/GCode_helper.o"
arm-none-eabi-gcc -o "G_code_stepper_motor.elf" @"objects.list"   -mcpu=cortex-m4 -T"C:\Users\Ajith Pinninti\Documents\Neuranics_Lab)Pvt_Ltd_Office_word\Workspace\MORPHX_Firmware\G_code_stepper_motor\STM32F446RETX_FLASH.ld" --specs=nosys.specs -Wl,-Map="G_code_stepper_motor.map" -Wl,--gc-sections -static -u_printf_float --specs=nano.specs -mfpu=fpv4-sp-d16 -mfloat-abi=hard -mthumb -Wl,--start-group -lc -lm -Wl,--end-group
Finished building target: G_code_stepper_motor.elf
 
arm-none-eabi-size   G_code_stepper_motor.elf 
arm-none-eabi-objdump -h -S  G_code_stepper_motor.elf  > "G_code_stepper_motor.list"
   text	   data	    bss	    dec	    hex	filename
  45880	    592	   3552	  50024	   c368	G_code_stepper_motor.elf
Finished building: default.size.stdout
 
Finished building: G_code_stepper_motor.list
 
15:42:35 **** Incremental Build of configuration Debug for project G_code_stepper_motor ****
make -j12 all 
arm-none-eabi-gcc "../Core/Src/main.c" -mcpu=cortex-m4 -std=gnu11 -g3 -DDEBUG -DUSE_HAL_DRIVER -DSTM32F446xx -c -I../Core/Inc -I../Drivers/STM32F4xx_HAL_Driver/Inc -I../Drivers/STM32F4xx_HAL_Driver/Inc/Legacy -I../Drivers/CMSIS/Device/ST/STM32F4xx/Include -I../Drivers/CMSIS/Include -O0 -ffunction-sections -fdata-sections -Wall -fstack-usage -MMD -MP -MF"Core/Src/main.d" -MT"Core/Src/main.o" --specs=nano.specs -mfpu=fpv4-sp-d16 -mfloat-abi=hard -mthumb -o "Core/Src/main.o"
In file included from ../Core/Src/main.c:25:
../Core/Src/main.c: In function 'HAL_UARTEx_RxEventCallback':
../Core/Src/main.c:748:19: warning: array subscript has type 'char' [-Wchar-subscripts]
  748 |    while (isspace(*space_ptr)) {
      |                   ^~~~~~~~~~
arm-none-eabi-gcc -o "G_code_stepper_motor.elf" @"objects.list"   -mcpu=cortex-m4 -T"C:\Users\Ajith Pinninti\Documents\Neuranics_Lab)Pvt_Ltd_Office_word\Workspace\MORPHX_Firmware\G_code_stepper_motor\STM32F446RETX_FLASH.ld" --specs=nosys.specs -Wl,-Map="G_code_stepper_motor.map" -Wl,--gc-sections -static -u_printf_float --specs=nano.specs -mfpu=fpv4-sp-d16 -mfloat-abi=hard -mthumb -Wl,--start-group -lc -lm -Wl,--end-group
Finished building target: G_code_stepper_motor.elf
 
arm-none-eabi-size   G_code_stepper_motor.elf 
arm-none-eabi-objdump -h -S  G_code_stepper_motor.elf  > "G_code_stepper_motor.list"
   text	   data	    bss	    dec	    hex	filename
  45880	    592	   3552	  50024	   c368	G_code_stepper_motor.elf
Finished building: default.size.stdout
 
Finished building: G_code_stepper_motor.list
 
15:43:13 **** Incremental Build of configuration Debug for project G_code_stepper_motor ****
make -j12 all 
arm-none-eabi-size   G_code_stepper_motor.elf 
   text	   data	    bss	    dec	    hex	filename
  45880	    592	   3552	  50024	   c368	G_code_stepper_motor.elf
Finished building: default.size.stdout
 
15:56:45 **** Incremental Build of configuration Debug for project G_code_stepper_motor ****
make -j12 all 
arm-none-eabi-gcc "../Core/Src/GCode_helper.c" -mcpu=cortex-m4 -std=gnu11 -g3 -DDEBUG -DUSE_HAL_DRIVER -DSTM32F446xx -c -I../Core/Inc -I../Drivers/STM32F4xx_HAL_Driver/Inc -I../Drivers/STM32F4xx_HAL_Driver/Inc/Legacy -I../Drivers/CMSIS/Device/ST/STM32F4xx/Include -I../Drivers/CMSIS/Include -O0 -ffunction-sections -fdata-sections -Wall -fstack-usage -MMD -MP -MF"Core/Src/GCode_helper.d" -MT"Core/Src/GCode_helper.o" --specs=nano.specs -mfpu=fpv4-sp-d16 -mfloat-abi=hard -mthumb -o "Core/Src/GCode_helper.o"
arm-none-eabi-gcc "../Core/Src/main.c" -mcpu=cortex-m4 -std=gnu11 -g3 -DDEBUG -DUSE_HAL_DRIVER -DSTM32F446xx -c -I../Core/Inc -I../Drivers/STM32F4xx_HAL_Driver/Inc -I../Drivers/STM32F4xx_HAL_Driver/Inc/Legacy -I../Drivers/CMSIS/Device/ST/STM32F4xx/Include -I../Drivers/CMSIS/Include -O0 -ffunction-sections -fdata-sections -Wall -fstack-usage -MMD -MP -MF"Core/Src/main.d" -MT"Core/Src/main.o" --specs=nano.specs -mfpu=fpv4-sp-d16 -mfloat-abi=hard -mthumb -o "Core/Src/main.o"
../Core/Src/GCode_helper.c:21:5: error: conflicting types for 'is_instant_command'
   21 | int is_instant_command(char *tokens[]){
      |     ^~~~~~~~~~~~~~~~~~
In file included from ../Core/Src/GCode_helper.c:8:
../Core/Inc/GCode_helper.h:95:5: note: previous declaration of 'is_instant_command' was here
   95 | int is_instant_command(char* command);
      |     ^~~~~~~~~~~~~~~~~~
In file included from ../Core/Src/main.c:25:
../Core/Src/main.c: In function 'HAL_UARTEx_RxEventCallback':
../Core/Src/main.c:748:19: warning: array subscript has type 'char' [-Wchar-subscripts]
  748 |    while (isspace(*space_ptr)) {
      |                   ^~~~~~~~~~
make: *** [Core/Src/subdir.mk:49: Core/Src/GCode_helper.o] Error 1
make: *** Waiting for unfinished jobs....
"make -j12 all" terminated with exit code 2. Build might be incomplete.
15:57:05 **** Incremental Build of configuration Debug for project G_code_stepper_motor ****
make -j12 all 
arm-none-eabi-gcc "../Core/Src/GCode_helper.c" -mcpu=cortex-m4 -std=gnu11 -g3 -DDEBUG -DUSE_HAL_DRIVER -DSTM32F446xx -c -I../Core/Inc -I../Drivers/STM32F4xx_HAL_Driver/Inc -I../Drivers/STM32F4xx_HAL_Driver/Inc/Legacy -I../Drivers/CMSIS/Device/ST/STM32F4xx/Include -I../Drivers/CMSIS/Include -O0 -ffunction-sections -fdata-sections -Wall -fstack-usage -MMD -MP -MF"Core/Src/GCode_helper.d" -MT"Core/Src/GCode_helper.o" --specs=nano.specs -mfpu=fpv4-sp-d16 -mfloat-abi=hard -mthumb -o "Core/Src/GCode_helper.o"
arm-none-eabi-gcc "../Core/Src/LedDriver.c" -mcpu=cortex-m4 -std=gnu11 -g3 -DDEBUG -DUSE_HAL_DRIVER -DSTM32F446xx -c -I../Core/Inc -I../Drivers/STM32F4xx_HAL_Driver/Inc -I../Drivers/STM32F4xx_HAL_Driver/Inc/Legacy -I../Drivers/CMSIS/Device/ST/STM32F4xx/Include -I../Drivers/CMSIS/Include -O0 -ffunction-sections -fdata-sections -Wall -fstack-usage -MMD -MP -MF"Core/Src/LedDriver.d" -MT"Core/Src/LedDriver.o" --specs=nano.specs -mfpu=fpv4-sp-d16 -mfloat-abi=hard -mthumb -o "Core/Src/LedDriver.o"
arm-none-eabi-gcc "../Core/Src/UART_helper.c" -mcpu=cortex-m4 -std=gnu11 -g3 -DDEBUG -DUSE_HAL_DRIVER -DSTM32F446xx -c -I../Core/Inc -I../Drivers/STM32F4xx_HAL_Driver/Inc -I../Drivers/STM32F4xx_HAL_Driver/Inc/Legacy -I../Drivers/CMSIS/Device/ST/STM32F4xx/Include -I../Drivers/CMSIS/Include -O0 -ffunction-sections -fdata-sections -Wall -fstack-usage -MMD -MP -MF"Core/Src/UART_helper.d" -MT"Core/Src/UART_helper.o" --specs=nano.specs -mfpu=fpv4-sp-d16 -mfloat-abi=hard -mthumb -o "Core/Src/UART_helper.o"
arm-none-eabi-gcc "../Core/Src/main.c" -mcpu=cortex-m4 -std=gnu11 -g3 -DDEBUG -DUSE_HAL_DRIVER -DSTM32F446xx -c -I../Core/Inc -I../Drivers/STM32F4xx_HAL_Driver/Inc -I../Drivers/STM32F4xx_HAL_Driver/Inc/Legacy -I../Drivers/CMSIS/Device/ST/STM32F4xx/Include -I../Drivers/CMSIS/Include -O0 -ffunction-sections -fdata-sections -Wall -fstack-usage -MMD -MP -MF"Core/Src/main.d" -MT"Core/Src/main.o" --specs=nano.specs -mfpu=fpv4-sp-d16 -mfloat-abi=hard -mthumb -o "Core/Src/main.o"
arm-none-eabi-gcc "../Core/Src/stepper.c" -mcpu=cortex-m4 -std=gnu11 -g3 -DDEBUG -DUSE_HAL_DRIVER -DSTM32F446xx -c -I../Core/Inc -I../Drivers/STM32F4xx_HAL_Driver/Inc -I../Drivers/STM32F4xx_HAL_Driver/Inc/Legacy -I../Drivers/CMSIS/Device/ST/STM32F4xx/Include -I../Drivers/CMSIS/Include -O0 -ffunction-sections -fdata-sections -Wall -fstack-usage -MMD -MP -MF"Core/Src/stepper.d" -MT"Core/Src/stepper.o" --specs=nano.specs -mfpu=fpv4-sp-d16 -mfloat-abi=hard -mthumb -o "Core/Src/stepper.o"
arm-none-eabi-gcc "../Core/Src/stm32f4xx_hal_msp.c" -mcpu=cortex-m4 -std=gnu11 -g3 -DDEBUG -DUSE_HAL_DRIVER -DSTM32F446xx -c -I../Core/Inc -I../Drivers/STM32F4xx_HAL_Driver/Inc -I../Drivers/STM32F4xx_HAL_Driver/Inc/Legacy -I../Drivers/CMSIS/Device/ST/STM32F4xx/Include -I../Drivers/CMSIS/Include -O0 -ffunction-sections -fdata-sections -Wall -fstack-usage -MMD -MP -MF"Core/Src/stm32f4xx_hal_msp.d" -MT"Core/Src/stm32f4xx_hal_msp.o" --specs=nano.specs -mfpu=fpv4-sp-d16 -mfloat-abi=hard -mthumb -o "Core/Src/stm32f4xx_hal_msp.o"
arm-none-eabi-gcc "../Core/Src/stm32f4xx_it.c" -mcpu=cortex-m4 -std=gnu11 -g3 -DDEBUG -DUSE_HAL_DRIVER -DSTM32F446xx -c -I../Core/Inc -I../Drivers/STM32F4xx_HAL_Driver/Inc -I../Drivers/STM32F4xx_HAL_Driver/Inc/Legacy -I../Drivers/CMSIS/Device/ST/STM32F4xx/Include -I../Drivers/CMSIS/Include -O0 -ffunction-sections -fdata-sections -Wall -fstack-usage -MMD -MP -MF"Core/Src/stm32f4xx_it.d" -MT"Core/Src/stm32f4xx_it.o" --specs=nano.specs -mfpu=fpv4-sp-d16 -mfloat-abi=hard -mthumb -o "Core/Src/stm32f4xx_it.o"
In file included from ../Core/Src/main.c:25:
../Core/Src/main.c: In function 'HAL_UARTEx_RxEventCallback':
../Core/Src/main.c:748:19: warning: array subscript has type 'char' [-Wchar-subscripts]
  748 |    while (isspace(*space_ptr)) {
      |                   ^~~~~~~~~~
arm-none-eabi-gcc -o "G_code_stepper_motor.elf" @"objects.list"   -mcpu=cortex-m4 -T"C:\Users\Ajith Pinninti\Documents\Neuranics_Lab)Pvt_Ltd_Office_word\Workspace\MORPHX_Firmware\G_code_stepper_motor\STM32F446RETX_FLASH.ld" --specs=nosys.specs -Wl,-Map="G_code_stepper_motor.map" -Wl,--gc-sections -static -u_printf_float --specs=nano.specs -mfpu=fpv4-sp-d16 -mfloat-abi=hard -mthumb -Wl,--start-group -lc -lm -Wl,--end-group
Finished building target: G_code_stepper_motor.elf
 
arm-none-eabi-size   G_code_stepper_motor.elf 
arm-none-eabi-objdump -h -S  G_code_stepper_motor.elf  > "G_code_stepper_motor.list"
   text	   data	    bss	    dec	    hex	filename
  45768	    600	   3552	  49920	   c300	G_code_stepper_motor.elf
Finished building: default.size.stdout
 
Finished building: G_code_stepper_motor.list
 
15:59:58 **** Incremental Build of configuration Debug for project G_code_stepper_motor ****
make -j12 all 
arm-none-eabi-gcc "../Core/Src/GCode_helper.c" -mcpu=cortex-m4 -std=gnu11 -g3 -DDEBUG -DUSE_HAL_DRIVER -DSTM32F446xx -c -I../Core/Inc -I../Drivers/STM32F4xx_HAL_Driver/Inc -I../Drivers/STM32F4xx_HAL_Driver/Inc/Legacy -I../Drivers/CMSIS/Device/ST/STM32F4xx/Include -I../Drivers/CMSIS/Include -O0 -ffunction-sections -fdata-sections -Wall -fstack-usage -MMD -MP -MF"Core/Src/GCode_helper.d" -MT"Core/Src/GCode_helper.o" --specs=nano.specs -mfpu=fpv4-sp-d16 -mfloat-abi=hard -mthumb -o "Core/Src/GCode_helper.o"
arm-none-eabi-gcc -o "G_code_stepper_motor.elf" @"objects.list"   -mcpu=cortex-m4 -T"C:\Users\Ajith Pinninti\Documents\Neuranics_Lab)Pvt_Ltd_Office_word\Workspace\MORPHX_Firmware\G_code_stepper_motor\STM32F446RETX_FLASH.ld" --specs=nosys.specs -Wl,-Map="G_code_stepper_motor.map" -Wl,--gc-sections -static -u_printf_float --specs=nano.specs -mfpu=fpv4-sp-d16 -mfloat-abi=hard -mthumb -Wl,--start-group -lc -lm -Wl,--end-group
Finished building target: G_code_stepper_motor.elf
 
arm-none-eabi-size   G_code_stepper_motor.elf 
arm-none-eabi-objdump -h -S  G_code_stepper_motor.elf  > "G_code_stepper_motor.list"
   text	   data	    bss	    dec	    hex	filename
  45776	    600	   3552	  49928	   c308	G_code_stepper_motor.elf
Finished building: default.size.stdout
 
Finished building: G_code_stepper_motor.list
 
16:00:01 **** Incremental Build of configuration Debug for project G_code_stepper_motor ****
make -j12 all 
arm-none-eabi-size   G_code_stepper_motor.elf 
   text	   data	    bss	    dec	    hex	filename
  45776	    600	   3552	  49928	   c308	G_code_stepper_motor.elf
Finished building: default.size.stdout
 
16:12:24 **** Incremental Build of configuration Debug for project G_code_stepper_motor ****
make -j12 all 
arm-none-eabi-gcc "../Core/Src/main.c" -mcpu=cortex-m4 -std=gnu11 -g3 -DDEBUG -DUSE_HAL_DRIVER -DSTM32F446xx -c -I../Core/Inc -I../Drivers/STM32F4xx_HAL_Driver/Inc -I../Drivers/STM32F4xx_HAL_Driver/Inc/Legacy -I../Drivers/CMSIS/Device/ST/STM32F4xx/Include -I../Drivers/CMSIS/Include -O0 -ffunction-sections -fdata-sections -Wall -fstack-usage -MMD -MP -MF"Core/Src/main.d" -MT"Core/Src/main.o" --specs=nano.specs -mfpu=fpv4-sp-d16 -mfloat-abi=hard -mthumb -o "Core/Src/main.o"
In file included from ../Core/Src/main.c:25:
../Core/Src/main.c: In function 'HAL_UARTEx_RxEventCallback':
../Core/Src/main.c:748:19: warning: array subscript has type 'char' [-Wchar-subscripts]
  748 |    while (isspace(*space_ptr)) {
      |                   ^~~~~~~~~~
arm-none-eabi-gcc -o "G_code_stepper_motor.elf" @"objects.list"   -mcpu=cortex-m4 -T"C:\Users\Ajith Pinninti\Documents\Neuranics_Lab)Pvt_Ltd_Office_word\Workspace\MORPHX_Firmware\G_code_stepper_motor\STM32F446RETX_FLASH.ld" --specs=nosys.specs -Wl,-Map="G_code_stepper_motor.map" -Wl,--gc-sections -static -u_printf_float --specs=nano.specs -mfpu=fpv4-sp-d16 -mfloat-abi=hard -mthumb -Wl,--start-group -lc -lm -Wl,--end-group
Finished building target: G_code_stepper_motor.elf
 
arm-none-eabi-size   G_code_stepper_motor.elf 
arm-none-eabi-objdump -h -S  G_code_stepper_motor.elf  > "G_code_stepper_motor.list"
   text	   data	    bss	    dec	    hex	filename
  45776	    600	   3552	  49928	   c308	G_code_stepper_motor.elf
Finished building: default.size.stdout
 
Finished building: G_code_stepper_motor.list
 
16:12:30 **** Incremental Build of configuration Debug for project G_code_stepper_motor ****
make -j12 all 
arm-none-eabi-size   G_code_stepper_motor.elf 
   text	   data	    bss	    dec	    hex	filename
  45776	    600	   3552	  49928	   c308	G_code_stepper_motor.elf
Finished building: default.size.stdout
 
